2019-04-23 00:14:59.977 user:  INFO 6368 --- [scheduling-1] o.p.b.j.ExternalCalendarSubscriptionJob  : External calendar subscriptions job started.
2019-04-23 00:14:59.983 user:  INFO 6368 --- [scheduling-1] b.t.e.TeamEventExternalSubscriptionCache : Start updating TeamEventExternalSubscriptionCache.
2019-04-23 00:14:59.987 user:  INFO 6368 --- [scheduling-1] o.p.b.j.ExternalCalendarSubscriptionJob  : External calendar subscriptions job finished.
2019-04-23 00:29:59.978 user:  INFO 6368 --- [scheduling-1] o.p.b.j.ExternalCalendarSubscriptionJob  : External calendar subscriptions job started.
2019-04-23 00:29:59.980 user:  INFO 6368 --- [scheduling-1] b.t.e.TeamEventExternalSubscriptionCache : Start updating TeamEventExternalSubscriptionCache.
2019-04-23 00:29:59.984 user:  INFO 6368 --- [scheduling-1] o.p.b.j.ExternalCalendarSubscriptionJob  : External calendar subscriptions job finished.
2019-04-23 00:44:59.971 user:  INFO 6368 --- [scheduling-1] o.p.b.j.ExternalCalendarSubscriptionJob  : External calendar subscriptions job started.
2019-04-23 00:44:59.972 user:  INFO 6368 --- [scheduling-1] b.t.e.TeamEventExternalSubscriptionCache : Start updating TeamEventExternalSubscriptionCache.
2019-04-23 00:44:59.979 user:  INFO 6368 --- [scheduling-1] o.p.b.j.ExternalCalendarSubscriptionJob  : External calendar subscriptions job finished.
2019-04-23 00:59:59.880 user:  INFO 6368 --- [scheduling-1] o.p.business.jobs.CronHourlyJob          : Hourly job started.
2019-04-23 00:59:59.881 user:  INFO 6368 --- [scheduling-1] o.p.business.jobs.CronHourlyJob          : Starting (re-)indexing of history entries of the last 24 hours.
2019-04-23 00:59:59.889 user:  INFO 6368 --- [scheduling-1] o.p.f.persistence.database.DatabaseDao   : Starting re-indexing of 41 entries (total number) of type org.projectforge.framework.persistence.history.entities.PfHistoryMasterDO with scrollMode=false...
2019-04-23 00:59:59.896 user:  INFO 6368 --- [scheduling-1] o.p.f.persistence.database.DatabaseDao   : Re-indexing of 0 objects of type org.projectforge.framework.persistence.history.entities.PfHistoryMasterDO done.
2019-04-23 00:59:59.897 user:  INFO 6368 --- [scheduling-1] o.p.business.jobs.CronHourlyJob          : Hourly job job finished.
2019-04-23 00:59:59.974 user:  INFO 6368 --- [scheduling-1] o.p.b.j.ExternalCalendarSubscriptionJob  : External calendar subscriptions job started.
2019-04-23 00:59:59.974 user:  INFO 6368 --- [scheduling-1] b.t.e.TeamEventExternalSubscriptionCache : Start updating TeamEventExternalSubscriptionCache.
2019-04-23 00:59:59.978 user:  INFO 6368 --- [scheduling-1] o.p.b.j.ExternalCalendarSubscriptionJob  : External calendar subscriptions job finished.
2019-04-23 01:14:59.972 user:  INFO 6368 --- [scheduling-1] o.p.b.j.ExternalCalendarSubscriptionJob  : External calendar subscriptions job started.
2019-04-23 01:14:59.973 user:  INFO 6368 --- [scheduling-1] b.t.e.TeamEventExternalSubscriptionCache : Start updating TeamEventExternalSubscriptionCache.
2019-04-23 01:14:59.978 user:  INFO 6368 --- [scheduling-1] o.p.b.j.ExternalCalendarSubscriptionJob  : External calendar subscriptions job finished.
2019-04-23 01:29:59.972 user:  INFO 6368 --- [scheduling-1] o.p.b.j.ExternalCalendarSubscriptionJob  : External calendar subscriptions job started.
2019-04-23 01:29:59.973 user:  INFO 6368 --- [scheduling-1] b.t.e.TeamEventExternalSubscriptionCache : Start updating TeamEventExternalSubscriptionCache.
2019-04-23 01:29:59.976 user:  INFO 6368 --- [scheduling-1] o.p.b.j.ExternalCalendarSubscriptionJob  : External calendar subscriptions job finished.
2019-04-23 01:44:59.973 user:  INFO 6368 --- [scheduling-1] o.p.b.j.ExternalCalendarSubscriptionJob  : External calendar subscriptions job started.
2019-04-23 01:44:59.974 user:  INFO 6368 --- [scheduling-1] b.t.e.TeamEventExternalSubscriptionCache : Start updating TeamEventExternalSubscriptionCache.
2019-04-23 01:44:59.980 user:  INFO 6368 --- [scheduling-1] o.p.b.j.ExternalCalendarSubscriptionJob  : External calendar subscriptions job finished.
2019-04-23 01:59:59.875 user:  INFO 6368 --- [scheduling-1] o.p.business.jobs.CronHourlyJob          : Hourly job started.
2019-04-23 01:59:59.876 user:  INFO 6368 --- [scheduling-1] o.p.business.jobs.CronHourlyJob          : Starting (re-)indexing of history entries of the last 24 hours.
2019-04-23 01:59:59.881 user:  INFO 6368 --- [scheduling-1] o.p.f.persistence.database.DatabaseDao   : Starting re-indexing of 41 entries (total number) of type org.projectforge.framework.persistence.history.entities.PfHistoryMasterDO with scrollMode=false...
2019-04-23 01:59:59.885 user:  INFO 6368 --- [scheduling-1] o.p.f.persistence.database.DatabaseDao   : Re-indexing of 0 objects of type org.projectforge.framework.persistence.history.entities.PfHistoryMasterDO done.
2019-04-23 01:59:59.886 user:  INFO 6368 --- [scheduling-1] o.p.business.jobs.CronHourlyJob          : Hourly job job finished.
2019-04-23 01:59:59.971 user:  INFO 6368 --- [scheduling-1] o.p.b.j.ExternalCalendarSubscriptionJob  : External calendar subscriptions job started.
2019-04-23 01:59:59.972 user:  INFO 6368 --- [scheduling-1] b.t.e.TeamEventExternalSubscriptionCache : Start updating TeamEventExternalSubscriptionCache.
2019-04-23 01:59:59.975 user:  INFO 6368 --- [scheduling-1] o.p.b.j.ExternalCalendarSubscriptionJob  : External calendar subscriptions job finished.
2019-04-23 02:14:59.971 user:  INFO 6368 --- [scheduling-1] o.p.b.j.ExternalCalendarSubscriptionJob  : External calendar subscriptions job started.
2019-04-23 02:14:59.972 user:  INFO 6368 --- [scheduling-1] b.t.e.TeamEventExternalSubscriptionCache : Start updating TeamEventExternalSubscriptionCache.
2019-04-23 02:14:59.978 user:  INFO 6368 --- [scheduling-1] o.p.b.j.ExternalCalendarSubscriptionJob  : External calendar subscriptions job finished.
2019-04-23 02:29:56.954 user:  INFO 6368 --- [scheduling-1] o.p.business.jobs.CronNightlyJob         : Nightly job started.
2019-04-23 02:29:56.956 user:  INFO 6368 --- [scheduling-1] o.p.f.p.h.HibernateSearchReindexer       : Re-index job started.
2019-04-23 02:29:56.963 user:  INFO 6368 --- [scheduling-1] o.p.f.persistence.database.DatabaseDao   : Starting re-indexing of 0 entries (total number) of type org.projectforge.plugins.skillmatrix.TrainingAttendeeDO with scrollMode=false...
2019-04-23 02:29:56.965 user:  INFO 6368 --- [scheduling-1] o.p.f.persistence.database.DatabaseDao   : Re-indexing of 0 objects of type org.projectforge.plugins.skillmatrix.TrainingAttendeeDO done.
2019-04-23 02:29:56.968 user:  INFO 6368 --- [scheduling-1] o.p.f.persistence.database.DatabaseDao   : Starting (mass) re-indexing of 21 entries of type org.projectforge.business.timesheet.TimesheetDO...
2019-04-23 02:29:56.989 user:  INFO 6368 --- [Hibernate Search: identifierloader-1] o.h.s.b.i.SimpleIndexingProgressMonitor  : HSEARCH000027: Going to reindex 21 entities
2019-04-23 02:29:57.006 user:  INFO 6368 --- [Hibernate Search: entityloader-2] org.projectforge.business.task.TaskTree  : Initializing task tree ...
2019-04-23 02:29:57.043 user:  INFO 6368 --- [Hibernate Search: entityloader-2] org.projectforge.business.task.TaskTree  : Initializing task tree done.
2019-04-23 02:29:57.121 user:  INFO 6368 --- [scheduling-1] o.h.s.b.i.SimpleIndexingProgressMonitor  : HSEARCH000028: Reindexed 21 entities
2019-04-23 02:29:57.124 user:  INFO 6368 --- [scheduling-1] o.p.f.persistence.database.DatabaseDao   : Re-indexing of 21 objects of type org.projectforge.business.timesheet.TimesheetDO done.
2019-04-23 02:29:57.128 user:  INFO 6368 --- [scheduling-1] o.p.f.persistence.database.DatabaseDao   : Starting re-indexing of 5 entries (total number) of type org.projectforge.business.fibu.AuftragsPositionDO with scrollMode=false...
2019-04-23 02:29:57.160 user:  INFO 6368 --- [scheduling-1] o.p.f.persistence.database.DatabaseDao   : Re-indexing of 25 objects of type org.projectforge.business.fibu.AuftragsPositionDO done.
2019-04-23 02:29:57.193 user:  INFO 6368 --- [scheduling-1] o.p.f.persistence.database.DatabaseDao   : Starting re-indexing of 7 entries (total number) of type org.projectforge.business.teamcal.event.model.TeamEventDO with scrollMode=false...
2019-04-23 02:29:57.230 user:  INFO 6368 --- [scheduling-1] o.p.f.persistence.database.DatabaseDao   : Re-indexing of 7 objects of type org.projectforge.business.teamcal.event.model.TeamEventDO done.
2019-04-23 02:29:57.236 user:  WARN 6368 --- [scheduling-1] b.t.a.m.HibernateSearchUsersGroupsBridge : Group with id '1' not found in UserGroupCache. groupIds string was: 1,2
2019-04-23 02:29:57.238 user:  WARN 6368 --- [scheduling-1] b.t.a.m.HibernateSearchUsersGroupsBridge : Group with id '2' not found in UserGroupCache. groupIds string was: 1,2
2019-04-23 02:29:57.239 user:  WARN 6368 --- [scheduling-1] b.t.a.m.HibernateSearchUsersGroupsBridge : Group with id '1' not found in UserGroupCache. groupIds string was: 1,2
2019-04-23 02:29:57.239 user:  WARN 6368 --- [scheduling-1] b.t.a.m.HibernateSearchUsersGroupsBridge : Group with id '2' not found in UserGroupCache. groupIds string was: 1,2
2019-04-23 02:29:57.243 user:  WARN 6368 --- [scheduling-1] b.t.a.m.HibernateSearchUsersGroupsBridge : Group with id '2' not found in UserGroupCache. groupIds string was: 2
2019-04-23 02:29:57.244 user:  WARN 6368 --- [scheduling-1] b.t.a.m.HibernateSearchUsersGroupsBridge : Group with id '1' not found in UserGroupCache. groupIds string was: 1,2
2019-04-23 02:29:57.245 user:  WARN 6368 --- [scheduling-1] b.t.a.m.HibernateSearchUsersGroupsBridge : Group with id '2' not found in UserGroupCache. groupIds string was: 1,2
2019-04-23 02:29:57.246 user:  WARN 6368 --- [scheduling-1] b.t.a.m.HibernateSearchUsersGroupsBridge : Group with id '2' not found in UserGroupCache. groupIds string was: 2
2019-04-23 02:29:57.247 user:  WARN 6368 --- [scheduling-1] b.t.a.m.HibernateSearchUsersGroupsBridge : Group with id '2' not found in UserGroupCache. groupIds string was: 2,1
2019-04-23 02:29:57.247 user:  WARN 6368 --- [scheduling-1] b.t.a.m.HibernateSearchUsersGroupsBridge : Group with id '1' not found in UserGroupCache. groupIds string was: 2,1
2019-04-23 02:29:57.248 user:  WARN 6368 --- [scheduling-1] b.t.a.m.HibernateSearchUsersGroupsBridge : Group with id '2' not found in UserGroupCache. groupIds string was: 2
2019-04-23 02:29:57.285 user:  INFO 6368 --- [scheduling-1] o.p.f.persistence.database.DatabaseDao   : Starting re-indexing of 2 entries (total number) of type org.projectforge.business.fibu.EingangsrechnungsPositionDO with scrollMode=false...
2019-04-23 02:29:57.300 user:  INFO 6368 --- [scheduling-1] o.p.f.persistence.database.DatabaseDao   : Re-indexing of 2 objects of type org.projectforge.business.fibu.EingangsrechnungsPositionDO done.
2019-04-23 02:29:57.328 user:  INFO 6368 --- [scheduling-1] o.p.f.persistence.database.DatabaseDao   : Starting re-indexing of 0 entries (total number) of type org.projectforge.plugins.memo.MemoDO with scrollMode=false...
2019-04-23 02:29:57.329 user:  INFO 6368 --- [scheduling-1] o.p.f.persistence.database.DatabaseDao   : Re-indexing of 0 objects of type org.projectforge.plugins.memo.MemoDO done.
2019-04-23 02:29:57.331 user:  INFO 6368 --- [scheduling-1] o.p.f.persistence.database.DatabaseDao   : Starting re-indexing of 0 entries (total number) of type org.projectforge.business.fibu.EmployeeSalaryDO with scrollMode=false...
2019-04-23 02:29:57.332 user:  INFO 6368 --- [scheduling-1] o.p.f.persistence.database.DatabaseDao   : Re-indexing of 0 objects of type org.projectforge.business.fibu.EmployeeSalaryDO done.
2019-04-23 02:29:57.335 user:  INFO 6368 --- [scheduling-1] o.p.f.persistence.database.DatabaseDao   : Starting re-indexing of 20 entries (total number) of type org.projectforge.framework.configuration.entities.ConfigurationDO with scrollMode=false...
2019-04-23 02:29:57.345 user:  INFO 6368 --- [scheduling-1] o.p.f.persistence.database.DatabaseDao   : Re-indexing of 20 objects of type org.projectforge.framework.configuration.entities.ConfigurationDO done.
2019-04-23 02:29:57.380 user:  INFO 6368 --- [scheduling-1] o.p.f.persistence.database.DatabaseDao   : Starting re-indexing of 0 entries (total number) of type org.projectforge.plugins.skillmatrix.TrainingDO with scrollMode=false...
2019-04-23 02:29:57.381 user:  INFO 6368 --- [scheduling-1] o.p.f.persistence.database.DatabaseDao   : Re-indexing of 0 objects of type org.projectforge.plugins.skillmatrix.TrainingDO done.
2019-04-23 02:29:57.384 user:  INFO 6368 --- [scheduling-1] o.p.f.persistence.database.DatabaseDao   : Starting re-indexing of 60 entries (total number) of type org.projectforge.framework.access.AccessEntryDO with scrollMode=false...
2019-04-23 02:29:57.393 user:  INFO 6368 --- [scheduling-1] o.p.f.persistence.database.DatabaseDao   : Re-indexing of 60 objects of type org.projectforge.framework.access.AccessEntryDO done.
2019-04-23 02:29:57.416 user:  INFO 6368 --- [scheduling-1] o.p.f.persistence.database.DatabaseDao   : Starting re-indexing of 0 entries (total number) of type org.projectforge.business.humanresources.HRPlanningDO with scrollMode=false...
2019-04-23 02:29:57.419 user:  INFO 6368 --- [scheduling-1] o.p.f.persistence.database.DatabaseDao   : Re-indexing of 0 objects of type org.projectforge.business.humanresources.HRPlanningDO done.
2019-04-23 02:29:57.421 user:  INFO 6368 --- [scheduling-1] o.p.f.persistence.database.DatabaseDao   : Starting re-indexing of 10 entries (total number) of type org.projectforge.business.fibu.kost.Kost2DO with scrollMode=false...
2019-04-23 02:29:57.446 user:  INFO 6368 --- [scheduling-1] o.p.f.persistence.database.DatabaseDao   : Re-indexing of 10 objects of type org.projectforge.business.fibu.kost.Kost2DO done.
2019-04-23 02:29:57.513 user:  INFO 6368 --- [scheduling-1] o.p.f.persistence.database.DatabaseDao   : Starting re-indexing of 2 entries (total number) of type org.projectforge.business.fibu.ProjektDO with scrollMode=false...
2019-04-23 02:29:57.555 user:  INFO 6368 --- [scheduling-1] o.p.f.persistence.database.DatabaseDao   : Re-indexing of 2 objects of type org.projectforge.business.fibu.ProjektDO done.
2019-04-23 02:29:57.606 user:  INFO 6368 --- [scheduling-1] o.p.f.persistence.database.DatabaseDao   : Starting re-indexing of 9 entries (total number) of type org.projectforge.framework.persistence.user.entities.UserPrefDO with scrollMode=false...
2019-04-23 02:29:57.620 user:  INFO 6368 --- [scheduling-1] o.p.f.persistence.database.DatabaseDao   : Re-indexing of 17 objects of type org.projectforge.framework.persistence.user.entities.UserPrefDO done.
2019-04-23 02:29:57.651 user:  INFO 6368 --- [scheduling-1] o.p.f.persistence.database.DatabaseDao   : Starting re-indexing of 0 entries (total number) of type org.projectforge.business.orga.PostausgangDO with scrollMode=false...
2019-04-23 02:29:57.652 user:  INFO 6368 --- [scheduling-1] o.p.f.persistence.database.DatabaseDao   : Re-indexing of 0 objects of type org.projectforge.business.orga.PostausgangDO done.
2019-04-23 02:29:57.655 user:  INFO 6368 --- [scheduling-1] o.p.f.persistence.database.DatabaseDao   : Starting re-indexing of 1 entries (total number) of type org.projectforge.business.address.AddressbookDO with scrollMode=false...
2019-04-23 02:29:57.661 user:  INFO 6368 --- [scheduling-1] o.p.f.persistence.database.DatabaseDao   : Re-indexing of 1 objects of type org.projectforge.business.address.AddressbookDO done.
2019-04-23 02:29:57.691 user:  INFO 6368 --- [scheduling-1] o.p.f.persistence.database.DatabaseDao   : Starting re-indexing of 22 entries (total number) of type org.projectforge.business.task.TaskDO with scrollMode=false...
2019-04-23 02:29:57.716 user:  INFO 6368 --- [scheduling-1] o.p.f.persistence.database.DatabaseDao   : Re-indexing of 22 objects of type org.projectforge.business.task.TaskDO done.
2019-04-23 02:29:57.716 user:  INFO 6368 --- [scheduling-1] o.p.b.multitenancy.TenantRegistryMap     : Refreshing org.projectforge.business.multitenancy.TenantRegistry...
2019-04-23 02:29:57.716 user:  INFO 6368 --- [scheduling-1] o.p.b.multitenancy.TenantRegistryMap     : Refreshing of org.projectforge.business.multitenancy.TenantRegistry done.
2019-04-23 02:29:57.755 user:  INFO 6368 --- [scheduling-1] o.p.f.persistence.database.DatabaseDao   : Starting re-indexing of 0 entries (total number) of type org.projectforge.plugins.todo.ToDoDO with scrollMode=false...
2019-04-23 02:29:57.757 user:  INFO 6368 --- [scheduling-1] o.p.f.persistence.database.DatabaseDao   : Re-indexing of 0 objects of type org.projectforge.plugins.todo.ToDoDO done.
2019-04-23 02:29:57.760 user:  INFO 6368 --- [scheduling-1] o.p.f.persistence.database.DatabaseDao   : Starting re-indexing of 0 entries (total number) of type org.projectforge.business.meb.MebEntryDO with scrollMode=false...
2019-04-23 02:29:57.761 user:  INFO 6368 --- [scheduling-1] o.p.f.persistence.database.DatabaseDao   : Re-indexing of 0 objects of type org.projectforge.business.meb.MebEntryDO done.
2019-04-23 02:29:57.764 user:  INFO 6368 --- [scheduling-1] o.p.f.persistence.database.DatabaseDao   : Starting re-indexing of 0 entries (total number) of type org.projectforge.business.fibu.kost.BuchungssatzDO with scrollMode=false...
2019-04-23 02:29:57.769 user:  INFO 6368 --- [scheduling-1] o.p.f.persistence.database.DatabaseDao   : Re-indexing of 0 objects of type org.projectforge.business.fibu.kost.BuchungssatzDO done.
2019-04-23 02:29:57.773 user:  INFO 6368 --- [scheduling-1] o.p.f.persistence.database.DatabaseDao   : Starting re-indexing of 0 entries (total number) of type org.projectforge.plugins.liquidityplanning.LiquidityEntryDO with scrollMode=false...
2019-04-23 02:29:57.774 user:  INFO 6368 --- [scheduling-1] o.p.f.persistence.database.DatabaseDao   : Re-indexing of 0 objects of type org.projectforge.plugins.liquidityplanning.LiquidityEntryDO done.
2019-04-23 02:29:57.777 user:  INFO 6368 --- [scheduling-1] o.p.f.persistence.database.DatabaseDao   : Starting re-indexing of 3 entries (total number) of type org.projectforge.business.fibu.AuftragDO with scrollMode=false...
2019-04-23 02:29:57.798 user:  INFO 6368 --- [scheduling-1] o.p.f.persistence.database.DatabaseDao   : Re-indexing of 25 objects of type org.projectforge.business.fibu.AuftragDO done.
2019-04-23 02:29:57.833 user:  INFO 6368 --- [scheduling-1] o.p.f.persistence.database.DatabaseDao   : Starting re-indexing of 0 entries (total number) of type org.projectforge.business.address.PersonalAddressDO with scrollMode=false...
2019-04-23 02:29:57.834 user:  INFO 6368 --- [scheduling-1] o.p.f.persistence.database.DatabaseDao   : Re-indexing of 0 objects of type org.projectforge.business.address.PersonalAddressDO done.
2019-04-23 02:29:57.837 user:  INFO 6368 --- [scheduling-1] o.p.f.persistence.database.DatabaseDao   : Starting re-indexing of 0 entries (total number) of type org.projectforge.business.vacation.model.VacationDO with scrollMode=false...
2019-04-23 02:29:57.841 user:  INFO 6368 --- [scheduling-1] o.p.f.persistence.database.DatabaseDao   : Re-indexing of 0 objects of type org.projectforge.business.vacation.model.VacationDO done.
2019-04-23 02:29:57.844 user:  INFO 6368 --- [scheduling-1] o.p.f.persistence.database.DatabaseDao   : Starting (mass) re-indexing of 41 entries of type org.projectforge.framework.persistence.history.entities.PfHistoryMasterDO...
2019-04-23 02:29:57.855 user:  INFO 6368 --- [Hibernate Search: identifierloader-1] o.h.s.b.i.SimpleIndexingProgressMonitor  : HSEARCH000027: Going to reindex 41 entities
2019-04-23 02:29:57.902 user:  INFO 6368 --- [scheduling-1] o.h.s.b.i.SimpleIndexingProgressMonitor  : HSEARCH000028: Reindexed 41 entities
2019-04-23 02:29:57.902 user:  INFO 6368 --- [scheduling-1] o.p.f.persistence.database.DatabaseDao   : Re-indexing of 41 objects of type org.projectforge.framework.persistence.history.entities.PfHistoryMasterDO done.
2019-04-23 02:29:57.906 user:  INFO 6368 --- [scheduling-1] o.p.f.persistence.database.DatabaseDao   : Starting re-indexing of 0 entries (total number) of type org.projectforge.plugins.marketing.AddressCampaignValueDO with scrollMode=false...
2019-04-23 02:29:57.907 user:  INFO 6368 --- [scheduling-1] o.p.f.persistence.database.DatabaseDao   : Re-indexing of 0 objects of type org.projectforge.plugins.marketing.AddressCampaignValueDO done.
2019-04-23 02:29:57.910 user:  INFO 6368 --- [scheduling-1] o.p.f.persistence.database.DatabaseDao   : Starting re-indexing of 4 entries (total number) of type org.projectforge.business.teamcal.admin.model.TeamCalDO with scrollMode=false...
2019-04-23 02:29:57.925 user:  INFO 6368 --- [scheduling-1] o.p.f.persistence.database.DatabaseDao   : Re-indexing of 4 objects of type org.projectforge.business.teamcal.admin.model.TeamCalDO done.
2019-04-23 02:29:57.931 user:  WARN 6368 --- [scheduling-1] b.t.a.m.HibernateSearchUsersGroupsBridge : Group with id '2' not found in UserGroupCache. groupIds string was: 2
2019-04-23 02:29:57.932 user:  WARN 6368 --- [scheduling-1] b.t.a.m.HibernateSearchUsersGroupsBridge : Group with id '1' not found in UserGroupCache. groupIds string was: 1,2
2019-04-23 02:29:57.932 user:  WARN 6368 --- [scheduling-1] b.t.a.m.HibernateSearchUsersGroupsBridge : Group with id '2' not found in UserGroupCache. groupIds string was: 1,2
2019-04-23 02:29:57.933 user:  WARN 6368 --- [scheduling-1] b.t.a.m.HibernateSearchUsersGroupsBridge : Group with id '2' not found in UserGroupCache. groupIds string was: 2
2019-04-23 02:29:57.934 user:  WARN 6368 --- [scheduling-1] b.t.a.m.HibernateSearchUsersGroupsBridge : Group with id '2' not found in UserGroupCache. groupIds string was: 2,1
2019-04-23 02:29:57.934 user:  WARN 6368 --- [scheduling-1] b.t.a.m.HibernateSearchUsersGroupsBridge : Group with id '1' not found in UserGroupCache. groupIds string was: 2,1
2019-04-23 02:29:57.976 user:  INFO 6368 --- [scheduling-1] o.p.f.persistence.database.DatabaseDao   : Starting re-indexing of 1 entries (total number) of type org.projectforge.business.gantt.GanttChartDO with scrollMode=false...
2019-04-23 02:29:57.983 user:  INFO 6368 --- [scheduling-1] o.p.f.persistence.database.DatabaseDao   : Re-indexing of 1 objects of type org.projectforge.business.gantt.GanttChartDO done.
2019-04-23 02:29:58.023 user:  INFO 6368 --- [scheduling-1] o.p.f.persistence.database.DatabaseDao   : Starting re-indexing of 11 entries (total number) of type org.projectforge.framework.persistence.user.entities.PFUserDO with scrollMode=false...
2019-04-23 02:29:58.041 user:  INFO 6368 --- [scheduling-1] o.p.f.persistence.database.DatabaseDao   : Re-indexing of 37 objects of type org.projectforge.framework.persistence.user.entities.PFUserDO done.
2019-04-23 02:29:58.093 user:  INFO 6368 --- [scheduling-1] o.p.f.persistence.database.DatabaseDao   : Starting re-indexing of 29 entries (total number) of type org.projectforge.framework.persistence.user.entities.UserRightDO with scrollMode=false...
2019-04-23 02:29:58.116 user:  INFO 6368 --- [scheduling-1] o.p.f.persistence.database.DatabaseDao   : Re-indexing of 29 objects of type org.projectforge.framework.persistence.user.entities.UserRightDO done.
2019-04-23 02:29:58.149 user:  INFO 6368 --- [scheduling-1] o.p.f.persistence.database.DatabaseDao   : Starting re-indexing of 0 entries (total number) of type org.projectforge.plugins.skillmatrix.SkillRatingDO with scrollMode=false...
2019-04-23 02:29:58.150 user:  INFO 6368 --- [scheduling-1] o.p.f.persistence.database.DatabaseDao   : Re-indexing of 0 objects of type org.projectforge.plugins.skillmatrix.SkillRatingDO done.
2019-04-23 02:29:58.152 user:  INFO 6368 --- [scheduling-1] o.p.f.persistence.database.DatabaseDao   : Starting re-indexing of 2 entries (total number) of type org.projectforge.business.fibu.EingangsrechnungDO with scrollMode=false...
2019-04-23 02:29:58.154 user:  INFO 6368 --- [scheduling-1] o.p.f.c.AbstractConfiguration            : Initializing Configuration[tenant=1] (ConfigurationDO parameters) ...
2019-04-23 02:29:58.179 user:  INFO 6368 --- [scheduling-1] o.p.f.persistence.database.DatabaseDao   : Re-indexing of 2 objects of type org.projectforge.business.fibu.EingangsrechnungDO done.
2019-04-23 02:29:58.179 user: ERROR 6368 --- [scheduling-1] o.p.b.f.HibernateSearchPaymentTypeBridge : PaymentType object is null.
2019-04-23 02:29:58.180 user: ERROR 6368 --- [scheduling-1] o.p.b.f.HibernateSearchPaymentTypeBridge : PaymentType object is null.
2019-04-23 02:29:58.214 user:  INFO 6368 --- [scheduling-1] o.p.f.persistence.database.DatabaseDao   : Starting re-indexing of 15 entries (total number) of type org.projectforge.framework.access.GroupTaskAccessDO with scrollMode=false...
2019-04-23 02:29:58.247 user:  INFO 6368 --- [scheduling-1] o.p.f.persistence.database.DatabaseDao   : Re-indexing of 440 objects of type org.projectforge.framework.access.GroupTaskAccessDO done.
2019-04-23 02:29:58.287 user:  INFO 6368 --- [scheduling-1] o.p.f.persistence.database.DatabaseDao   : Starting re-indexing of 4 entries (total number) of type org.projectforge.business.book.BookDO with scrollMode=false...
2019-04-23 02:29:58.298 user:  INFO 6368 --- [scheduling-1] o.p.f.persistence.database.DatabaseDao   : Re-indexing of 4 objects of type org.projectforge.business.book.BookDO done.
2019-04-23 02:29:58.339 user:  INFO 6368 --- [scheduling-1] o.p.f.persistence.database.DatabaseDao   : Starting re-indexing of 2 entries (total number) of type org.projectforge.business.fibu.EmployeeTimedDO with scrollMode=false...
2019-04-23 02:29:58.363 user:  INFO 6368 --- [scheduling-1] o.p.f.persistence.database.DatabaseDao   : Re-indexing of 2 objects of type org.projectforge.business.fibu.EmployeeTimedDO done.
2019-04-23 02:29:58.413 user:  INFO 6368 --- [scheduling-1] o.p.f.persistence.database.DatabaseDao   : Starting re-indexing of 0 entries (total number) of type org.projectforge.plugins.licensemanagement.LicenseDO with scrollMode=false...
2019-04-23 02:29:58.414 user:  INFO 6368 --- [scheduling-1] o.p.f.persistence.database.DatabaseDao   : Re-indexing of 0 objects of type org.projectforge.plugins.licensemanagement.LicenseDO done.
2019-04-23 02:29:58.417 user:  INFO 6368 --- [scheduling-1] o.p.f.persistence.database.DatabaseDao   : Starting re-indexing of 6 entries (total number) of type org.projectforge.business.fibu.kost.KostZuweisungDO with scrollMode=false...
2019-04-23 02:29:58.475 user:  INFO 6368 --- [scheduling-1] o.p.f.persistence.database.DatabaseDao   : Re-indexing of 22 objects of type org.projectforge.business.fibu.kost.KostZuweisungDO done.
2019-04-23 02:29:58.510 user:  INFO 6368 --- [scheduling-1] o.p.f.persistence.database.DatabaseDao   : Starting re-indexing of 1 entries (total number) of type org.projectforge.framework.persistence.user.entities.TenantDO with scrollMode=false...
2019-04-23 02:29:58.527 user:  INFO 6368 --- [scheduling-1] o.p.f.persistence.database.DatabaseDao   : Re-indexing of 1 objects of type org.projectforge.framework.persistence.user.entities.TenantDO done.
2019-04-23 02:29:58.598 user:  INFO 6368 --- [scheduling-1] o.p.f.persistence.database.DatabaseDao   : Starting re-indexing of 0 entries (total number) of type org.projectforge.business.orga.VisitorbookTimedDO with scrollMode=false...
2019-04-23 02:29:58.600 user:  INFO 6368 --- [scheduling-1] o.p.f.persistence.database.DatabaseDao   : Re-indexing of 0 objects of type org.projectforge.business.orga.VisitorbookTimedDO done.
2019-04-23 02:29:58.603 user:  INFO 6368 --- [scheduling-1] o.p.f.persistence.database.DatabaseDao   : Starting re-indexing of 2 entries (total number) of type org.projectforge.business.fibu.RechnungDO with scrollMode=false...
2019-04-23 02:29:58.635 user:  INFO 6368 --- [scheduling-1] o.p.f.persistence.database.DatabaseDao   : Re-indexing of 10 objects of type org.projectforge.business.fibu.RechnungDO done.
2019-04-23 02:29:58.692 user:  INFO 6368 --- [scheduling-1] o.p.f.persistence.database.DatabaseDao   : Starting re-indexing of 0 entries (total number) of type org.projectforge.plugins.marketing.AddressCampaignDO with scrollMode=false...
2019-04-23 02:29:58.693 user:  INFO 6368 --- [scheduling-1] o.p.f.persistence.database.DatabaseDao   : Re-indexing of 0 objects of type org.projectforge.plugins.marketing.AddressCampaignDO done.
2019-04-23 02:29:58.696 user:  INFO 6368 --- [scheduling-1] o.p.f.persistence.database.DatabaseDao   : Starting re-indexing of 3 entries (total number) of type org.projectforge.business.scripting.ScriptDO with scrollMode=false...
2019-04-23 02:29:58.725 user:  INFO 6368 --- [scheduling-1] o.p.f.persistence.database.DatabaseDao   : Re-indexing of 3 objects of type org.projectforge.business.scripting.ScriptDO done.
2019-04-23 02:29:58.766 user:  INFO 6368 --- [scheduling-1] o.p.f.persistence.database.DatabaseDao   : Starting re-indexing of 6 entries (total number) of type org.projectforge.business.fibu.kost.Kost2ArtDO with scrollMode=false...
2019-04-23 02:29:58.777 user:  INFO 6368 --- [scheduling-1] o.p.f.persistence.database.DatabaseDao   : Re-indexing of 6 objects of type org.projectforge.business.fibu.kost.Kost2ArtDO done.
2019-04-23 02:29:58.807 user:  INFO 6368 --- [scheduling-1] o.p.f.persistence.database.DatabaseDao   : Starting re-indexing of 2 entries (total number) of type org.projectforge.business.fibu.EmployeeDO with scrollMode=false...
2019-04-23 02:29:58.829 user:  INFO 6368 --- [scheduling-1] o.p.f.persistence.database.DatabaseDao   : Re-indexing of 17 objects of type org.projectforge.business.fibu.EmployeeDO done.
2019-04-23 02:29:58.881 user:  INFO 6368 --- [scheduling-1] o.p.f.persistence.database.DatabaseDao   : Starting re-indexing of 2 entries (total number) of type org.projectforge.business.fibu.RechnungsPositionDO with scrollMode=false...
2019-04-23 02:29:58.905 user:  INFO 6368 --- [scheduling-1] o.p.f.persistence.database.DatabaseDao   : Re-indexing of 10 objects of type org.projectforge.business.fibu.RechnungsPositionDO done.
2019-04-23 02:29:58.932 user:  INFO 6368 --- [scheduling-1] o.p.f.persistence.database.DatabaseDao   : Starting re-indexing of 0 entries (total number) of type org.projectforge.plugins.skillmatrix.SkillDO with scrollMode=false...
2019-04-23 02:29:58.933 user:  INFO 6368 --- [scheduling-1] o.p.f.persistence.database.DatabaseDao   : Re-indexing of 0 objects of type org.projectforge.plugins.skillmatrix.SkillDO done.
2019-04-23 02:29:58.935 user:  INFO 6368 --- [scheduling-1] o.p.f.persistence.database.DatabaseDao   : Starting re-indexing of 0 entries (total number) of type org.projectforge.business.orga.VisitorbookDO with scrollMode=false...
2019-04-23 02:29:58.940 user:  INFO 6368 --- [scheduling-1] o.p.f.persistence.database.DatabaseDao   : Re-indexing of 0 objects of type org.projectforge.business.orga.VisitorbookDO done.
2019-04-23 02:29:58.943 user:  INFO 6368 --- [scheduling-1] o.p.f.persistence.database.DatabaseDao   : Starting re-indexing of 0 entries (total number) of type org.projectforge.business.orga.ContractDO with scrollMode=false...
2019-04-23 02:29:58.946 user:  INFO 6368 --- [scheduling-1] o.p.f.persistence.database.DatabaseDao   : Re-indexing of 0 objects of type org.projectforge.business.orga.ContractDO done.
2019-04-23 02:29:58.948 user:  INFO 6368 --- [scheduling-1] o.p.f.persistence.database.DatabaseDao   : Starting re-indexing of 0 entries (total number) of type org.projectforge.business.teamcal.event.model.TeamEventAttachmentDO with scrollMode=false...
2019-04-23 02:29:58.949 user:  INFO 6368 --- [scheduling-1] o.p.f.persistence.database.DatabaseDao   : Re-indexing of 0 objects of type org.projectforge.business.teamcal.event.model.TeamEventAttachmentDO done.
2019-04-23 02:29:58.951 user:  INFO 6368 --- [scheduling-1] o.p.f.persistence.database.DatabaseDao   : Starting re-indexing of 0 entries (total number) of type org.projectforge.business.teamcal.event.model.TeamEventAttendeeDO with scrollMode=false...
2019-04-23 02:29:58.955 user:  INFO 6368 --- [scheduling-1] o.p.f.persistence.database.DatabaseDao   : Re-indexing of 0 objects of type org.projectforge.business.teamcal.event.model.TeamEventAttendeeDO done.
2019-04-23 02:29:58.958 user:  INFO 6368 --- [scheduling-1] o.p.f.persistence.database.DatabaseDao   : Starting re-indexing of 1 entries (total number) of type org.projectforge.business.fibu.KontoDO with scrollMode=false...
2019-04-23 02:29:58.968 user:  INFO 6368 --- [scheduling-1] o.p.f.persistence.database.DatabaseDao   : Re-indexing of 1 objects of type org.projectforge.business.fibu.KontoDO done.
2019-04-23 02:29:59.010 user:  INFO 6368 --- [scheduling-1] o.p.f.persistence.database.DatabaseDao   : Starting re-indexing of 2 entries (total number) of type org.projectforge.business.address.AddressDO with scrollMode=false...
2019-04-23 02:29:59.023 user:  INFO 6368 --- [scheduling-1] o.p.f.persistence.database.DatabaseDao   : Re-indexing of 2 objects of type org.projectforge.business.address.AddressDO done.
2019-04-23 02:29:59.060 user:  INFO 6368 --- [scheduling-1] o.p.f.persistence.database.DatabaseDao   : Starting re-indexing of 2 entries (total number) of type org.projectforge.business.fibu.KundeDO with scrollMode=false...
2019-04-23 02:29:59.071 user:  INFO 6368 --- [scheduling-1] o.p.f.persistence.database.DatabaseDao   : Re-indexing of 2 objects of type org.projectforge.business.fibu.KundeDO done.
2019-04-23 02:29:59.099 user:  INFO 6368 --- [scheduling-1] o.p.f.persistence.database.DatabaseDao   : Starting re-indexing of 3 entries (total number) of type org.projectforge.business.fibu.kost.Kost1DO with scrollMode=false...
2019-04-23 02:29:59.107 user:  INFO 6368 --- [scheduling-1] o.p.f.persistence.database.DatabaseDao   : Re-indexing of 3 objects of type org.projectforge.business.fibu.kost.Kost1DO done.
2019-04-23 02:29:59.154 user:  INFO 6368 --- [scheduling-1] o.p.f.persistence.database.DatabaseDao   : Starting re-indexing of 19 entries (total number) of type org.projectforge.framework.persistence.user.entities.GroupDO with scrollMode=false...
2019-04-23 02:29:59.172 user:  INFO 6368 --- [scheduling-1] o.p.f.persistence.database.DatabaseDao   : Re-indexing of 194 objects of type org.projectforge.framework.persistence.user.entities.GroupDO done.
2019-04-23 02:29:59.223 user:  INFO 6368 --- [scheduling-1] o.p.f.persistence.database.DatabaseDao   : Starting re-indexing of 0 entries (total number) of type org.projectforge.business.humanresources.HRPlanningEntryDO with scrollMode=false...
2019-04-23 02:29:59.225 user:  INFO 6368 --- [scheduling-1] o.p.f.persistence.database.DatabaseDao   : Re-indexing of 0 objects of type org.projectforge.business.humanresources.HRPlanningEntryDO done.
2019-04-23 02:29:59.228 user:  INFO 6368 --- [scheduling-1] o.p.f.persistence.database.DatabaseDao   : Starting re-indexing of 0 entries (total number) of type org.projectforge.business.orga.PosteingangDO with scrollMode=false...
2019-04-23 02:29:59.229 user:  INFO 6368 --- [scheduling-1] o.p.f.persistence.database.DatabaseDao   : Re-indexing of 0 objects of type org.projectforge.business.orga.PosteingangDO done.
2019-04-23 02:29:59.230 user:  INFO 6368 --- [scheduling-1] o.p.f.p.h.HibernateSearchReindexer       : Re-index job finished successfully.
2019-04-23 02:29:59.230 user:  INFO 6368 --- [scheduling-1] o.p.business.jobs.CronNightlyJob         : Nightly job job finished.
2019-04-23 02:29:59.978 user:  INFO 6368 --- [scheduling-1] o.p.b.j.ExternalCalendarSubscriptionJob  : External calendar subscriptions job started.
2019-04-23 02:29:59.978 user:  INFO 6368 --- [scheduling-1] b.t.e.TeamEventExternalSubscriptionCache : Start updating TeamEventExternalSubscriptionCache.
2019-04-23 02:29:59.981 user:  INFO 6368 --- [scheduling-1] o.p.b.j.ExternalCalendarSubscriptionJob  : External calendar subscriptions job finished.
2019-04-23 02:44:59.977 user:  INFO 6368 --- [scheduling-1] o.p.b.j.ExternalCalendarSubscriptionJob  : External calendar subscriptions job started.
2019-04-23 02:44:59.978 user:  INFO 6368 --- [scheduling-1] b.t.e.TeamEventExternalSubscriptionCache : Start updating TeamEventExternalSubscriptionCache.
2019-04-23 02:44:59.983 user:  INFO 6368 --- [scheduling-1] o.p.b.j.ExternalCalendarSubscriptionJob  : External calendar subscriptions job finished.
2019-04-23 02:59:59.874 user:  INFO 6368 --- [scheduling-1] o.p.business.jobs.CronHourlyJob          : Hourly job started.
2019-04-23 02:59:59.875 user:  INFO 6368 --- [scheduling-1] o.p.business.jobs.CronHourlyJob          : Starting (re-)indexing of history entries of the last 24 hours.
2019-04-23 02:59:59.882 user:  INFO 6368 --- [scheduling-1] o.p.f.persistence.database.DatabaseDao   : Starting re-indexing of 41 entries (total number) of type org.projectforge.framework.persistence.history.entities.PfHistoryMasterDO with scrollMode=false...
2019-04-23 02:59:59.884 user:  INFO 6368 --- [scheduling-1] o.p.f.persistence.database.DatabaseDao   : Re-indexing of 0 objects of type org.projectforge.framework.persistence.history.entities.PfHistoryMasterDO done.
2019-04-23 02:59:59.885 user:  INFO 6368 --- [scheduling-1] o.p.business.jobs.CronHourlyJob          : Hourly job job finished.
2019-04-23 02:59:59.975 user:  INFO 6368 --- [scheduling-1] o.p.b.j.ExternalCalendarSubscriptionJob  : External calendar subscriptions job started.
2019-04-23 02:59:59.975 user:  INFO 6368 --- [scheduling-1] b.t.e.TeamEventExternalSubscriptionCache : Start updating TeamEventExternalSubscriptionCache.
2019-04-23 02:59:59.976 user:  INFO 6368 --- [scheduling-1] o.p.b.j.ExternalCalendarSubscriptionJob  : External calendar subscriptions job finished.
2019-04-23 03:14:59.969 user:  INFO 6368 --- [scheduling-1] o.p.b.j.ExternalCalendarSubscriptionJob  : External calendar subscriptions job started.
2019-04-23 03:14:59.971 user:  INFO 6368 --- [scheduling-1] b.t.e.TeamEventExternalSubscriptionCache : Start updating TeamEventExternalSubscriptionCache.
2019-04-23 03:14:59.975 user:  INFO 6368 --- [scheduling-1] o.p.b.j.ExternalCalendarSubscriptionJob  : External calendar subscriptions job finished.
2019-04-23 03:29:59.978 user:  INFO 6368 --- [scheduling-1] o.p.b.j.ExternalCalendarSubscriptionJob  : External calendar subscriptions job started.
2019-04-23 03:29:59.979 user:  INFO 6368 --- [scheduling-1] b.t.e.TeamEventExternalSubscriptionCache : Start updating TeamEventExternalSubscriptionCache.
2019-04-23 03:29:59.982 user:  INFO 6368 --- [scheduling-1] o.p.b.j.ExternalCalendarSubscriptionJob  : External calendar subscriptions job finished.
2019-04-23 03:44:59.973 user:  INFO 6368 --- [scheduling-1] o.p.b.j.ExternalCalendarSubscriptionJob  : External calendar subscriptions job started.
2019-04-23 03:44:59.974 user:  INFO 6368 --- [scheduling-1] b.t.e.TeamEventExternalSubscriptionCache : Start updating TeamEventExternalSubscriptionCache.
2019-04-23 03:44:59.979 user:  INFO 6368 --- [scheduling-1] o.p.b.j.ExternalCalendarSubscriptionJob  : External calendar subscriptions job finished.
2019-04-23 03:59:59.880 user:  INFO 6368 --- [scheduling-1] o.p.business.jobs.CronHourlyJob          : Hourly job started.
2019-04-23 03:59:59.881 user:  INFO 6368 --- [scheduling-1] o.p.business.jobs.CronHourlyJob          : Starting (re-)indexing of history entries of the last 24 hours.
2019-04-23 03:59:59.888 user:  INFO 6368 --- [scheduling-1] o.p.f.persistence.database.DatabaseDao   : Starting re-indexing of 41 entries (total number) of type org.projectforge.framework.persistence.history.entities.PfHistoryMasterDO with scrollMode=false...
2019-04-23 03:59:59.890 user:  INFO 6368 --- [scheduling-1] o.p.f.persistence.database.DatabaseDao   : Re-indexing of 0 objects of type org.projectforge.framework.persistence.history.entities.PfHistoryMasterDO done.
2019-04-23 03:59:59.891 user:  INFO 6368 --- [scheduling-1] o.p.business.jobs.CronHourlyJob          : Hourly job job finished.
2019-04-23 03:59:59.974 user:  INFO 6368 --- [scheduling-1] o.p.b.j.ExternalCalendarSubscriptionJob  : External calendar subscriptions job started.
2019-04-23 03:59:59.974 user:  INFO 6368 --- [scheduling-1] b.t.e.TeamEventExternalSubscriptionCache : Start updating TeamEventExternalSubscriptionCache.
2019-04-23 03:59:59.976 user:  INFO 6368 --- [scheduling-1] o.p.b.j.ExternalCalendarSubscriptionJob  : External calendar subscriptions job finished.
2019-04-23 04:14:59.971 user:  INFO 6368 --- [scheduling-1] o.p.b.j.ExternalCalendarSubscriptionJob  : External calendar subscriptions job started.
2019-04-23 04:14:59.972 user:  INFO 6368 --- [scheduling-1] b.t.e.TeamEventExternalSubscriptionCache : Start updating TeamEventExternalSubscriptionCache.
2019-04-23 04:14:59.977 user:  INFO 6368 --- [scheduling-1] o.p.b.j.ExternalCalendarSubscriptionJob  : External calendar subscriptions job finished.
2019-04-23 04:29:59.979 user:  INFO 6368 --- [scheduling-1] o.p.b.j.ExternalCalendarSubscriptionJob  : External calendar subscriptions job started.
2019-04-23 04:29:59.980 user:  INFO 6368 --- [scheduling-1] b.t.e.TeamEventExternalSubscriptionCache : Start updating TeamEventExternalSubscriptionCache.
2019-04-23 04:29:59.983 user:  INFO 6368 --- [scheduling-1] o.p.b.j.ExternalCalendarSubscriptionJob  : External calendar subscriptions job finished.
2019-04-23 04:44:59.974 user:  INFO 6368 --- [scheduling-1] o.p.b.j.ExternalCalendarSubscriptionJob  : External calendar subscriptions job started.
2019-04-23 04:44:59.976 user:  INFO 6368 --- [scheduling-1] b.t.e.TeamEventExternalSubscriptionCache : Start updating TeamEventExternalSubscriptionCache.
2019-04-23 04:44:59.980 user:  INFO 6368 --- [scheduling-1] o.p.b.j.ExternalCalendarSubscriptionJob  : External calendar subscriptions job finished.
2019-04-23 04:59:59.880 user:  INFO 6368 --- [scheduling-1] o.p.business.jobs.CronHourlyJob          : Hourly job started.
2019-04-23 04:59:59.881 user:  INFO 6368 --- [scheduling-1] o.p.business.jobs.CronHourlyJob          : Starting (re-)indexing of history entries of the last 24 hours.
2019-04-23 04:59:59.886 user:  INFO 6368 --- [scheduling-1] o.p.f.persistence.database.DatabaseDao   : Starting re-indexing of 41 entries (total number) of type org.projectforge.framework.persistence.history.entities.PfHistoryMasterDO with scrollMode=false...
2019-04-23 04:59:59.889 user:  INFO 6368 --- [scheduling-1] o.p.f.persistence.database.DatabaseDao   : Re-indexing of 0 objects of type org.projectforge.framework.persistence.history.entities.PfHistoryMasterDO done.
2019-04-23 04:59:59.890 user:  INFO 6368 --- [scheduling-1] o.p.business.jobs.CronHourlyJob          : Hourly job job finished.
2019-04-23 04:59:59.973 user:  INFO 6368 --- [scheduling-1] o.p.b.j.ExternalCalendarSubscriptionJob  : External calendar subscriptions job started.
2019-04-23 04:59:59.974 user:  INFO 6368 --- [scheduling-1] b.t.e.TeamEventExternalSubscriptionCache : Start updating TeamEventExternalSubscriptionCache.
2019-04-23 04:59:59.976 user:  INFO 6368 --- [scheduling-1] o.p.b.j.ExternalCalendarSubscriptionJob  : External calendar subscriptions job finished.
2019-04-23 05:14:59.978 user:  INFO 6368 --- [scheduling-1] o.p.b.j.ExternalCalendarSubscriptionJob  : External calendar subscriptions job started.
2019-04-23 05:14:59.978 user:  INFO 6368 --- [scheduling-1] b.t.e.TeamEventExternalSubscriptionCache : Start updating TeamEventExternalSubscriptionCache.
2019-04-23 05:14:59.983 user:  INFO 6368 --- [scheduling-1] o.p.b.j.ExternalCalendarSubscriptionJob  : External calendar subscriptions job finished.
2019-04-23 05:29:59.977 user:  INFO 6368 --- [scheduling-1] o.p.b.j.ExternalCalendarSubscriptionJob  : External calendar subscriptions job started.
2019-04-23 05:29:59.978 user:  INFO 6368 --- [scheduling-1] b.t.e.TeamEventExternalSubscriptionCache : Start updating TeamEventExternalSubscriptionCache.
2019-04-23 05:29:59.981 user:  INFO 6368 --- [scheduling-1] o.p.b.j.ExternalCalendarSubscriptionJob  : External calendar subscriptions job finished.
2019-04-23 05:44:59.974 user:  INFO 6368 --- [scheduling-1] o.p.b.j.ExternalCalendarSubscriptionJob  : External calendar subscriptions job started.
2019-04-23 05:44:59.975 user:  INFO 6368 --- [scheduling-1] b.t.e.TeamEventExternalSubscriptionCache : Start updating TeamEventExternalSubscriptionCache.
2019-04-23 05:44:59.980 user:  INFO 6368 --- [scheduling-1] o.p.b.j.ExternalCalendarSubscriptionJob  : External calendar subscriptions job finished.
2019-04-23 05:59:59.877 user:  INFO 6368 --- [scheduling-1] o.p.business.jobs.CronHourlyJob          : Hourly job started.
2019-04-23 05:59:59.879 user:  INFO 6368 --- [scheduling-1] o.p.business.jobs.CronHourlyJob          : Starting (re-)indexing of history entries of the last 24 hours.
2019-04-23 05:59:59.884 user:  INFO 6368 --- [scheduling-1] o.p.f.persistence.database.DatabaseDao   : Starting re-indexing of 41 entries (total number) of type org.projectforge.framework.persistence.history.entities.PfHistoryMasterDO with scrollMode=false...
2019-04-23 05:59:59.887 user:  INFO 6368 --- [scheduling-1] o.p.f.persistence.database.DatabaseDao   : Re-indexing of 0 objects of type org.projectforge.framework.persistence.history.entities.PfHistoryMasterDO done.
2019-04-23 05:59:59.887 user:  INFO 6368 --- [scheduling-1] o.p.business.jobs.CronHourlyJob          : Hourly job job finished.
2019-04-23 05:59:59.975 user:  INFO 6368 --- [scheduling-1] o.p.b.j.ExternalCalendarSubscriptionJob  : External calendar subscriptions job started.
2019-04-23 05:59:59.976 user:  INFO 6368 --- [scheduling-1] b.t.e.TeamEventExternalSubscriptionCache : Start updating TeamEventExternalSubscriptionCache.
2019-04-23 05:59:59.981 user:  INFO 6368 --- [scheduling-1] o.p.b.j.ExternalCalendarSubscriptionJob  : External calendar subscriptions job finished.
2019-04-23 06:14:59.978 user:  INFO 6368 --- [scheduling-1] o.p.b.j.ExternalCalendarSubscriptionJob  : External calendar subscriptions job started.
2019-04-23 06:14:59.979 user:  INFO 6368 --- [scheduling-1] b.t.e.TeamEventExternalSubscriptionCache : Start updating TeamEventExternalSubscriptionCache.
2019-04-23 06:14:59.984 user:  INFO 6368 --- [scheduling-1] o.p.b.j.ExternalCalendarSubscriptionJob  : External calendar subscriptions job finished.
2019-04-23 06:29:59.969 user:  INFO 6368 --- [scheduling-1] o.p.b.j.ExternalCalendarSubscriptionJob  : External calendar subscriptions job started.
2019-04-23 06:29:59.971 user:  INFO 6368 --- [scheduling-1] b.t.e.TeamEventExternalSubscriptionCache : Start updating TeamEventExternalSubscriptionCache.
2019-04-23 06:29:59.973 user:  INFO 6368 --- [scheduling-1] o.p.b.j.ExternalCalendarSubscriptionJob  : External calendar subscriptions job finished.
2019-04-23 06:44:59.971 user:  INFO 6368 --- [scheduling-1] o.p.b.j.ExternalCalendarSubscriptionJob  : External calendar subscriptions job started.
2019-04-23 06:44:59.972 user:  INFO 6368 --- [scheduling-1] b.t.e.TeamEventExternalSubscriptionCache : Start updating TeamEventExternalSubscriptionCache.
2019-04-23 06:44:59.976 user:  INFO 6368 --- [scheduling-1] o.p.b.j.ExternalCalendarSubscriptionJob  : External calendar subscriptions job finished.
2019-04-23 06:59:59.874 user:  INFO 6368 --- [scheduling-1] o.p.business.jobs.CronHourlyJob          : Hourly job started.
2019-04-23 06:59:59.876 user:  INFO 6368 --- [scheduling-1] o.p.business.jobs.CronHourlyJob          : Starting (re-)indexing of history entries of the last 24 hours.
2019-04-23 06:59:59.882 user:  INFO 6368 --- [scheduling-1] o.p.f.persistence.database.DatabaseDao   : Starting re-indexing of 41 entries (total number) of type org.projectforge.framework.persistence.history.entities.PfHistoryMasterDO with scrollMode=false...
2019-04-23 06:59:59.885 user:  INFO 6368 --- [scheduling-1] o.p.f.persistence.database.DatabaseDao   : Re-indexing of 0 objects of type org.projectforge.framework.persistence.history.entities.PfHistoryMasterDO done.
2019-04-23 06:59:59.886 user:  INFO 6368 --- [scheduling-1] o.p.business.jobs.CronHourlyJob          : Hourly job job finished.
2019-04-23 06:59:59.972 user:  INFO 6368 --- [scheduling-1] o.p.b.j.ExternalCalendarSubscriptionJob  : External calendar subscriptions job started.
2019-04-23 06:59:59.973 user:  INFO 6368 --- [scheduling-1] b.t.e.TeamEventExternalSubscriptionCache : Start updating TeamEventExternalSubscriptionCache.
2019-04-23 06:59:59.975 user:  INFO 6368 --- [scheduling-1] o.p.b.j.ExternalCalendarSubscriptionJob  : External calendar subscriptions job finished.
2019-04-23 07:14:59.975 user:  INFO 6368 --- [scheduling-1] o.p.b.j.ExternalCalendarSubscriptionJob  : External calendar subscriptions job started.
2019-04-23 07:14:59.977 user:  INFO 6368 --- [scheduling-1] b.t.e.TeamEventExternalSubscriptionCache : Start updating TeamEventExternalSubscriptionCache.
2019-04-23 07:14:59.982 user:  INFO 6368 --- [scheduling-1] o.p.b.j.ExternalCalendarSubscriptionJob  : External calendar subscriptions job finished.
2019-04-23 07:29:59.970 user:  INFO 6368 --- [scheduling-1] o.p.b.j.ExternalCalendarSubscriptionJob  : External calendar subscriptions job started.
2019-04-23 07:29:59.971 user:  INFO 6368 --- [scheduling-1] b.t.e.TeamEventExternalSubscriptionCache : Start updating TeamEventExternalSubscriptionCache.
2019-04-23 07:29:59.973 user:  INFO 6368 --- [scheduling-1] o.p.b.j.ExternalCalendarSubscriptionJob  : External calendar subscriptions job finished.
2019-04-23 07:44:59.977 user:  INFO 6368 --- [scheduling-1] o.p.b.j.ExternalCalendarSubscriptionJob  : External calendar subscriptions job started.
2019-04-23 07:44:59.978 user:  INFO 6368 --- [scheduling-1] b.t.e.TeamEventExternalSubscriptionCache : Start updating TeamEventExternalSubscriptionCache.
2019-04-23 07:44:59.982 user:  INFO 6368 --- [scheduling-1] o.p.b.j.ExternalCalendarSubscriptionJob  : External calendar subscriptions job finished.
2019-04-23 07:59:59.874 user:  INFO 6368 --- [scheduling-1] o.p.business.jobs.CronHourlyJob          : Hourly job started.
2019-04-23 07:59:59.875 user:  INFO 6368 --- [scheduling-1] o.p.business.jobs.CronHourlyJob          : Starting (re-)indexing of history entries of the last 24 hours.
2019-04-23 07:59:59.882 user:  INFO 6368 --- [scheduling-1] o.p.f.persistence.database.DatabaseDao   : Starting re-indexing of 41 entries (total number) of type org.projectforge.framework.persistence.history.entities.PfHistoryMasterDO with scrollMode=false...
2019-04-23 07:59:59.885 user:  INFO 6368 --- [scheduling-1] o.p.f.persistence.database.DatabaseDao   : Re-indexing of 0 objects of type org.projectforge.framework.persistence.history.entities.PfHistoryMasterDO done.
2019-04-23 07:59:59.886 user:  INFO 6368 --- [scheduling-1] o.p.business.jobs.CronHourlyJob          : Hourly job job finished.
2019-04-23 07:59:59.968 user:  INFO 6368 --- [scheduling-1] o.p.b.j.ExternalCalendarSubscriptionJob  : External calendar subscriptions job started.
2019-04-23 07:59:59.970 user:  INFO 6368 --- [scheduling-1] b.t.e.TeamEventExternalSubscriptionCache : Start updating TeamEventExternalSubscriptionCache.
2019-04-23 07:59:59.972 user:  INFO 6368 --- [scheduling-1] o.p.b.j.ExternalCalendarSubscriptionJob  : External calendar subscriptions job finished.
2019-04-23 08:14:59.972 user:  INFO 6368 --- [scheduling-1] o.p.b.j.ExternalCalendarSubscriptionJob  : External calendar subscriptions job started.
2019-04-23 08:14:59.974 user:  INFO 6368 --- [scheduling-1] b.t.e.TeamEventExternalSubscriptionCache : Start updating TeamEventExternalSubscriptionCache.
2019-04-23 08:14:59.978 user:  INFO 6368 --- [scheduling-1] o.p.b.j.ExternalCalendarSubscriptionJob  : External calendar subscriptions job finished.
2019-04-23 08:29:59.979 user:  INFO 6368 --- [scheduling-1] o.p.b.j.ExternalCalendarSubscriptionJob  : External calendar subscriptions job started.
2019-04-23 08:29:59.980 user:  INFO 6368 --- [scheduling-1] b.t.e.TeamEventExternalSubscriptionCache : Start updating TeamEventExternalSubscriptionCache.
2019-04-23 08:29:59.985 user:  INFO 6368 --- [scheduling-1] o.p.b.j.ExternalCalendarSubscriptionJob  : External calendar subscriptions job finished.
2019-04-23 08:44:59.974 user:  INFO 6368 --- [scheduling-1] o.p.b.j.ExternalCalendarSubscriptionJob  : External calendar subscriptions job started.
2019-04-23 08:44:59.976 user:  INFO 6368 --- [scheduling-1] b.t.e.TeamEventExternalSubscriptionCache : Start updating TeamEventExternalSubscriptionCache.
2019-04-23 08:44:59.980 user:  INFO 6368 --- [scheduling-1] o.p.b.j.ExternalCalendarSubscriptionJob  : External calendar subscriptions job finished.
2019-04-23 08:59:59.879 user:  INFO 6368 --- [scheduling-1] o.p.business.jobs.CronHourlyJob          : Hourly job started.
2019-04-23 08:59:59.880 user:  INFO 6368 --- [scheduling-1] o.p.business.jobs.CronHourlyJob          : Starting (re-)indexing of history entries of the last 24 hours.
2019-04-23 08:59:59.888 user:  INFO 6368 --- [scheduling-1] o.p.f.persistence.database.DatabaseDao   : Starting re-indexing of 41 entries (total number) of type org.projectforge.framework.persistence.history.entities.PfHistoryMasterDO with scrollMode=false...
2019-04-23 08:59:59.891 user:  INFO 6368 --- [scheduling-1] o.p.f.persistence.database.DatabaseDao   : Re-indexing of 0 objects of type org.projectforge.framework.persistence.history.entities.PfHistoryMasterDO done.
2019-04-23 08:59:59.892 user:  INFO 6368 --- [scheduling-1] o.p.business.jobs.CronHourlyJob          : Hourly job job finished.
2019-04-23 08:59:59.978 user:  INFO 6368 --- [scheduling-1] o.p.b.j.ExternalCalendarSubscriptionJob  : External calendar subscriptions job started.
2019-04-23 08:59:59.978 user:  INFO 6368 --- [scheduling-1] b.t.e.TeamEventExternalSubscriptionCache : Start updating TeamEventExternalSubscriptionCache.
2019-04-23 08:59:59.982 user:  INFO 6368 --- [scheduling-1] o.p.b.j.ExternalCalendarSubscriptionJob  : External calendar subscriptions job finished.
2019-04-23 09:14:59.977 user:  INFO 6368 --- [scheduling-1] o.p.b.j.ExternalCalendarSubscriptionJob  : External calendar subscriptions job started.
2019-04-23 09:14:59.978 user:  INFO 6368 --- [scheduling-1] b.t.e.TeamEventExternalSubscriptionCache : Start updating TeamEventExternalSubscriptionCache.
2019-04-23 09:14:59.982 user:  INFO 6368 --- [scheduling-1] o.p.b.j.ExternalCalendarSubscriptionJob  : External calendar subscriptions job finished.
2019-04-23 09:29:59.974 user:  INFO 6368 --- [scheduling-1] o.p.b.j.ExternalCalendarSubscriptionJob  : External calendar subscriptions job started.
2019-04-23 09:29:59.976 user:  INFO 6368 --- [scheduling-1] b.t.e.TeamEventExternalSubscriptionCache : Start updating TeamEventExternalSubscriptionCache.
2019-04-23 09:29:59.980 user:  INFO 6368 --- [scheduling-1] o.p.b.j.ExternalCalendarSubscriptionJob  : External calendar subscriptions job finished.
2019-04-23 09:44:59.974 user:  INFO 6368 --- [scheduling-1] o.p.b.j.ExternalCalendarSubscriptionJob  : External calendar subscriptions job started.
2019-04-23 09:44:59.975 user:  INFO 6368 --- [scheduling-1] b.t.e.TeamEventExternalSubscriptionCache : Start updating TeamEventExternalSubscriptionCache.
2019-04-23 09:44:59.979 user:  INFO 6368 --- [scheduling-1] o.p.b.j.ExternalCalendarSubscriptionJob  : External calendar subscriptions job finished.
2019-04-23 09:59:59.882 user:  INFO 6368 --- [scheduling-1] o.p.business.jobs.CronHourlyJob          : Hourly job started.
2019-04-23 09:59:59.883 user:  INFO 6368 --- [scheduling-1] o.p.business.jobs.CronHourlyJob          : Starting (re-)indexing of history entries of the last 24 hours.
2019-04-23 09:59:59.889 user:  INFO 6368 --- [scheduling-1] o.p.f.persistence.database.DatabaseDao   : Starting re-indexing of 41 entries (total number) of type org.projectforge.framework.persistence.history.entities.PfHistoryMasterDO with scrollMode=false...
2019-04-23 09:59:59.891 user:  INFO 6368 --- [scheduling-1] o.p.f.persistence.database.DatabaseDao   : Re-indexing of 0 objects of type org.projectforge.framework.persistence.history.entities.PfHistoryMasterDO done.
2019-04-23 09:59:59.892 user:  INFO 6368 --- [scheduling-1] o.p.business.jobs.CronHourlyJob          : Hourly job job finished.
2019-04-23 09:59:59.969 user:  INFO 6368 --- [scheduling-1] o.p.b.j.ExternalCalendarSubscriptionJob  : External calendar subscriptions job started.
2019-04-23 09:59:59.969 user:  INFO 6368 --- [scheduling-1] b.t.e.TeamEventExternalSubscriptionCache : Start updating TeamEventExternalSubscriptionCache.
2019-04-23 09:59:59.973 user:  INFO 6368 --- [scheduling-1] o.p.b.j.ExternalCalendarSubscriptionJob  : External calendar subscriptions job finished.
2019-04-23 10:14:59.978 user:  INFO 6368 --- [scheduling-1] o.p.b.j.ExternalCalendarSubscriptionJob  : External calendar subscriptions job started.
2019-04-23 10:14:59.979 user:  INFO 6368 --- [scheduling-1] b.t.e.TeamEventExternalSubscriptionCache : Start updating TeamEventExternalSubscriptionCache.
2019-04-23 10:14:59.984 user:  INFO 6368 --- [scheduling-1] o.p.b.j.ExternalCalendarSubscriptionJob  : External calendar subscriptions job finished.
2019-04-23 10:29:59.970 user:  INFO 6368 --- [scheduling-1] o.p.b.j.ExternalCalendarSubscriptionJob  : External calendar subscriptions job started.
2019-04-23 10:29:59.971 user:  INFO 6368 --- [scheduling-1] b.t.e.TeamEventExternalSubscriptionCache : Start updating TeamEventExternalSubscriptionCache.
2019-04-23 10:29:59.976 user:  INFO 6368 --- [scheduling-1] o.p.b.j.ExternalCalendarSubscriptionJob  : External calendar subscriptions job finished.
2019-04-23 10:44:59.970 user:  INFO 6368 --- [scheduling-1] o.p.b.j.ExternalCalendarSubscriptionJob  : External calendar subscriptions job started.
2019-04-23 10:44:59.972 user:  INFO 6368 --- [scheduling-1] b.t.e.TeamEventExternalSubscriptionCache : Start updating TeamEventExternalSubscriptionCache.
2019-04-23 10:44:59.976 user:  INFO 6368 --- [scheduling-1] o.p.b.j.ExternalCalendarSubscriptionJob  : External calendar subscriptions job finished.
2019-04-23 10:59:59.879 user:  INFO 6368 --- [scheduling-1] o.p.business.jobs.CronHourlyJob          : Hourly job started.
2019-04-23 10:59:59.880 user:  INFO 6368 --- [scheduling-1] o.p.business.jobs.CronHourlyJob          : Starting (re-)indexing of history entries of the last 24 hours.
2019-04-23 10:59:59.887 user:  INFO 6368 --- [scheduling-1] o.p.f.persistence.database.DatabaseDao   : Starting re-indexing of 41 entries (total number) of type org.projectforge.framework.persistence.history.entities.PfHistoryMasterDO with scrollMode=false...
2019-04-23 10:59:59.889 user:  INFO 6368 --- [scheduling-1] o.p.f.persistence.database.DatabaseDao   : Re-indexing of 0 objects of type org.projectforge.framework.persistence.history.entities.PfHistoryMasterDO done.
2019-04-23 10:59:59.890 user:  INFO 6368 --- [scheduling-1] o.p.business.jobs.CronHourlyJob          : Hourly job job finished.
2019-04-23 10:59:59.974 user:  INFO 6368 --- [scheduling-1] o.p.b.j.ExternalCalendarSubscriptionJob  : External calendar subscriptions job started.
2019-04-23 10:59:59.974 user:  INFO 6368 --- [scheduling-1] b.t.e.TeamEventExternalSubscriptionCache : Start updating TeamEventExternalSubscriptionCache.
2019-04-23 10:59:59.978 user:  INFO 6368 --- [scheduling-1] o.p.b.j.ExternalCalendarSubscriptionJob  : External calendar subscriptions job finished.
2019-04-23 11:14:59.974 user:  INFO 6368 --- [scheduling-1] o.p.b.j.ExternalCalendarSubscriptionJob  : External calendar subscriptions job started.
2019-04-23 11:14:59.975 user:  INFO 6368 --- [scheduling-1] b.t.e.TeamEventExternalSubscriptionCache : Start updating TeamEventExternalSubscriptionCache.
2019-04-23 11:14:59.980 user:  INFO 6368 --- [scheduling-1] o.p.b.j.ExternalCalendarSubscriptionJob  : External calendar subscriptions job finished.
2019-04-23 11:29:59.971 user:  INFO 6368 --- [scheduling-1] o.p.b.j.ExternalCalendarSubscriptionJob  : External calendar subscriptions job started.
2019-04-23 11:29:59.972 user:  INFO 6368 --- [scheduling-1] b.t.e.TeamEventExternalSubscriptionCache : Start updating TeamEventExternalSubscriptionCache.
2019-04-23 11:29:59.976 user:  INFO 6368 --- [scheduling-1] o.p.b.j.ExternalCalendarSubscriptionJob  : External calendar subscriptions job finished.
2019-04-23 11:44:59.971 user:  INFO 6368 --- [scheduling-1] o.p.b.j.ExternalCalendarSubscriptionJob  : External calendar subscriptions job started.
2019-04-23 11:44:59.972 user:  INFO 6368 --- [scheduling-1] b.t.e.TeamEventExternalSubscriptionCache : Start updating TeamEventExternalSubscriptionCache.
2019-04-23 11:44:59.978 user:  INFO 6368 --- [scheduling-1] o.p.b.j.ExternalCalendarSubscriptionJob  : External calendar subscriptions job finished.
2019-04-23 11:59:59.874 user:  INFO 6368 --- [scheduling-1] o.p.business.jobs.CronHourlyJob          : Hourly job started.
2019-04-23 11:59:59.875 user:  INFO 6368 --- [scheduling-1] o.p.business.jobs.CronHourlyJob          : Starting (re-)indexing of history entries of the last 24 hours.
2019-04-23 11:59:59.881 user:  INFO 6368 --- [scheduling-1] o.p.f.persistence.database.DatabaseDao   : Starting re-indexing of 41 entries (total number) of type org.projectforge.framework.persistence.history.entities.PfHistoryMasterDO with scrollMode=false...
2019-04-23 11:59:59.884 user:  INFO 6368 --- [scheduling-1] o.p.f.persistence.database.DatabaseDao   : Re-indexing of 0 objects of type org.projectforge.framework.persistence.history.entities.PfHistoryMasterDO done.
2019-04-23 11:59:59.885 user:  INFO 6368 --- [scheduling-1] o.p.business.jobs.CronHourlyJob          : Hourly job job finished.
2019-04-23 11:59:59.969 user:  INFO 6368 --- [scheduling-1] o.p.b.j.ExternalCalendarSubscriptionJob  : External calendar subscriptions job started.
2019-04-23 11:59:59.969 user:  INFO 6368 --- [scheduling-1] b.t.e.TeamEventExternalSubscriptionCache : Start updating TeamEventExternalSubscriptionCache.
2019-04-23 11:59:59.972 user:  INFO 6368 --- [scheduling-1] o.p.b.j.ExternalCalendarSubscriptionJob  : External calendar subscriptions job finished.
2019-04-23 12:14:59.976 user:  INFO 6368 --- [scheduling-1] o.p.b.j.ExternalCalendarSubscriptionJob  : External calendar subscriptions job started.
2019-04-23 12:14:59.977 user:  INFO 6368 --- [scheduling-1] b.t.e.TeamEventExternalSubscriptionCache : Start updating TeamEventExternalSubscriptionCache.
2019-04-23 12:14:59.982 user:  INFO 6368 --- [scheduling-1] o.p.b.j.ExternalCalendarSubscriptionJob  : External calendar subscriptions job finished.
2019-04-23 12:29:59.973 user:  INFO 6368 --- [scheduling-1] o.p.b.j.ExternalCalendarSubscriptionJob  : External calendar subscriptions job started.
2019-04-23 12:29:59.975 user:  INFO 6368 --- [scheduling-1] b.t.e.TeamEventExternalSubscriptionCache : Start updating TeamEventExternalSubscriptionCache.
2019-04-23 12:29:59.979 user:  INFO 6368 --- [scheduling-1] o.p.b.j.ExternalCalendarSubscriptionJob  : External calendar subscriptions job finished.
2019-04-23 12:44:59.970 user:  INFO 6368 --- [scheduling-1] o.p.b.j.ExternalCalendarSubscriptionJob  : External calendar subscriptions job started.
2019-04-23 12:44:59.971 user:  INFO 6368 --- [scheduling-1] b.t.e.TeamEventExternalSubscriptionCache : Start updating TeamEventExternalSubscriptionCache.
2019-04-23 12:44:59.975 user:  INFO 6368 --- [scheduling-1] o.p.b.j.ExternalCalendarSubscriptionJob  : External calendar subscriptions job finished.
2019-04-23 12:59:59.882 user:  INFO 6368 --- [scheduling-1] o.p.business.jobs.CronHourlyJob          : Hourly job started.
2019-04-23 12:59:59.883 user:  INFO 6368 --- [scheduling-1] o.p.business.jobs.CronHourlyJob          : Starting (re-)indexing of history entries of the last 24 hours.
2019-04-23 12:59:59.890 user:  INFO 6368 --- [scheduling-1] o.p.f.persistence.database.DatabaseDao   : Starting re-indexing of 41 entries (total number) of type org.projectforge.framework.persistence.history.entities.PfHistoryMasterDO with scrollMode=false...
2019-04-23 12:59:59.892 user:  INFO 6368 --- [scheduling-1] o.p.f.persistence.database.DatabaseDao   : Re-indexing of 0 objects of type org.projectforge.framework.persistence.history.entities.PfHistoryMasterDO done.
2019-04-23 12:59:59.893 user:  INFO 6368 --- [scheduling-1] o.p.business.jobs.CronHourlyJob          : Hourly job job finished.
2019-04-23 12:59:59.972 user:  INFO 6368 --- [scheduling-1] o.p.b.j.ExternalCalendarSubscriptionJob  : External calendar subscriptions job started.
2019-04-23 12:59:59.972 user:  INFO 6368 --- [scheduling-1] b.t.e.TeamEventExternalSubscriptionCache : Start updating TeamEventExternalSubscriptionCache.
2019-04-23 12:59:59.975 user:  INFO 6368 --- [scheduling-1] o.p.b.j.ExternalCalendarSubscriptionJob  : External calendar subscriptions job finished.
2019-04-23 13:14:59.978 user:  INFO 6368 --- [scheduling-1] o.p.b.j.ExternalCalendarSubscriptionJob  : External calendar subscriptions job started.
2019-04-23 13:14:59.980 user:  INFO 6368 --- [scheduling-1] b.t.e.TeamEventExternalSubscriptionCache : Start updating TeamEventExternalSubscriptionCache.
2019-04-23 13:14:59.985 user:  INFO 6368 --- [scheduling-1] o.p.b.j.ExternalCalendarSubscriptionJob  : External calendar subscriptions job finished.
2019-04-23 13:29:59.970 user:  INFO 6368 --- [scheduling-1] o.p.b.j.ExternalCalendarSubscriptionJob  : External calendar subscriptions job started.
2019-04-23 13:29:59.972 user:  INFO 6368 --- [scheduling-1] b.t.e.TeamEventExternalSubscriptionCache : Start updating TeamEventExternalSubscriptionCache.
2019-04-23 13:29:59.976 user:  INFO 6368 --- [scheduling-1] o.p.b.j.ExternalCalendarSubscriptionJob  : External calendar subscriptions job finished.
2019-04-23 13:44:59.971 user:  INFO 6368 --- [scheduling-1] o.p.b.j.ExternalCalendarSubscriptionJob  : External calendar subscriptions job started.
2019-04-23 13:44:59.973 user:  INFO 6368 --- [scheduling-1] b.t.e.TeamEventExternalSubscriptionCache : Start updating TeamEventExternalSubscriptionCache.
2019-04-23 13:44:59.978 user:  INFO 6368 --- [scheduling-1] o.p.b.j.ExternalCalendarSubscriptionJob  : External calendar subscriptions job finished.
2019-04-23 13:59:59.883 user:  INFO 6368 --- [scheduling-1] o.p.business.jobs.CronHourlyJob          : Hourly job started.
2019-04-23 13:59:59.884 user:  INFO 6368 --- [scheduling-1] o.p.business.jobs.CronHourlyJob          : Starting (re-)indexing of history entries of the last 24 hours.
2019-04-23 13:59:59.891 user:  INFO 6368 --- [scheduling-1] o.p.f.persistence.database.DatabaseDao   : Starting re-indexing of 41 entries (total number) of type org.projectforge.framework.persistence.history.entities.PfHistoryMasterDO with scrollMode=false...
2019-04-23 13:59:59.893 user:  INFO 6368 --- [scheduling-1] o.p.f.persistence.database.DatabaseDao   : Re-indexing of 0 objects of type org.projectforge.framework.persistence.history.entities.PfHistoryMasterDO done.
2019-04-23 13:59:59.894 user:  INFO 6368 --- [scheduling-1] o.p.business.jobs.CronHourlyJob          : Hourly job job finished.
2019-04-23 13:59:59.974 user:  INFO 6368 --- [scheduling-1] o.p.b.j.ExternalCalendarSubscriptionJob  : External calendar subscriptions job started.
2019-04-23 13:59:59.974 user:  INFO 6368 --- [scheduling-1] b.t.e.TeamEventExternalSubscriptionCache : Start updating TeamEventExternalSubscriptionCache.
2019-04-23 13:59:59.977 user:  INFO 6368 --- [scheduling-1] o.p.b.j.ExternalCalendarSubscriptionJob  : External calendar subscriptions job finished.
2019-04-23 14:14:59.974 user:  INFO 6368 --- [scheduling-1] o.p.b.j.ExternalCalendarSubscriptionJob  : External calendar subscriptions job started.
2019-04-23 14:14:59.975 user:  INFO 6368 --- [scheduling-1] b.t.e.TeamEventExternalSubscriptionCache : Start updating TeamEventExternalSubscriptionCache.
2019-04-23 14:14:59.979 user:  INFO 6368 --- [scheduling-1] o.p.b.j.ExternalCalendarSubscriptionJob  : External calendar subscriptions job finished.
2019-04-23 14:29:59.976 user:  INFO 6368 --- [scheduling-1] o.p.b.j.ExternalCalendarSubscriptionJob  : External calendar subscriptions job started.
2019-04-23 14:29:59.978 user:  INFO 6368 --- [scheduling-1] b.t.e.TeamEventExternalSubscriptionCache : Start updating TeamEventExternalSubscriptionCache.
2019-04-23 14:29:59.983 user:  INFO 6368 --- [scheduling-1] o.p.b.j.ExternalCalendarSubscriptionJob  : External calendar subscriptions job finished.
2019-04-23 14:44:59.976 user:  INFO 6368 --- [scheduling-1] o.p.b.j.ExternalCalendarSubscriptionJob  : External calendar subscriptions job started.
2019-04-23 14:44:59.978 user:  INFO 6368 --- [scheduling-1] b.t.e.TeamEventExternalSubscriptionCache : Start updating TeamEventExternalSubscriptionCache.
2019-04-23 14:44:59.982 user:  INFO 6368 --- [scheduling-1] o.p.b.j.ExternalCalendarSubscriptionJob  : External calendar subscriptions job finished.
2019-04-23 14:59:59.874 user:  INFO 6368 --- [scheduling-1] o.p.business.jobs.CronHourlyJob          : Hourly job started.
2019-04-23 14:59:59.875 user:  INFO 6368 --- [scheduling-1] o.p.business.jobs.CronHourlyJob          : Starting (re-)indexing of history entries of the last 24 hours.
2019-04-23 14:59:59.881 user:  INFO 6368 --- [scheduling-1] o.p.f.persistence.database.DatabaseDao   : Starting re-indexing of 41 entries (total number) of type org.projectforge.framework.persistence.history.entities.PfHistoryMasterDO with scrollMode=false...
2019-04-23 14:59:59.884 user:  INFO 6368 --- [scheduling-1] o.p.f.persistence.database.DatabaseDao   : Re-indexing of 0 objects of type org.projectforge.framework.persistence.history.entities.PfHistoryMasterDO done.
2019-04-23 14:59:59.885 user:  INFO 6368 --- [scheduling-1] o.p.business.jobs.CronHourlyJob          : Hourly job job finished.
2019-04-23 14:59:59.971 user:  INFO 6368 --- [scheduling-1] o.p.b.j.ExternalCalendarSubscriptionJob  : External calendar subscriptions job started.
2019-04-23 14:59:59.971 user:  INFO 6368 --- [scheduling-1] b.t.e.TeamEventExternalSubscriptionCache : Start updating TeamEventExternalSubscriptionCache.
2019-04-23 14:59:59.974 user:  INFO 6368 --- [scheduling-1] o.p.b.j.ExternalCalendarSubscriptionJob  : External calendar subscriptions job finished.
2019-04-23 15:14:59.974 user:  INFO 6368 --- [scheduling-1] o.p.b.j.ExternalCalendarSubscriptionJob  : External calendar subscriptions job started.
2019-04-23 15:14:59.976 user:  INFO 6368 --- [scheduling-1] b.t.e.TeamEventExternalSubscriptionCache : Start updating TeamEventExternalSubscriptionCache.
2019-04-23 15:14:59.979 user:  INFO 6368 --- [scheduling-1] o.p.b.j.ExternalCalendarSubscriptionJob  : External calendar subscriptions job finished.
2019-04-23 15:29:59.974 user:  INFO 6368 --- [scheduling-1] o.p.b.j.ExternalCalendarSubscriptionJob  : External calendar subscriptions job started.
2019-04-23 15:29:59.975 user:  INFO 6368 --- [scheduling-1] b.t.e.TeamEventExternalSubscriptionCache : Start updating TeamEventExternalSubscriptionCache.
2019-04-23 15:29:59.979 user:  INFO 6368 --- [scheduling-1] o.p.b.j.ExternalCalendarSubscriptionJob  : External calendar subscriptions job finished.
2019-04-23 15:44:59.973 user:  INFO 6368 --- [scheduling-1] o.p.b.j.ExternalCalendarSubscriptionJob  : External calendar subscriptions job started.
2019-04-23 15:44:59.975 user:  INFO 6368 --- [scheduling-1] b.t.e.TeamEventExternalSubscriptionCache : Start updating TeamEventExternalSubscriptionCache.
2019-04-23 15:44:59.979 user:  INFO 6368 --- [scheduling-1] o.p.b.j.ExternalCalendarSubscriptionJob  : External calendar subscriptions job finished.
2019-04-23 15:59:59.879 user:  INFO 6368 --- [scheduling-1] o.p.business.jobs.CronHourlyJob          : Hourly job started.
2019-04-23 15:59:59.880 user:  INFO 6368 --- [scheduling-1] o.p.business.jobs.CronHourlyJob          : Starting (re-)indexing of history entries of the last 24 hours.
2019-04-23 15:59:59.886 user:  INFO 6368 --- [scheduling-1] o.p.f.persistence.database.DatabaseDao   : Starting re-indexing of 41 entries (total number) of type org.projectforge.framework.persistence.history.entities.PfHistoryMasterDO with scrollMode=false...
2019-04-23 15:59:59.889 user:  INFO 6368 --- [scheduling-1] o.p.f.persistence.database.DatabaseDao   : Re-indexing of 0 objects of type org.projectforge.framework.persistence.history.entities.PfHistoryMasterDO done.
2019-04-23 15:59:59.890 user:  INFO 6368 --- [scheduling-1] o.p.business.jobs.CronHourlyJob          : Hourly job job finished.
2019-04-23 15:59:59.969 user:  INFO 6368 --- [scheduling-1] o.p.b.j.ExternalCalendarSubscriptionJob  : External calendar subscriptions job started.
2019-04-23 15:59:59.969 user:  INFO 6368 --- [scheduling-1] b.t.e.TeamEventExternalSubscriptionCache : Start updating TeamEventExternalSubscriptionCache.
2019-04-23 15:59:59.973 user:  INFO 6368 --- [scheduling-1] o.p.b.j.ExternalCalendarSubscriptionJob  : External calendar subscriptions job finished.
2019-04-23 16:14:59.972 user:  INFO 6368 --- [scheduling-1] o.p.b.j.ExternalCalendarSubscriptionJob  : External calendar subscriptions job started.
2019-04-23 16:14:59.973 user:  INFO 6368 --- [scheduling-1] b.t.e.TeamEventExternalSubscriptionCache : Start updating TeamEventExternalSubscriptionCache.
2019-04-23 16:14:59.977 user:  INFO 6368 --- [scheduling-1] o.p.b.j.ExternalCalendarSubscriptionJob  : External calendar subscriptions job finished.
2019-04-23 16:29:59.971 user:  INFO 6368 --- [scheduling-1] o.p.b.j.ExternalCalendarSubscriptionJob  : External calendar subscriptions job started.
2019-04-23 16:29:59.972 user:  INFO 6368 --- [scheduling-1] b.t.e.TeamEventExternalSubscriptionCache : Start updating TeamEventExternalSubscriptionCache.
2019-04-23 16:29:59.978 user:  INFO 6368 --- [scheduling-1] o.p.b.j.ExternalCalendarSubscriptionJob  : External calendar subscriptions job finished.
2019-04-23 16:44:59.970 user:  INFO 6368 --- [scheduling-1] o.p.b.j.ExternalCalendarSubscriptionJob  : External calendar subscriptions job started.
2019-04-23 16:44:59.971 user:  INFO 6368 --- [scheduling-1] b.t.e.TeamEventExternalSubscriptionCache : Start updating TeamEventExternalSubscriptionCache.
2019-04-23 16:44:59.975 user:  INFO 6368 --- [scheduling-1] o.p.b.j.ExternalCalendarSubscriptionJob  : External calendar subscriptions job finished.
2019-04-23 16:59:59.875 user:  INFO 6368 --- [scheduling-1] o.p.business.jobs.CronHourlyJob          : Hourly job started.
2019-04-23 16:59:59.876 user:  INFO 6368 --- [scheduling-1] o.p.business.jobs.CronHourlyJob          : Starting (re-)indexing of history entries of the last 24 hours.
2019-04-23 16:59:59.883 user:  INFO 6368 --- [scheduling-1] o.p.f.persistence.database.DatabaseDao   : Starting re-indexing of 41 entries (total number) of type org.projectforge.framework.persistence.history.entities.PfHistoryMasterDO with scrollMode=false...
2019-04-23 16:59:59.886 user:  INFO 6368 --- [scheduling-1] o.p.f.persistence.database.DatabaseDao   : Re-indexing of 0 objects of type org.projectforge.framework.persistence.history.entities.PfHistoryMasterDO done.
2019-04-23 16:59:59.887 user:  INFO 6368 --- [scheduling-1] o.p.business.jobs.CronHourlyJob          : Hourly job job finished.
2019-04-23 16:59:59.972 user:  INFO 6368 --- [scheduling-1] o.p.b.j.ExternalCalendarSubscriptionJob  : External calendar subscriptions job started.
2019-04-23 16:59:59.972 user:  INFO 6368 --- [scheduling-1] b.t.e.TeamEventExternalSubscriptionCache : Start updating TeamEventExternalSubscriptionCache.
2019-04-23 16:59:59.975 user:  INFO 6368 --- [scheduling-1] o.p.b.j.ExternalCalendarSubscriptionJob  : External calendar subscriptions job finished.
2019-04-23 17:14:59.979 user:  INFO 6368 --- [scheduling-1] o.p.b.j.ExternalCalendarSubscriptionJob  : External calendar subscriptions job started.
2019-04-23 17:14:59.980 user:  INFO 6368 --- [scheduling-1] b.t.e.TeamEventExternalSubscriptionCache : Start updating TeamEventExternalSubscriptionCache.
2019-04-23 17:14:59.983 user:  INFO 6368 --- [scheduling-1] o.p.b.j.ExternalCalendarSubscriptionJob  : External calendar subscriptions job finished.
2019-04-23 17:29:59.972 user:  INFO 6368 --- [scheduling-1] o.p.b.j.ExternalCalendarSubscriptionJob  : External calendar subscriptions job started.
2019-04-23 17:29:59.973 user:  INFO 6368 --- [scheduling-1] b.t.e.TeamEventExternalSubscriptionCache : Start updating TeamEventExternalSubscriptionCache.
2019-04-23 17:29:59.978 user:  INFO 6368 --- [scheduling-1] o.p.b.j.ExternalCalendarSubscriptionJob  : External calendar subscriptions job finished.
2019-04-23 17:44:59.971 user:  INFO 6368 --- [scheduling-1] o.p.b.j.ExternalCalendarSubscriptionJob  : External calendar subscriptions job started.
2019-04-23 17:44:59.972 user:  INFO 6368 --- [scheduling-1] b.t.e.TeamEventExternalSubscriptionCache : Start updating TeamEventExternalSubscriptionCache.
2019-04-23 17:44:59.977 user:  INFO 6368 --- [scheduling-1] o.p.b.j.ExternalCalendarSubscriptionJob  : External calendar subscriptions job finished.
2019-04-23 17:59:59.874 user:  INFO 6368 --- [scheduling-1] o.p.business.jobs.CronHourlyJob          : Hourly job started.
2019-04-23 17:59:59.876 user:  INFO 6368 --- [scheduling-1] o.p.business.jobs.CronHourlyJob          : Starting (re-)indexing of history entries of the last 24 hours.
2019-04-23 17:59:59.882 user:  INFO 6368 --- [scheduling-1] o.p.f.persistence.database.DatabaseDao   : Starting re-indexing of 41 entries (total number) of type org.projectforge.framework.persistence.history.entities.PfHistoryMasterDO with scrollMode=false...
2019-04-23 17:59:59.885 user:  INFO 6368 --- [scheduling-1] o.p.f.persistence.database.DatabaseDao   : Re-indexing of 0 objects of type org.projectforge.framework.persistence.history.entities.PfHistoryMasterDO done.
2019-04-23 17:59:59.886 user:  INFO 6368 --- [scheduling-1] o.p.business.jobs.CronHourlyJob          : Hourly job job finished.
2019-04-23 17:59:59.977 user:  INFO 6368 --- [scheduling-1] o.p.b.j.ExternalCalendarSubscriptionJob  : External calendar subscriptions job started.
2019-04-23 17:59:59.977 user:  INFO 6368 --- [scheduling-1] b.t.e.TeamEventExternalSubscriptionCache : Start updating TeamEventExternalSubscriptionCache.
2019-04-23 17:59:59.980 user:  INFO 6368 --- [scheduling-1] o.p.b.j.ExternalCalendarSubscriptionJob  : External calendar subscriptions job finished.
2019-04-23 18:14:59.978 user:  INFO 6368 --- [scheduling-1] o.p.b.j.ExternalCalendarSubscriptionJob  : External calendar subscriptions job started.
2019-04-23 18:14:59.979 user:  INFO 6368 --- [scheduling-1] b.t.e.TeamEventExternalSubscriptionCache : Start updating TeamEventExternalSubscriptionCache.
2019-04-23 18:14:59.982 user:  INFO 6368 --- [scheduling-1] o.p.b.j.ExternalCalendarSubscriptionJob  : External calendar subscriptions job finished.
2019-04-23 18:29:59.977 user:  INFO 6368 --- [scheduling-1] o.p.b.j.ExternalCalendarSubscriptionJob  : External calendar subscriptions job started.
2019-04-23 18:29:59.978 user:  INFO 6368 --- [scheduling-1] b.t.e.TeamEventExternalSubscriptionCache : Start updating TeamEventExternalSubscriptionCache.
2019-04-23 18:29:59.982 user:  INFO 6368 --- [scheduling-1] o.p.b.j.ExternalCalendarSubscriptionJob  : External calendar subscriptions job finished.
2019-04-23 18:44:59.973 user:  INFO 6368 --- [scheduling-1] o.p.b.j.ExternalCalendarSubscriptionJob  : External calendar subscriptions job started.
2019-04-23 18:44:59.974 user:  INFO 6368 --- [scheduling-1] b.t.e.TeamEventExternalSubscriptionCache : Start updating TeamEventExternalSubscriptionCache.
2019-04-23 18:44:59.977 user:  INFO 6368 --- [scheduling-1] o.p.b.j.ExternalCalendarSubscriptionJob  : External calendar subscriptions job finished.
2019-04-23 18:59:59.879 user:  INFO 6368 --- [scheduling-1] o.p.business.jobs.CronHourlyJob          : Hourly job started.
2019-04-23 18:59:59.880 user:  INFO 6368 --- [scheduling-1] o.p.business.jobs.CronHourlyJob          : Starting (re-)indexing of history entries of the last 24 hours.
2019-04-23 18:59:59.886 user:  INFO 6368 --- [scheduling-1] o.p.f.persistence.database.DatabaseDao   : Starting re-indexing of 41 entries (total number) of type org.projectforge.framework.persistence.history.entities.PfHistoryMasterDO with scrollMode=false...
2019-04-23 18:59:59.889 user:  INFO 6368 --- [scheduling-1] o.p.f.persistence.database.DatabaseDao   : Re-indexing of 0 objects of type org.projectforge.framework.persistence.history.entities.PfHistoryMasterDO done.
2019-04-23 18:59:59.890 user:  INFO 6368 --- [scheduling-1] o.p.business.jobs.CronHourlyJob          : Hourly job job finished.
2019-04-23 18:59:59.977 user:  INFO 6368 --- [scheduling-1] o.p.b.j.ExternalCalendarSubscriptionJob  : External calendar subscriptions job started.
2019-04-23 18:59:59.977 user:  INFO 6368 --- [scheduling-1] b.t.e.TeamEventExternalSubscriptionCache : Start updating TeamEventExternalSubscriptionCache.
2019-04-23 18:59:59.981 user:  INFO 6368 --- [scheduling-1] o.p.b.j.ExternalCalendarSubscriptionJob  : External calendar subscriptions job finished.
2019-04-23 19:14:59.972 user:  INFO 6368 --- [scheduling-1] o.p.b.j.ExternalCalendarSubscriptionJob  : External calendar subscriptions job started.
2019-04-23 19:14:59.974 user:  INFO 6368 --- [scheduling-1] b.t.e.TeamEventExternalSubscriptionCache : Start updating TeamEventExternalSubscriptionCache.
2019-04-23 19:14:59.976 user:  INFO 6368 --- [scheduling-1] o.p.b.j.ExternalCalendarSubscriptionJob  : External calendar subscriptions job finished.
2019-04-23 19:29:59.969 user:  INFO 6368 --- [scheduling-1] o.p.b.j.ExternalCalendarSubscriptionJob  : External calendar subscriptions job started.
2019-04-23 19:29:59.970 user:  INFO 6368 --- [scheduling-1] b.t.e.TeamEventExternalSubscriptionCache : Start updating TeamEventExternalSubscriptionCache.
2019-04-23 19:29:59.975 user:  INFO 6368 --- [scheduling-1] o.p.b.j.ExternalCalendarSubscriptionJob  : External calendar subscriptions job finished.
2019-04-23 19:44:59.968 user:  INFO 6368 --- [scheduling-1] o.p.b.j.ExternalCalendarSubscriptionJob  : External calendar subscriptions job started.
2019-04-23 19:44:59.969 user:  INFO 6368 --- [scheduling-1] b.t.e.TeamEventExternalSubscriptionCache : Start updating TeamEventExternalSubscriptionCache.
2019-04-23 19:44:59.972 user:  INFO 6368 --- [scheduling-1] o.p.b.j.ExternalCalendarSubscriptionJob  : External calendar subscriptions job finished.
2019-04-23 19:59:59.876 user:  INFO 6368 --- [scheduling-1] o.p.business.jobs.CronHourlyJob          : Hourly job started.
2019-04-23 19:59:59.878 user:  INFO 6368 --- [scheduling-1] o.p.business.jobs.CronHourlyJob          : Starting (re-)indexing of history entries of the last 24 hours.
2019-04-23 19:59:59.885 user:  INFO 6368 --- [scheduling-1] o.p.f.persistence.database.DatabaseDao   : Starting re-indexing of 41 entries (total number) of type org.projectforge.framework.persistence.history.entities.PfHistoryMasterDO with scrollMode=false...
2019-04-23 19:59:59.887 user:  INFO 6368 --- [scheduling-1] o.p.f.persistence.database.DatabaseDao   : Re-indexing of 0 objects of type org.projectforge.framework.persistence.history.entities.PfHistoryMasterDO done.
2019-04-23 19:59:59.889 user:  INFO 6368 --- [scheduling-1] o.p.business.jobs.CronHourlyJob          : Hourly job job finished.
2019-04-23 19:59:59.974 user:  INFO 6368 --- [scheduling-1] o.p.b.j.ExternalCalendarSubscriptionJob  : External calendar subscriptions job started.
2019-04-23 19:59:59.974 user:  INFO 6368 --- [scheduling-1] b.t.e.TeamEventExternalSubscriptionCache : Start updating TeamEventExternalSubscriptionCache.
2019-04-23 19:59:59.977 user:  INFO 6368 --- [scheduling-1] o.p.b.j.ExternalCalendarSubscriptionJob  : External calendar subscriptions job finished.
2019-04-23 20:14:59.976 user:  INFO 6368 --- [scheduling-1] o.p.b.j.ExternalCalendarSubscriptionJob  : External calendar subscriptions job started.
2019-04-23 20:14:59.977 user:  INFO 6368 --- [scheduling-1] b.t.e.TeamEventExternalSubscriptionCache : Start updating TeamEventExternalSubscriptionCache.
2019-04-23 20:14:59.979 user:  INFO 6368 --- [scheduling-1] o.p.b.j.ExternalCalendarSubscriptionJob  : External calendar subscriptions job finished.
2019-04-23 20:29:59.968 user:  INFO 6368 --- [scheduling-1] o.p.b.j.ExternalCalendarSubscriptionJob  : External calendar subscriptions job started.
2019-04-23 20:29:59.969 user:  INFO 6368 --- [scheduling-1] b.t.e.TeamEventExternalSubscriptionCache : Start updating TeamEventExternalSubscriptionCache.
2019-04-23 20:29:59.974 user:  INFO 6368 --- [scheduling-1] o.p.b.j.ExternalCalendarSubscriptionJob  : External calendar subscriptions job finished.
2019-04-23 20:44:59.971 user:  INFO 6368 --- [scheduling-1] o.p.b.j.ExternalCalendarSubscriptionJob  : External calendar subscriptions job started.
2019-04-23 20:44:59.972 user:  INFO 6368 --- [scheduling-1] b.t.e.TeamEventExternalSubscriptionCache : Start updating TeamEventExternalSubscriptionCache.
2019-04-23 20:44:59.975 user:  INFO 6368 --- [scheduling-1] o.p.b.j.ExternalCalendarSubscriptionJob  : External calendar subscriptions job finished.
2019-04-23 20:59:59.874 user:  INFO 6368 --- [scheduling-1] o.p.business.jobs.CronHourlyJob          : Hourly job started.
2019-04-23 20:59:59.875 user:  INFO 6368 --- [scheduling-1] o.p.business.jobs.CronHourlyJob          : Starting (re-)indexing of history entries of the last 24 hours.
2019-04-23 20:59:59.881 user:  INFO 6368 --- [scheduling-1] o.p.f.persistence.database.DatabaseDao   : Starting re-indexing of 41 entries (total number) of type org.projectforge.framework.persistence.history.entities.PfHistoryMasterDO with scrollMode=false...
2019-04-23 20:59:59.883 user:  INFO 6368 --- [scheduling-1] o.p.f.persistence.database.DatabaseDao   : Re-indexing of 0 objects of type org.projectforge.framework.persistence.history.entities.PfHistoryMasterDO done.
2019-04-23 20:59:59.884 user:  INFO 6368 --- [scheduling-1] o.p.business.jobs.CronHourlyJob          : Hourly job job finished.
2019-04-23 20:59:59.973 user:  INFO 6368 --- [scheduling-1] o.p.b.j.ExternalCalendarSubscriptionJob  : External calendar subscriptions job started.
2019-04-23 20:59:59.973 user:  INFO 6368 --- [scheduling-1] b.t.e.TeamEventExternalSubscriptionCache : Start updating TeamEventExternalSubscriptionCache.
2019-04-23 20:59:59.977 user:  INFO 6368 --- [scheduling-1] o.p.b.j.ExternalCalendarSubscriptionJob  : External calendar subscriptions job finished.
2019-04-23 21:14:59.971 user:  INFO 6368 --- [scheduling-1] o.p.b.j.ExternalCalendarSubscriptionJob  : External calendar subscriptions job started.
2019-04-23 21:14:59.974 user:  INFO 6368 --- [scheduling-1] b.t.e.TeamEventExternalSubscriptionCache : Start updating TeamEventExternalSubscriptionCache.
2019-04-23 21:14:59.977 user:  INFO 6368 --- [scheduling-1] o.p.b.j.ExternalCalendarSubscriptionJob  : External calendar subscriptions job finished.
2019-04-23 21:29:59.979 user:  INFO 6368 --- [scheduling-1] o.p.b.j.ExternalCalendarSubscriptionJob  : External calendar subscriptions job started.
2019-04-23 21:29:59.980 user:  INFO 6368 --- [scheduling-1] b.t.e.TeamEventExternalSubscriptionCache : Start updating TeamEventExternalSubscriptionCache.
2019-04-23 21:29:59.989 user:  INFO 6368 --- [scheduling-1] o.p.b.j.ExternalCalendarSubscriptionJob  : External calendar subscriptions job finished.
2019-04-23 21:44:59.971 user:  INFO 6368 --- [scheduling-1] o.p.b.j.ExternalCalendarSubscriptionJob  : External calendar subscriptions job started.
2019-04-23 21:44:59.973 user:  INFO 6368 --- [scheduling-1] b.t.e.TeamEventExternalSubscriptionCache : Start updating TeamEventExternalSubscriptionCache.
2019-04-23 21:44:59.979 user:  INFO 6368 --- [scheduling-1] o.p.b.j.ExternalCalendarSubscriptionJob  : External calendar subscriptions job finished.
2019-04-23 21:59:59.875 user:  INFO 6368 --- [scheduling-1] o.p.business.jobs.CronHourlyJob          : Hourly job started.
2019-04-23 21:59:59.876 user:  INFO 6368 --- [scheduling-1] o.p.business.jobs.CronHourlyJob          : Starting (re-)indexing of history entries of the last 24 hours.
2019-04-23 21:59:59.883 user:  INFO 6368 --- [scheduling-1] o.p.f.persistence.database.DatabaseDao   : Starting re-indexing of 41 entries (total number) of type org.projectforge.framework.persistence.history.entities.PfHistoryMasterDO with scrollMode=false...
2019-04-23 21:59:59.886 user:  INFO 6368 --- [scheduling-1] o.p.f.persistence.database.DatabaseDao   : Re-indexing of 0 objects of type org.projectforge.framework.persistence.history.entities.PfHistoryMasterDO done.
2019-04-23 21:59:59.887 user:  INFO 6368 --- [scheduling-1] o.p.business.jobs.CronHourlyJob          : Hourly job job finished.
2019-04-23 21:59:59.971 user:  INFO 6368 --- [scheduling-1] o.p.b.j.ExternalCalendarSubscriptionJob  : External calendar subscriptions job started.
2019-04-23 21:59:59.971 user:  INFO 6368 --- [scheduling-1] b.t.e.TeamEventExternalSubscriptionCache : Start updating TeamEventExternalSubscriptionCache.
2019-04-23 21:59:59.974 user:  INFO 6368 --- [scheduling-1] o.p.b.j.ExternalCalendarSubscriptionJob  : External calendar subscriptions job finished.
2019-04-23 22:14:59.971 user:  INFO 6368 --- [scheduling-1] o.p.b.j.ExternalCalendarSubscriptionJob  : External calendar subscriptions job started.
2019-04-23 22:14:59.973 user:  INFO 6368 --- [scheduling-1] b.t.e.TeamEventExternalSubscriptionCache : Start updating TeamEventExternalSubscriptionCache.
2019-04-23 22:14:59.976 user:  INFO 6368 --- [scheduling-1] o.p.b.j.ExternalCalendarSubscriptionJob  : External calendar subscriptions job finished.
2019-04-23 22:29:59.974 user:  INFO 6368 --- [scheduling-1] o.p.b.j.ExternalCalendarSubscriptionJob  : External calendar subscriptions job started.
2019-04-23 22:29:59.976 user:  INFO 6368 --- [scheduling-1] b.t.e.TeamEventExternalSubscriptionCache : Start updating TeamEventExternalSubscriptionCache.
2019-04-23 22:29:59.983 user:  INFO 6368 --- [scheduling-1] o.p.b.j.ExternalCalendarSubscriptionJob  : External calendar subscriptions job finished.
2019-04-23 22:44:59.977 user:  INFO 6368 --- [scheduling-1] o.p.b.j.ExternalCalendarSubscriptionJob  : External calendar subscriptions job started.
2019-04-23 22:44:59.978 user:  INFO 6368 --- [scheduling-1] b.t.e.TeamEventExternalSubscriptionCache : Start updating TeamEventExternalSubscriptionCache.
2019-04-23 22:44:59.981 user:  INFO 6368 --- [scheduling-1] o.p.b.j.ExternalCalendarSubscriptionJob  : External calendar subscriptions job finished.
2019-04-23 22:59:59.873 user:  INFO 6368 --- [scheduling-1] o.p.business.jobs.CronHourlyJob          : Hourly job started.
2019-04-23 22:59:59.875 user:  INFO 6368 --- [scheduling-1] o.p.business.jobs.CronHourlyJob          : Starting (re-)indexing of history entries of the last 24 hours.
2019-04-23 22:59:59.881 user:  INFO 6368 --- [scheduling-1] o.p.f.persistence.database.DatabaseDao   : Starting re-indexing of 41 entries (total number) of type org.projectforge.framework.persistence.history.entities.PfHistoryMasterDO with scrollMode=false...
2019-04-23 22:59:59.884 user:  INFO 6368 --- [scheduling-1] o.p.f.persistence.database.DatabaseDao   : Re-indexing of 0 objects of type org.projectforge.framework.persistence.history.entities.PfHistoryMasterDO done.
2019-04-23 22:59:59.884 user:  INFO 6368 --- [scheduling-1] o.p.business.jobs.CronHourlyJob          : Hourly job job finished.
2019-04-23 22:59:59.970 user:  INFO 6368 --- [scheduling-1] o.p.b.j.ExternalCalendarSubscriptionJob  : External calendar subscriptions job started.
2019-04-23 22:59:59.970 user:  INFO 6368 --- [scheduling-1] b.t.e.TeamEventExternalSubscriptionCache : Start updating TeamEventExternalSubscriptionCache.
2019-04-23 22:59:59.973 user:  INFO 6368 --- [scheduling-1] o.p.b.j.ExternalCalendarSubscriptionJob  : External calendar subscriptions job finished.
2019-04-23 23:14:59.969 user:  INFO 6368 --- [scheduling-1] o.p.b.j.ExternalCalendarSubscriptionJob  : External calendar subscriptions job started.
2019-04-23 23:14:59.970 user:  INFO 6368 --- [scheduling-1] b.t.e.TeamEventExternalSubscriptionCache : Start updating TeamEventExternalSubscriptionCache.
2019-04-23 23:14:59.972 user:  INFO 6368 --- [scheduling-1] o.p.b.j.ExternalCalendarSubscriptionJob  : External calendar subscriptions job finished.
2019-04-23 23:29:59.975 user:  INFO 6368 --- [scheduling-1] o.p.b.j.ExternalCalendarSubscriptionJob  : External calendar subscriptions job started.
2019-04-23 23:29:59.977 user:  INFO 6368 --- [scheduling-1] b.t.e.TeamEventExternalSubscriptionCache : Start updating TeamEventExternalSubscriptionCache.
2019-04-23 23:29:59.983 user:  INFO 6368 --- [scheduling-1] o.p.b.j.ExternalCalendarSubscriptionJob  : External calendar subscriptions job finished.
2019-04-23 23:44:59.970 user:  INFO 6368 --- [scheduling-1] o.p.b.j.ExternalCalendarSubscriptionJob  : External calendar subscriptions job started.
2019-04-23 23:44:59.971 user:  INFO 6368 --- [scheduling-1] b.t.e.TeamEventExternalSubscriptionCache : Start updating TeamEventExternalSubscriptionCache.
2019-04-23 23:44:59.974 user:  INFO 6368 --- [scheduling-1] o.p.b.j.ExternalCalendarSubscriptionJob  : External calendar subscriptions job finished.
2019-04-23 23:59:59.877 user:  INFO 6368 --- [scheduling-1] o.p.business.jobs.CronHourlyJob          : Hourly job started.
2019-04-23 23:59:59.879 user:  INFO 6368 --- [scheduling-1] o.p.business.jobs.CronHourlyJob          : Starting (re-)indexing of history entries of the last 24 hours.
2019-04-23 23:59:59.887 user:  INFO 6368 --- [scheduling-1] o.p.f.persistence.database.DatabaseDao   : Starting re-indexing of 41 entries (total number) of type org.projectforge.framework.persistence.history.entities.PfHistoryMasterDO with scrollMode=false...
2019-04-23 23:59:59.889 user:  INFO 6368 --- [scheduling-1] o.p.f.persistence.database.DatabaseDao   : Re-indexing of 0 objects of type org.projectforge.framework.persistence.history.entities.PfHistoryMasterDO done.
2019-04-23 23:59:59.891 user:  INFO 6368 --- [scheduling-1] o.p.business.jobs.CronHourlyJob          : Hourly job job finished.
2019-04-23 23:59:59.972 user:  INFO 6368 --- [scheduling-1] o.p.b.j.ExternalCalendarSubscriptionJob  : External calendar subscriptions job started.
2019-04-23 23:59:59.972 user:  INFO 6368 --- [scheduling-1] b.t.e.TeamEventExternalSubscriptionCache : Start updating TeamEventExternalSubscriptionCache.
2019-04-23 23:59:59.976 user:  INFO 6368 --- [scheduling-1] o.p.b.j.ExternalCalendarSubscriptionJob  : External calendar subscriptions job finished.
