2019-04-18 00:14:59.974 user:  INFO 6368 --- [scheduling-1] o.p.b.j.ExternalCalendarSubscriptionJob  : External calendar subscriptions job started.
2019-04-18 00:14:59.979 user:  INFO 6368 --- [scheduling-1] b.t.e.TeamEventExternalSubscriptionCache : Start updating TeamEventExternalSubscriptionCache.
2019-04-18 00:14:59.984 user:  INFO 6368 --- [scheduling-1] o.p.b.j.ExternalCalendarSubscriptionJob  : External calendar subscriptions job finished.
2019-04-18 00:29:59.969 user:  INFO 6368 --- [scheduling-1] o.p.b.j.ExternalCalendarSubscriptionJob  : External calendar subscriptions job started.
2019-04-18 00:29:59.970 user:  INFO 6368 --- [scheduling-1] b.t.e.TeamEventExternalSubscriptionCache : Start updating TeamEventExternalSubscriptionCache.
2019-04-18 00:29:59.973 user:  INFO 6368 --- [scheduling-1] o.p.b.j.ExternalCalendarSubscriptionJob  : External calendar subscriptions job finished.
2019-04-18 00:44:59.978 user:  INFO 6368 --- [scheduling-1] o.p.b.j.ExternalCalendarSubscriptionJob  : External calendar subscriptions job started.
2019-04-18 00:44:59.979 user:  INFO 6368 --- [scheduling-1] b.t.e.TeamEventExternalSubscriptionCache : Start updating TeamEventExternalSubscriptionCache.
2019-04-18 00:44:59.983 user:  INFO 6368 --- [scheduling-1] o.p.b.j.ExternalCalendarSubscriptionJob  : External calendar subscriptions job finished.
2019-04-18 00:59:59.875 user:  INFO 6368 --- [scheduling-1] o.p.business.jobs.CronHourlyJob          : Hourly job started.
2019-04-18 00:59:59.876 user:  INFO 6368 --- [scheduling-1] o.p.business.jobs.CronHourlyJob          : Starting (re-)indexing of history entries of the last 24 hours.
2019-04-18 00:59:59.882 user:  INFO 6368 --- [scheduling-1] o.p.f.persistence.database.DatabaseDao   : Starting re-indexing of 41 entries (total number) of type org.projectforge.framework.persistence.history.entities.PfHistoryMasterDO with scrollMode=false...
2019-04-18 00:59:59.922 user:  INFO 6368 --- [scheduling-1] o.p.f.persistence.database.DatabaseDao   : Re-indexing of 28 objects of type org.projectforge.framework.persistence.history.entities.PfHistoryMasterDO done.
2019-04-18 00:59:59.953 user:  INFO 6368 --- [scheduling-1] o.p.business.jobs.CronHourlyJob          : Hourly job job finished.
2019-04-18 00:59:59.973 user:  INFO 6368 --- [scheduling-1] o.p.b.j.ExternalCalendarSubscriptionJob  : External calendar subscriptions job started.
2019-04-18 00:59:59.973 user:  INFO 6368 --- [scheduling-1] b.t.e.TeamEventExternalSubscriptionCache : Start updating TeamEventExternalSubscriptionCache.
2019-04-18 00:59:59.975 user:  INFO 6368 --- [scheduling-1] o.p.b.j.ExternalCalendarSubscriptionJob  : External calendar subscriptions job finished.
2019-04-18 01:14:59.974 user:  INFO 6368 --- [scheduling-1] o.p.b.j.ExternalCalendarSubscriptionJob  : External calendar subscriptions job started.
2019-04-18 01:14:59.975 user:  INFO 6368 --- [scheduling-1] b.t.e.TeamEventExternalSubscriptionCache : Start updating TeamEventExternalSubscriptionCache.
2019-04-18 01:14:59.981 user:  INFO 6368 --- [scheduling-1] o.p.b.j.ExternalCalendarSubscriptionJob  : External calendar subscriptions job finished.
2019-04-18 01:29:59.975 user:  INFO 6368 --- [scheduling-1] o.p.b.j.ExternalCalendarSubscriptionJob  : External calendar subscriptions job started.
2019-04-18 01:29:59.976 user:  INFO 6368 --- [scheduling-1] b.t.e.TeamEventExternalSubscriptionCache : Start updating TeamEventExternalSubscriptionCache.
2019-04-18 01:29:59.979 user:  INFO 6368 --- [scheduling-1] o.p.b.j.ExternalCalendarSubscriptionJob  : External calendar subscriptions job finished.
2019-04-18 01:44:59.972 user:  INFO 6368 --- [scheduling-1] o.p.b.j.ExternalCalendarSubscriptionJob  : External calendar subscriptions job started.
2019-04-18 01:44:59.973 user:  INFO 6368 --- [scheduling-1] b.t.e.TeamEventExternalSubscriptionCache : Start updating TeamEventExternalSubscriptionCache.
2019-04-18 01:44:59.979 user:  INFO 6368 --- [scheduling-1] o.p.b.j.ExternalCalendarSubscriptionJob  : External calendar subscriptions job finished.
2019-04-18 01:59:59.883 user:  INFO 6368 --- [scheduling-1] o.p.business.jobs.CronHourlyJob          : Hourly job started.
2019-04-18 01:59:59.884 user:  INFO 6368 --- [scheduling-1] o.p.business.jobs.CronHourlyJob          : Starting (re-)indexing of history entries of the last 24 hours.
2019-04-18 01:59:59.891 user:  INFO 6368 --- [scheduling-1] o.p.f.persistence.database.DatabaseDao   : Starting re-indexing of 41 entries (total number) of type org.projectforge.framework.persistence.history.entities.PfHistoryMasterDO with scrollMode=false...
2019-04-18 01:59:59.926 user:  INFO 6368 --- [scheduling-1] o.p.f.persistence.database.DatabaseDao   : Re-indexing of 28 objects of type org.projectforge.framework.persistence.history.entities.PfHistoryMasterDO done.
2019-04-18 01:59:59.959 user:  INFO 6368 --- [scheduling-1] o.p.business.jobs.CronHourlyJob          : Hourly job job finished.
2019-04-18 01:59:59.971 user:  INFO 6368 --- [scheduling-1] o.p.b.j.ExternalCalendarSubscriptionJob  : External calendar subscriptions job started.
2019-04-18 01:59:59.971 user:  INFO 6368 --- [scheduling-1] b.t.e.TeamEventExternalSubscriptionCache : Start updating TeamEventExternalSubscriptionCache.
2019-04-18 01:59:59.973 user:  INFO 6368 --- [scheduling-1] o.p.b.j.ExternalCalendarSubscriptionJob  : External calendar subscriptions job finished.
2019-04-18 02:14:59.975 user:  INFO 6368 --- [scheduling-1] o.p.b.j.ExternalCalendarSubscriptionJob  : External calendar subscriptions job started.
2019-04-18 02:14:59.976 user:  INFO 6368 --- [scheduling-1] b.t.e.TeamEventExternalSubscriptionCache : Start updating TeamEventExternalSubscriptionCache.
2019-04-18 02:14:59.981 user:  INFO 6368 --- [scheduling-1] o.p.b.j.ExternalCalendarSubscriptionJob  : External calendar subscriptions job finished.
2019-04-18 02:29:58.386 user:  INFO 6368 --- [scheduling-1] o.p.business.jobs.CronNightlyJob         : Nightly job started.
2019-04-18 02:29:58.387 user:  INFO 6368 --- [scheduling-1] o.p.f.p.h.HibernateSearchReindexer       : Re-index job started.
2019-04-18 02:29:58.393 user:  INFO 6368 --- [scheduling-1] o.p.f.persistence.database.DatabaseDao   : Starting re-indexing of 0 entries (total number) of type org.projectforge.plugins.skillmatrix.TrainingAttendeeDO with scrollMode=false...
2019-04-18 02:29:58.400 user:  INFO 6368 --- [scheduling-1] o.p.f.persistence.database.DatabaseDao   : Re-indexing of 0 objects of type org.projectforge.plugins.skillmatrix.TrainingAttendeeDO done.
2019-04-18 02:29:58.404 user:  INFO 6368 --- [scheduling-1] o.p.f.persistence.database.DatabaseDao   : Starting (mass) re-indexing of 21 entries of type org.projectforge.business.timesheet.TimesheetDO...
2019-04-18 02:29:58.465 user:  INFO 6368 --- [Hibernate Search: identifierloader-1] o.h.s.b.i.SimpleIndexingProgressMonitor  : HSEARCH000027: Going to reindex 21 entities
2019-04-18 02:29:58.491 user:  INFO 6368 --- [Hibernate Search: entityloader-5] o.p.b.multitenancy.TenantRegistryMap     : Refreshing org.projectforge.business.multitenancy.TenantRegistry...
2019-04-18 02:29:58.491 user:  INFO 6368 --- [Hibernate Search: entityloader-5] o.p.b.multitenancy.TenantRegistryMap     : Refreshing of org.projectforge.business.multitenancy.TenantRegistry done.
2019-04-18 02:29:58.492 user:  INFO 6368 --- [Hibernate Search: entityloader-5] org.projectforge.business.task.TaskTree  : Initializing task tree ...
2019-04-18 02:29:58.500 user:  WARN 6368 --- [Hibernate Search: entityloader-5] o.h.hql.internal.ast.HqlSqlWalker        : [DEPRECATION] Encountered positional parameter near line 1, column 64 in HQL: [from org.projectforge.business.task.TaskDO t where tenant_id = ? or tenant_id is null].  Positional parameter are considered deprecated; use named parameters or JPA-style positional parameters instead.
2019-04-18 02:29:58.609 user:  INFO 6368 --- [Hibernate Search: entityloader-5] org.projectforge.business.task.TaskTree  : Initializing task tree done.
2019-04-18 02:29:58.669 user:  INFO 6368 --- [scheduling-1] o.h.s.b.i.SimpleIndexingProgressMonitor  : HSEARCH000028: Reindexed 21 entities
2019-04-18 02:29:58.669 user:  INFO 6368 --- [scheduling-1] o.p.f.persistence.database.DatabaseDao   : Re-indexing of 21 objects of type org.projectforge.business.timesheet.TimesheetDO done.
2019-04-18 02:29:58.673 user:  INFO 6368 --- [scheduling-1] o.p.f.persistence.database.DatabaseDao   : Starting re-indexing of 5 entries (total number) of type org.projectforge.business.fibu.AuftragsPositionDO with scrollMode=false...
2019-04-18 02:29:58.699 user:  INFO 6368 --- [scheduling-1] o.p.f.persistence.database.DatabaseDao   : Re-indexing of 25 objects of type org.projectforge.business.fibu.AuftragsPositionDO done.
2019-04-18 02:29:58.731 user:  INFO 6368 --- [scheduling-1] o.p.f.persistence.database.DatabaseDao   : Starting re-indexing of 7 entries (total number) of type org.projectforge.business.teamcal.event.model.TeamEventDO with scrollMode=false...
2019-04-18 02:29:58.750 user:  INFO 6368 --- [scheduling-1] o.p.f.persistence.database.DatabaseDao   : Re-indexing of 7 objects of type org.projectforge.business.teamcal.event.model.TeamEventDO done.
2019-04-18 02:29:58.761 user:  WARN 6368 --- [scheduling-1] b.t.a.m.HibernateSearchUsersGroupsBridge : Group with id '1' not found in UserGroupCache. groupIds string was: 1,2
2019-04-18 02:29:58.762 user:  WARN 6368 --- [scheduling-1] b.t.a.m.HibernateSearchUsersGroupsBridge : Group with id '2' not found in UserGroupCache. groupIds string was: 1,2
2019-04-18 02:29:58.763 user:  WARN 6368 --- [scheduling-1] b.t.a.m.HibernateSearchUsersGroupsBridge : Group with id '1' not found in UserGroupCache. groupIds string was: 1,2
2019-04-18 02:29:58.763 user:  WARN 6368 --- [scheduling-1] b.t.a.m.HibernateSearchUsersGroupsBridge : Group with id '2' not found in UserGroupCache. groupIds string was: 1,2
2019-04-18 02:29:58.767 user:  WARN 6368 --- [scheduling-1] b.t.a.m.HibernateSearchUsersGroupsBridge : Group with id '2' not found in UserGroupCache. groupIds string was: 2
2019-04-18 02:29:58.768 user:  WARN 6368 --- [scheduling-1] b.t.a.m.HibernateSearchUsersGroupsBridge : Group with id '1' not found in UserGroupCache. groupIds string was: 1,2
2019-04-18 02:29:58.768 user:  WARN 6368 --- [scheduling-1] b.t.a.m.HibernateSearchUsersGroupsBridge : Group with id '2' not found in UserGroupCache. groupIds string was: 1,2
2019-04-18 02:29:58.769 user:  WARN 6368 --- [scheduling-1] b.t.a.m.HibernateSearchUsersGroupsBridge : Group with id '2' not found in UserGroupCache. groupIds string was: 2
2019-04-18 02:29:58.771 user:  WARN 6368 --- [scheduling-1] b.t.a.m.HibernateSearchUsersGroupsBridge : Group with id '2' not found in UserGroupCache. groupIds string was: 2,1
2019-04-18 02:29:58.772 user:  WARN 6368 --- [scheduling-1] b.t.a.m.HibernateSearchUsersGroupsBridge : Group with id '1' not found in UserGroupCache. groupIds string was: 2,1
2019-04-18 02:29:58.773 user:  WARN 6368 --- [scheduling-1] b.t.a.m.HibernateSearchUsersGroupsBridge : Group with id '2' not found in UserGroupCache. groupIds string was: 2
2019-04-18 02:29:58.800 user:  INFO 6368 --- [scheduling-1] o.p.f.persistence.database.DatabaseDao   : Starting re-indexing of 2 entries (total number) of type org.projectforge.business.fibu.EingangsrechnungsPositionDO with scrollMode=false...
2019-04-18 02:29:58.811 user:  INFO 6368 --- [scheduling-1] o.p.f.persistence.database.DatabaseDao   : Re-indexing of 2 objects of type org.projectforge.business.fibu.EingangsrechnungsPositionDO done.
2019-04-18 02:29:58.835 user:  INFO 6368 --- [scheduling-1] o.p.f.persistence.database.DatabaseDao   : Starting re-indexing of 0 entries (total number) of type org.projectforge.plugins.memo.MemoDO with scrollMode=false...
2019-04-18 02:29:58.837 user:  INFO 6368 --- [scheduling-1] o.p.f.persistence.database.DatabaseDao   : Re-indexing of 0 objects of type org.projectforge.plugins.memo.MemoDO done.
2019-04-18 02:29:58.840 user:  INFO 6368 --- [scheduling-1] o.p.f.persistence.database.DatabaseDao   : Starting re-indexing of 0 entries (total number) of type org.projectforge.business.fibu.EmployeeSalaryDO with scrollMode=false...
2019-04-18 02:29:58.843 user:  INFO 6368 --- [scheduling-1] o.p.f.persistence.database.DatabaseDao   : Re-indexing of 0 objects of type org.projectforge.business.fibu.EmployeeSalaryDO done.
2019-04-18 02:29:58.846 user:  INFO 6368 --- [scheduling-1] o.p.f.persistence.database.DatabaseDao   : Starting re-indexing of 20 entries (total number) of type org.projectforge.framework.configuration.entities.ConfigurationDO with scrollMode=false...
2019-04-18 02:29:58.858 user:  INFO 6368 --- [scheduling-1] o.p.f.persistence.database.DatabaseDao   : Re-indexing of 20 objects of type org.projectforge.framework.configuration.entities.ConfigurationDO done.
2019-04-18 02:29:58.884 user:  INFO 6368 --- [scheduling-1] o.p.f.persistence.database.DatabaseDao   : Starting re-indexing of 0 entries (total number) of type org.projectforge.plugins.skillmatrix.TrainingDO with scrollMode=false...
2019-04-18 02:29:58.885 user:  INFO 6368 --- [scheduling-1] o.p.f.persistence.database.DatabaseDao   : Re-indexing of 0 objects of type org.projectforge.plugins.skillmatrix.TrainingDO done.
2019-04-18 02:29:58.888 user:  INFO 6368 --- [scheduling-1] o.p.f.persistence.database.DatabaseDao   : Starting re-indexing of 60 entries (total number) of type org.projectforge.framework.access.AccessEntryDO with scrollMode=false...
2019-04-18 02:29:58.898 user:  INFO 6368 --- [scheduling-1] o.p.f.persistence.database.DatabaseDao   : Re-indexing of 60 objects of type org.projectforge.framework.access.AccessEntryDO done.
2019-04-18 02:29:58.924 user:  INFO 6368 --- [scheduling-1] o.p.f.persistence.database.DatabaseDao   : Starting re-indexing of 0 entries (total number) of type org.projectforge.business.humanresources.HRPlanningDO with scrollMode=false...
2019-04-18 02:29:58.927 user:  INFO 6368 --- [scheduling-1] o.p.f.persistence.database.DatabaseDao   : Re-indexing of 0 objects of type org.projectforge.business.humanresources.HRPlanningDO done.
2019-04-18 02:29:58.930 user:  INFO 6368 --- [scheduling-1] o.p.f.persistence.database.DatabaseDao   : Starting re-indexing of 10 entries (total number) of type org.projectforge.business.fibu.kost.Kost2DO with scrollMode=false...
2019-04-18 02:29:58.944 user:  INFO 6368 --- [scheduling-1] o.p.f.persistence.database.DatabaseDao   : Re-indexing of 10 objects of type org.projectforge.business.fibu.kost.Kost2DO done.
2019-04-18 02:29:58.977 user:  INFO 6368 --- [scheduling-1] o.p.f.persistence.database.DatabaseDao   : Starting re-indexing of 2 entries (total number) of type org.projectforge.business.fibu.ProjektDO with scrollMode=false...
2019-04-18 02:29:58.988 user:  INFO 6368 --- [scheduling-1] o.p.f.persistence.database.DatabaseDao   : Re-indexing of 2 objects of type org.projectforge.business.fibu.ProjektDO done.
2019-04-18 02:29:59.019 user:  INFO 6368 --- [scheduling-1] o.p.f.persistence.database.DatabaseDao   : Starting re-indexing of 9 entries (total number) of type org.projectforge.framework.persistence.user.entities.UserPrefDO with scrollMode=false...
2019-04-18 02:29:59.034 user:  INFO 6368 --- [scheduling-1] o.p.f.persistence.database.DatabaseDao   : Re-indexing of 17 objects of type org.projectforge.framework.persistence.user.entities.UserPrefDO done.
2019-04-18 02:29:59.069 user:  INFO 6368 --- [scheduling-1] o.p.f.persistence.database.DatabaseDao   : Starting re-indexing of 0 entries (total number) of type org.projectforge.business.orga.PostausgangDO with scrollMode=false...
2019-04-18 02:29:59.071 user:  INFO 6368 --- [scheduling-1] o.p.f.persistence.database.DatabaseDao   : Re-indexing of 0 objects of type org.projectforge.business.orga.PostausgangDO done.
2019-04-18 02:29:59.073 user:  INFO 6368 --- [scheduling-1] o.p.f.persistence.database.DatabaseDao   : Starting re-indexing of 1 entries (total number) of type org.projectforge.business.address.AddressbookDO with scrollMode=false...
2019-04-18 02:29:59.083 user:  INFO 6368 --- [scheduling-1] o.p.f.persistence.database.DatabaseDao   : Re-indexing of 1 objects of type org.projectforge.business.address.AddressbookDO done.
2019-04-18 02:29:59.108 user:  INFO 6368 --- [scheduling-1] o.p.f.persistence.database.DatabaseDao   : Starting re-indexing of 22 entries (total number) of type org.projectforge.business.task.TaskDO with scrollMode=false...
2019-04-18 02:29:59.137 user:  INFO 6368 --- [scheduling-1] o.p.f.persistence.database.DatabaseDao   : Re-indexing of 22 objects of type org.projectforge.business.task.TaskDO done.
2019-04-18 02:29:59.170 user:  INFO 6368 --- [scheduling-1] o.p.f.persistence.database.DatabaseDao   : Starting re-indexing of 0 entries (total number) of type org.projectforge.plugins.todo.ToDoDO with scrollMode=false...
2019-04-18 02:29:59.172 user:  INFO 6368 --- [scheduling-1] o.p.f.persistence.database.DatabaseDao   : Re-indexing of 0 objects of type org.projectforge.plugins.todo.ToDoDO done.
2019-04-18 02:29:59.175 user:  INFO 6368 --- [scheduling-1] o.p.f.persistence.database.DatabaseDao   : Starting re-indexing of 0 entries (total number) of type org.projectforge.business.meb.MebEntryDO with scrollMode=false...
2019-04-18 02:29:59.177 user:  INFO 6368 --- [scheduling-1] o.p.f.persistence.database.DatabaseDao   : Re-indexing of 0 objects of type org.projectforge.business.meb.MebEntryDO done.
2019-04-18 02:29:59.180 user:  INFO 6368 --- [scheduling-1] o.p.f.persistence.database.DatabaseDao   : Starting re-indexing of 0 entries (total number) of type org.projectforge.business.fibu.kost.BuchungssatzDO with scrollMode=false...
2019-04-18 02:29:59.186 user:  INFO 6368 --- [scheduling-1] o.p.f.persistence.database.DatabaseDao   : Re-indexing of 0 objects of type org.projectforge.business.fibu.kost.BuchungssatzDO done.
2019-04-18 02:29:59.189 user:  INFO 6368 --- [scheduling-1] o.p.f.persistence.database.DatabaseDao   : Starting re-indexing of 0 entries (total number) of type org.projectforge.plugins.liquidityplanning.LiquidityEntryDO with scrollMode=false...
2019-04-18 02:29:59.191 user:  INFO 6368 --- [scheduling-1] o.p.f.persistence.database.DatabaseDao   : Re-indexing of 0 objects of type org.projectforge.plugins.liquidityplanning.LiquidityEntryDO done.
2019-04-18 02:29:59.194 user:  INFO 6368 --- [scheduling-1] o.p.f.persistence.database.DatabaseDao   : Starting re-indexing of 3 entries (total number) of type org.projectforge.business.fibu.AuftragDO with scrollMode=false...
2019-04-18 02:29:59.214 user:  INFO 6368 --- [scheduling-1] o.p.f.persistence.database.DatabaseDao   : Re-indexing of 25 objects of type org.projectforge.business.fibu.AuftragDO done.
2019-04-18 02:29:59.250 user:  INFO 6368 --- [scheduling-1] o.p.f.persistence.database.DatabaseDao   : Starting re-indexing of 0 entries (total number) of type org.projectforge.business.address.PersonalAddressDO with scrollMode=false...
2019-04-18 02:29:59.252 user:  INFO 6368 --- [scheduling-1] o.p.f.persistence.database.DatabaseDao   : Re-indexing of 0 objects of type org.projectforge.business.address.PersonalAddressDO done.
2019-04-18 02:29:59.255 user:  INFO 6368 --- [scheduling-1] o.p.f.persistence.database.DatabaseDao   : Starting re-indexing of 0 entries (total number) of type org.projectforge.business.vacation.model.VacationDO with scrollMode=false...
2019-04-18 02:29:59.261 user:  INFO 6368 --- [scheduling-1] o.p.f.persistence.database.DatabaseDao   : Re-indexing of 0 objects of type org.projectforge.business.vacation.model.VacationDO done.
2019-04-18 02:29:59.265 user:  INFO 6368 --- [scheduling-1] o.p.f.persistence.database.DatabaseDao   : Starting (mass) re-indexing of 41 entries of type org.projectforge.framework.persistence.history.entities.PfHistoryMasterDO...
2019-04-18 02:29:59.275 user:  INFO 6368 --- [Hibernate Search: identifierloader-1] o.h.s.b.i.SimpleIndexingProgressMonitor  : HSEARCH000027: Going to reindex 41 entities
2019-04-18 02:29:59.329 user:  INFO 6368 --- [scheduling-1] o.h.s.b.i.SimpleIndexingProgressMonitor  : HSEARCH000028: Reindexed 41 entities
2019-04-18 02:29:59.330 user:  INFO 6368 --- [scheduling-1] o.p.f.persistence.database.DatabaseDao   : Re-indexing of 41 objects of type org.projectforge.framework.persistence.history.entities.PfHistoryMasterDO done.
2019-04-18 02:29:59.333 user:  INFO 6368 --- [scheduling-1] o.p.f.persistence.database.DatabaseDao   : Starting re-indexing of 0 entries (total number) of type org.projectforge.plugins.marketing.AddressCampaignValueDO with scrollMode=false...
2019-04-18 02:29:59.335 user:  INFO 6368 --- [scheduling-1] o.p.f.persistence.database.DatabaseDao   : Re-indexing of 0 objects of type org.projectforge.plugins.marketing.AddressCampaignValueDO done.
2019-04-18 02:29:59.338 user:  INFO 6368 --- [scheduling-1] o.p.f.persistence.database.DatabaseDao   : Starting re-indexing of 4 entries (total number) of type org.projectforge.business.teamcal.admin.model.TeamCalDO with scrollMode=false...
2019-04-18 02:29:59.350 user:  INFO 6368 --- [scheduling-1] o.p.f.persistence.database.DatabaseDao   : Re-indexing of 4 objects of type org.projectforge.business.teamcal.admin.model.TeamCalDO done.
2019-04-18 02:29:59.358 user:  WARN 6368 --- [scheduling-1] b.t.a.m.HibernateSearchUsersGroupsBridge : Group with id '2' not found in UserGroupCache. groupIds string was: 2
2019-04-18 02:29:59.358 user:  WARN 6368 --- [scheduling-1] b.t.a.m.HibernateSearchUsersGroupsBridge : Group with id '1' not found in UserGroupCache. groupIds string was: 1,2
2019-04-18 02:29:59.359 user:  WARN 6368 --- [scheduling-1] b.t.a.m.HibernateSearchUsersGroupsBridge : Group with id '2' not found in UserGroupCache. groupIds string was: 1,2
2019-04-18 02:29:59.361 user:  WARN 6368 --- [scheduling-1] b.t.a.m.HibernateSearchUsersGroupsBridge : Group with id '2' not found in UserGroupCache. groupIds string was: 2
2019-04-18 02:29:59.361 user:  WARN 6368 --- [scheduling-1] b.t.a.m.HibernateSearchUsersGroupsBridge : Group with id '2' not found in UserGroupCache. groupIds string was: 2,1
2019-04-18 02:29:59.362 user:  WARN 6368 --- [scheduling-1] b.t.a.m.HibernateSearchUsersGroupsBridge : Group with id '1' not found in UserGroupCache. groupIds string was: 2,1
2019-04-18 02:29:59.389 user:  INFO 6368 --- [scheduling-1] o.p.f.persistence.database.DatabaseDao   : Starting re-indexing of 1 entries (total number) of type org.projectforge.business.gantt.GanttChartDO with scrollMode=false...
2019-04-18 02:29:59.400 user:  INFO 6368 --- [scheduling-1] o.p.f.persistence.database.DatabaseDao   : Re-indexing of 1 objects of type org.projectforge.business.gantt.GanttChartDO done.
2019-04-18 02:29:59.430 user:  INFO 6368 --- [scheduling-1] o.p.f.persistence.database.DatabaseDao   : Starting re-indexing of 11 entries (total number) of type org.projectforge.framework.persistence.user.entities.PFUserDO with scrollMode=false...
2019-04-18 02:29:59.450 user:  INFO 6368 --- [scheduling-1] o.p.f.persistence.database.DatabaseDao   : Re-indexing of 37 objects of type org.projectforge.framework.persistence.user.entities.PFUserDO done.
2019-04-18 02:29:59.477 user:  INFO 6368 --- [scheduling-1] o.p.f.persistence.database.DatabaseDao   : Starting re-indexing of 29 entries (total number) of type org.projectforge.framework.persistence.user.entities.UserRightDO with scrollMode=false...
2019-04-18 02:29:59.492 user:  INFO 6368 --- [scheduling-1] o.p.f.persistence.database.DatabaseDao   : Re-indexing of 29 objects of type org.projectforge.framework.persistence.user.entities.UserRightDO done.
2019-04-18 02:29:59.523 user:  INFO 6368 --- [scheduling-1] o.p.f.persistence.database.DatabaseDao   : Starting re-indexing of 0 entries (total number) of type org.projectforge.plugins.skillmatrix.SkillRatingDO with scrollMode=false...
2019-04-18 02:29:59.524 user:  INFO 6368 --- [scheduling-1] o.p.f.persistence.database.DatabaseDao   : Re-indexing of 0 objects of type org.projectforge.plugins.skillmatrix.SkillRatingDO done.
2019-04-18 02:29:59.527 user:  INFO 6368 --- [scheduling-1] o.p.f.persistence.database.DatabaseDao   : Starting re-indexing of 2 entries (total number) of type org.projectforge.business.fibu.EingangsrechnungDO with scrollMode=false...
2019-04-18 02:29:59.530 user:  INFO 6368 --- [scheduling-1] o.p.f.c.AbstractConfiguration            : Initializing Configuration[tenant=1] (ConfigurationDO parameters) ...
2019-04-18 02:29:59.544 user:  INFO 6368 --- [scheduling-1] o.p.f.persistence.database.DatabaseDao   : Re-indexing of 2 objects of type org.projectforge.business.fibu.EingangsrechnungDO done.
2019-04-18 02:29:59.544 user: ERROR 6368 --- [scheduling-1] o.p.b.f.HibernateSearchPaymentTypeBridge : PaymentType object is null.
2019-04-18 02:29:59.545 user: ERROR 6368 --- [scheduling-1] o.p.b.f.HibernateSearchPaymentTypeBridge : PaymentType object is null.
2019-04-18 02:29:59.573 user:  INFO 6368 --- [scheduling-1] o.p.f.persistence.database.DatabaseDao   : Starting re-indexing of 15 entries (total number) of type org.projectforge.framework.access.GroupTaskAccessDO with scrollMode=false...
2019-04-18 02:29:59.606 user:  INFO 6368 --- [scheduling-1] o.p.f.persistence.database.DatabaseDao   : Re-indexing of 440 objects of type org.projectforge.framework.access.GroupTaskAccessDO done.
2019-04-18 02:29:59.635 user:  INFO 6368 --- [scheduling-1] o.p.f.persistence.database.DatabaseDao   : Starting re-indexing of 4 entries (total number) of type org.projectforge.business.book.BookDO with scrollMode=false...
2019-04-18 02:29:59.646 user:  INFO 6368 --- [scheduling-1] o.p.f.persistence.database.DatabaseDao   : Re-indexing of 4 objects of type org.projectforge.business.book.BookDO done.
2019-04-18 02:29:59.672 user:  INFO 6368 --- [scheduling-1] o.p.f.persistence.database.DatabaseDao   : Starting re-indexing of 2 entries (total number) of type org.projectforge.business.fibu.EmployeeTimedDO with scrollMode=false...
2019-04-18 02:29:59.684 user:  INFO 6368 --- [scheduling-1] o.p.f.persistence.database.DatabaseDao   : Re-indexing of 2 objects of type org.projectforge.business.fibu.EmployeeTimedDO done.
2019-04-18 02:29:59.726 user:  INFO 6368 --- [scheduling-1] o.p.f.persistence.database.DatabaseDao   : Starting re-indexing of 0 entries (total number) of type org.projectforge.plugins.licensemanagement.LicenseDO with scrollMode=false...
2019-04-18 02:29:59.728 user:  INFO 6368 --- [scheduling-1] o.p.f.persistence.database.DatabaseDao   : Re-indexing of 0 objects of type org.projectforge.plugins.licensemanagement.LicenseDO done.
2019-04-18 02:29:59.731 user:  INFO 6368 --- [scheduling-1] o.p.f.persistence.database.DatabaseDao   : Starting re-indexing of 6 entries (total number) of type org.projectforge.business.fibu.kost.KostZuweisungDO with scrollMode=false...
2019-04-18 02:29:59.776 user:  INFO 6368 --- [scheduling-1] o.p.f.persistence.database.DatabaseDao   : Re-indexing of 22 objects of type org.projectforge.business.fibu.kost.KostZuweisungDO done.
2019-04-18 02:29:59.803 user:  INFO 6368 --- [scheduling-1] o.p.f.persistence.database.DatabaseDao   : Starting re-indexing of 1 entries (total number) of type org.projectforge.framework.persistence.user.entities.TenantDO with scrollMode=false...
2019-04-18 02:29:59.812 user:  INFO 6368 --- [scheduling-1] o.p.f.persistence.database.DatabaseDao   : Re-indexing of 1 objects of type org.projectforge.framework.persistence.user.entities.TenantDO done.
2019-04-18 02:29:59.867 user:  INFO 6368 --- [scheduling-1] o.p.f.persistence.database.DatabaseDao   : Starting re-indexing of 0 entries (total number) of type org.projectforge.business.orga.VisitorbookTimedDO with scrollMode=false...
2019-04-18 02:29:59.871 user:  INFO 6368 --- [scheduling-1] o.p.f.persistence.database.DatabaseDao   : Re-indexing of 0 objects of type org.projectforge.business.orga.VisitorbookTimedDO done.
2019-04-18 02:29:59.874 user:  INFO 6368 --- [scheduling-1] o.p.f.persistence.database.DatabaseDao   : Starting re-indexing of 2 entries (total number) of type org.projectforge.business.fibu.RechnungDO with scrollMode=false...
2019-04-18 02:29:59.897 user:  INFO 6368 --- [scheduling-1] o.p.f.persistence.database.DatabaseDao   : Re-indexing of 10 objects of type org.projectforge.business.fibu.RechnungDO done.
2019-04-18 02:29:59.924 user:  INFO 6368 --- [scheduling-1] o.p.f.persistence.database.DatabaseDao   : Starting re-indexing of 0 entries (total number) of type org.projectforge.plugins.marketing.AddressCampaignDO with scrollMode=false...
2019-04-18 02:29:59.926 user:  INFO 6368 --- [scheduling-1] o.p.f.persistence.database.DatabaseDao   : Re-indexing of 0 objects of type org.projectforge.plugins.marketing.AddressCampaignDO done.
2019-04-18 02:29:59.929 user:  INFO 6368 --- [scheduling-1] o.p.f.persistence.database.DatabaseDao   : Starting re-indexing of 3 entries (total number) of type org.projectforge.business.scripting.ScriptDO with scrollMode=false...
2019-04-18 02:29:59.940 user:  INFO 6368 --- [scheduling-1] o.p.f.persistence.database.DatabaseDao   : Re-indexing of 3 objects of type org.projectforge.business.scripting.ScriptDO done.
2019-04-18 02:29:59.966 user:  INFO 6368 --- [scheduling-1] o.p.f.persistence.database.DatabaseDao   : Starting re-indexing of 6 entries (total number) of type org.projectforge.business.fibu.kost.Kost2ArtDO with scrollMode=false...
2019-04-18 02:29:59.976 user:  INFO 6368 --- [scheduling-1] o.p.f.persistence.database.DatabaseDao   : Re-indexing of 6 objects of type org.projectforge.business.fibu.kost.Kost2ArtDO done.
2019-04-18 02:30:00.000 user:  INFO 6368 --- [scheduling-1] o.p.f.persistence.database.DatabaseDao   : Starting re-indexing of 2 entries (total number) of type org.projectforge.business.fibu.EmployeeDO with scrollMode=false...
2019-04-18 02:30:00.017 user:  INFO 6368 --- [scheduling-1] o.p.f.persistence.database.DatabaseDao   : Re-indexing of 17 objects of type org.projectforge.business.fibu.EmployeeDO done.
2019-04-18 02:30:00.046 user:  INFO 6368 --- [scheduling-1] o.p.f.persistence.database.DatabaseDao   : Starting re-indexing of 2 entries (total number) of type org.projectforge.business.fibu.RechnungsPositionDO with scrollMode=false...
2019-04-18 02:30:00.067 user:  INFO 6368 --- [scheduling-1] o.p.f.persistence.database.DatabaseDao   : Re-indexing of 10 objects of type org.projectforge.business.fibu.RechnungsPositionDO done.
2019-04-18 02:30:00.092 user:  INFO 6368 --- [scheduling-1] o.p.f.persistence.database.DatabaseDao   : Starting re-indexing of 0 entries (total number) of type org.projectforge.plugins.skillmatrix.SkillDO with scrollMode=false...
2019-04-18 02:30:00.094 user:  INFO 6368 --- [scheduling-1] o.p.f.persistence.database.DatabaseDao   : Re-indexing of 0 objects of type org.projectforge.plugins.skillmatrix.SkillDO done.
2019-04-18 02:30:00.097 user:  INFO 6368 --- [scheduling-1] o.p.f.persistence.database.DatabaseDao   : Starting re-indexing of 0 entries (total number) of type org.projectforge.business.orga.VisitorbookDO with scrollMode=false...
2019-04-18 02:30:00.101 user:  INFO 6368 --- [scheduling-1] o.p.f.persistence.database.DatabaseDao   : Re-indexing of 0 objects of type org.projectforge.business.orga.VisitorbookDO done.
2019-04-18 02:30:00.105 user:  INFO 6368 --- [scheduling-1] o.p.f.persistence.database.DatabaseDao   : Starting re-indexing of 0 entries (total number) of type org.projectforge.business.orga.ContractDO with scrollMode=false...
2019-04-18 02:30:00.107 user:  INFO 6368 --- [scheduling-1] o.p.f.persistence.database.DatabaseDao   : Re-indexing of 0 objects of type org.projectforge.business.orga.ContractDO done.
2019-04-18 02:30:00.109 user:  INFO 6368 --- [scheduling-1] o.p.f.persistence.database.DatabaseDao   : Starting re-indexing of 0 entries (total number) of type org.projectforge.business.teamcal.event.model.TeamEventAttachmentDO with scrollMode=false...
2019-04-18 02:30:00.111 user:  INFO 6368 --- [scheduling-1] o.p.f.persistence.database.DatabaseDao   : Re-indexing of 0 objects of type org.projectforge.business.teamcal.event.model.TeamEventAttachmentDO done.
2019-04-18 02:30:00.114 user:  INFO 6368 --- [scheduling-1] o.p.f.persistence.database.DatabaseDao   : Starting re-indexing of 0 entries (total number) of type org.projectforge.business.teamcal.event.model.TeamEventAttendeeDO with scrollMode=false...
2019-04-18 02:30:00.116 user:  INFO 6368 --- [scheduling-1] o.p.f.persistence.database.DatabaseDao   : Re-indexing of 0 objects of type org.projectforge.business.teamcal.event.model.TeamEventAttendeeDO done.
2019-04-18 02:30:00.119 user:  INFO 6368 --- [scheduling-1] o.p.f.persistence.database.DatabaseDao   : Starting re-indexing of 1 entries (total number) of type org.projectforge.business.fibu.KontoDO with scrollMode=false...
2019-04-18 02:30:00.127 user:  INFO 6368 --- [scheduling-1] o.p.f.persistence.database.DatabaseDao   : Re-indexing of 1 objects of type org.projectforge.business.fibu.KontoDO done.
2019-04-18 02:30:00.152 user:  INFO 6368 --- [scheduling-1] o.p.f.persistence.database.DatabaseDao   : Starting re-indexing of 2 entries (total number) of type org.projectforge.business.address.AddressDO with scrollMode=false...
2019-04-18 02:30:00.164 user:  INFO 6368 --- [scheduling-1] o.p.f.persistence.database.DatabaseDao   : Re-indexing of 2 objects of type org.projectforge.business.address.AddressDO done.
2019-04-18 02:30:01.197 user:  INFO 6368 --- [scheduling-1] o.p.f.persistence.database.DatabaseDao   : Starting re-indexing of 2 entries (total number) of type org.projectforge.business.fibu.KundeDO with scrollMode=false...
2019-04-18 02:30:01.209 user:  INFO 6368 --- [scheduling-1] o.p.f.persistence.database.DatabaseDao   : Re-indexing of 2 objects of type org.projectforge.business.fibu.KundeDO done.
2019-04-18 02:30:01.311 user:  INFO 6368 --- [scheduling-1] o.p.f.persistence.database.DatabaseDao   : Starting re-indexing of 3 entries (total number) of type org.projectforge.business.fibu.kost.Kost1DO with scrollMode=false...
2019-04-18 02:30:01.322 user:  INFO 6368 --- [scheduling-1] o.p.f.persistence.database.DatabaseDao   : Re-indexing of 3 objects of type org.projectforge.business.fibu.kost.Kost1DO done.
2019-04-18 02:30:01.375 user:  INFO 6368 --- [scheduling-1] o.p.f.persistence.database.DatabaseDao   : Starting re-indexing of 19 entries (total number) of type org.projectforge.framework.persistence.user.entities.GroupDO with scrollMode=false...
2019-04-18 02:30:01.391 user:  INFO 6368 --- [scheduling-1] o.p.f.persistence.database.DatabaseDao   : Re-indexing of 194 objects of type org.projectforge.framework.persistence.user.entities.GroupDO done.
2019-04-18 02:30:01.449 user:  INFO 6368 --- [scheduling-1] o.p.f.persistence.database.DatabaseDao   : Starting re-indexing of 0 entries (total number) of type org.projectforge.business.humanresources.HRPlanningEntryDO with scrollMode=false...
2019-04-18 02:30:01.452 user:  INFO 6368 --- [scheduling-1] o.p.f.persistence.database.DatabaseDao   : Re-indexing of 0 objects of type org.projectforge.business.humanresources.HRPlanningEntryDO done.
2019-04-18 02:30:01.454 user:  INFO 6368 --- [scheduling-1] o.p.f.persistence.database.DatabaseDao   : Starting re-indexing of 0 entries (total number) of type org.projectforge.business.orga.PosteingangDO with scrollMode=false...
2019-04-18 02:30:01.457 user:  INFO 6368 --- [scheduling-1] o.p.f.persistence.database.DatabaseDao   : Re-indexing of 0 objects of type org.projectforge.business.orga.PosteingangDO done.
2019-04-18 02:30:01.458 user:  INFO 6368 --- [scheduling-1] o.p.f.p.h.HibernateSearchReindexer       : Re-index job finished successfully.
2019-04-18 02:30:01.458 user:  INFO 6368 --- [scheduling-1] o.p.business.jobs.CronNightlyJob         : Nightly job job finished.
2019-04-18 02:30:01.458 user:  INFO 6368 --- [scheduling-1] o.p.b.j.ExternalCalendarSubscriptionJob  : External calendar subscriptions job started.
2019-04-18 02:30:01.458 user:  INFO 6368 --- [scheduling-1] b.t.e.TeamEventExternalSubscriptionCache : Start updating TeamEventExternalSubscriptionCache.
2019-04-18 02:30:01.459 user:  INFO 6368 --- [scheduling-1] o.p.b.j.ExternalCalendarSubscriptionJob  : External calendar subscriptions job finished.
2019-04-18 02:44:59.970 user:  INFO 6368 --- [scheduling-1] o.p.b.j.ExternalCalendarSubscriptionJob  : External calendar subscriptions job started.
2019-04-18 02:44:59.971 user:  INFO 6368 --- [scheduling-1] b.t.e.TeamEventExternalSubscriptionCache : Start updating TeamEventExternalSubscriptionCache.
2019-04-18 02:44:59.976 user:  INFO 6368 --- [scheduling-1] o.p.b.j.ExternalCalendarSubscriptionJob  : External calendar subscriptions job finished.
2019-04-18 02:59:59.883 user:  INFO 6368 --- [scheduling-1] o.p.business.jobs.CronHourlyJob          : Hourly job started.
2019-04-18 02:59:59.884 user:  INFO 6368 --- [scheduling-1] o.p.business.jobs.CronHourlyJob          : Starting (re-)indexing of history entries of the last 24 hours.
2019-04-18 02:59:59.891 user:  INFO 6368 --- [scheduling-1] o.p.f.persistence.database.DatabaseDao   : Starting re-indexing of 41 entries (total number) of type org.projectforge.framework.persistence.history.entities.PfHistoryMasterDO with scrollMode=false...
2019-04-18 02:59:59.896 user:  INFO 6368 --- [scheduling-1] o.p.f.persistence.database.DatabaseDao   : Re-indexing of 28 objects of type org.projectforge.framework.persistence.history.entities.PfHistoryMasterDO done.
2019-04-18 02:59:59.921 user:  INFO 6368 --- [scheduling-1] o.p.business.jobs.CronHourlyJob          : Hourly job job finished.
2019-04-18 02:59:59.972 user:  INFO 6368 --- [scheduling-1] o.p.b.j.ExternalCalendarSubscriptionJob  : External calendar subscriptions job started.
2019-04-18 02:59:59.972 user:  INFO 6368 --- [scheduling-1] b.t.e.TeamEventExternalSubscriptionCache : Start updating TeamEventExternalSubscriptionCache.
2019-04-18 02:59:59.974 user:  INFO 6368 --- [scheduling-1] o.p.b.j.ExternalCalendarSubscriptionJob  : External calendar subscriptions job finished.
2019-04-18 03:14:59.969 user:  INFO 6368 --- [scheduling-1] o.p.b.j.ExternalCalendarSubscriptionJob  : External calendar subscriptions job started.
2019-04-18 03:14:59.970 user:  INFO 6368 --- [scheduling-1] b.t.e.TeamEventExternalSubscriptionCache : Start updating TeamEventExternalSubscriptionCache.
2019-04-18 03:14:59.975 user:  INFO 6368 --- [scheduling-1] o.p.b.j.ExternalCalendarSubscriptionJob  : External calendar subscriptions job finished.
2019-04-18 03:29:59.969 user:  INFO 6368 --- [scheduling-1] o.p.b.j.ExternalCalendarSubscriptionJob  : External calendar subscriptions job started.
2019-04-18 03:29:59.970 user:  INFO 6368 --- [scheduling-1] b.t.e.TeamEventExternalSubscriptionCache : Start updating TeamEventExternalSubscriptionCache.
2019-04-18 03:29:59.973 user:  INFO 6368 --- [scheduling-1] o.p.b.j.ExternalCalendarSubscriptionJob  : External calendar subscriptions job finished.
2019-04-18 03:44:59.973 user:  INFO 6368 --- [scheduling-1] o.p.b.j.ExternalCalendarSubscriptionJob  : External calendar subscriptions job started.
2019-04-18 03:44:59.974 user:  INFO 6368 --- [scheduling-1] b.t.e.TeamEventExternalSubscriptionCache : Start updating TeamEventExternalSubscriptionCache.
2019-04-18 03:44:59.980 user:  INFO 6368 --- [scheduling-1] o.p.b.j.ExternalCalendarSubscriptionJob  : External calendar subscriptions job finished.
2019-04-18 03:59:59.877 user:  INFO 6368 --- [scheduling-1] o.p.business.jobs.CronHourlyJob          : Hourly job started.
2019-04-18 03:59:59.879 user:  INFO 6368 --- [scheduling-1] o.p.business.jobs.CronHourlyJob          : Starting (re-)indexing of history entries of the last 24 hours.
2019-04-18 03:59:59.885 user:  INFO 6368 --- [scheduling-1] o.p.f.persistence.database.DatabaseDao   : Starting re-indexing of 41 entries (total number) of type org.projectforge.framework.persistence.history.entities.PfHistoryMasterDO with scrollMode=false...
2019-04-18 03:59:59.917 user:  INFO 6368 --- [scheduling-1] o.p.f.persistence.database.DatabaseDao   : Re-indexing of 28 objects of type org.projectforge.framework.persistence.history.entities.PfHistoryMasterDO done.
2019-04-18 03:59:59.946 user:  INFO 6368 --- [scheduling-1] o.p.business.jobs.CronHourlyJob          : Hourly job job finished.
2019-04-18 03:59:59.974 user:  INFO 6368 --- [scheduling-1] o.p.b.j.ExternalCalendarSubscriptionJob  : External calendar subscriptions job started.
2019-04-18 03:59:59.974 user:  INFO 6368 --- [scheduling-1] b.t.e.TeamEventExternalSubscriptionCache : Start updating TeamEventExternalSubscriptionCache.
2019-04-18 03:59:59.976 user:  INFO 6368 --- [scheduling-1] o.p.b.j.ExternalCalendarSubscriptionJob  : External calendar subscriptions job finished.
2019-04-18 04:14:59.978 user:  INFO 6368 --- [scheduling-1] o.p.b.j.ExternalCalendarSubscriptionJob  : External calendar subscriptions job started.
2019-04-18 04:14:59.979 user:  INFO 6368 --- [scheduling-1] b.t.e.TeamEventExternalSubscriptionCache : Start updating TeamEventExternalSubscriptionCache.
2019-04-18 04:14:59.984 user:  INFO 6368 --- [scheduling-1] o.p.b.j.ExternalCalendarSubscriptionJob  : External calendar subscriptions job finished.
2019-04-18 04:29:59.969 user:  INFO 6368 --- [scheduling-1] o.p.b.j.ExternalCalendarSubscriptionJob  : External calendar subscriptions job started.
2019-04-18 04:29:59.970 user:  INFO 6368 --- [scheduling-1] b.t.e.TeamEventExternalSubscriptionCache : Start updating TeamEventExternalSubscriptionCache.
2019-04-18 04:29:59.974 user:  INFO 6368 --- [scheduling-1] o.p.b.j.ExternalCalendarSubscriptionJob  : External calendar subscriptions job finished.
2019-04-18 04:44:59.978 user:  INFO 6368 --- [scheduling-1] o.p.b.j.ExternalCalendarSubscriptionJob  : External calendar subscriptions job started.
2019-04-18 04:44:59.978 user:  INFO 6368 --- [scheduling-1] b.t.e.TeamEventExternalSubscriptionCache : Start updating TeamEventExternalSubscriptionCache.
2019-04-18 04:44:59.983 user:  INFO 6368 --- [scheduling-1] o.p.b.j.ExternalCalendarSubscriptionJob  : External calendar subscriptions job finished.
2019-04-18 04:59:59.874 user:  INFO 6368 --- [scheduling-1] o.p.business.jobs.CronHourlyJob          : Hourly job started.
2019-04-18 04:59:59.876 user:  INFO 6368 --- [scheduling-1] o.p.business.jobs.CronHourlyJob          : Starting (re-)indexing of history entries of the last 24 hours.
2019-04-18 04:59:59.883 user:  INFO 6368 --- [scheduling-1] o.p.f.persistence.database.DatabaseDao   : Starting re-indexing of 41 entries (total number) of type org.projectforge.framework.persistence.history.entities.PfHistoryMasterDO with scrollMode=false...
2019-04-18 04:59:59.936 user:  INFO 6368 --- [scheduling-1] o.p.f.persistence.database.DatabaseDao   : Re-indexing of 28 objects of type org.projectforge.framework.persistence.history.entities.PfHistoryMasterDO done.
2019-04-18 04:59:59.971 user:  INFO 6368 --- [scheduling-1] o.p.business.jobs.CronHourlyJob          : Hourly job job finished.
2019-04-18 04:59:59.971 user:  INFO 6368 --- [scheduling-1] o.p.b.j.ExternalCalendarSubscriptionJob  : External calendar subscriptions job started.
2019-04-18 04:59:59.971 user:  INFO 6368 --- [scheduling-1] b.t.e.TeamEventExternalSubscriptionCache : Start updating TeamEventExternalSubscriptionCache.
2019-04-18 04:59:59.973 user:  INFO 6368 --- [scheduling-1] o.p.b.j.ExternalCalendarSubscriptionJob  : External calendar subscriptions job finished.
2019-04-18 05:14:59.970 user:  INFO 6368 --- [scheduling-1] o.p.b.j.ExternalCalendarSubscriptionJob  : External calendar subscriptions job started.
2019-04-18 05:14:59.971 user:  INFO 6368 --- [scheduling-1] b.t.e.TeamEventExternalSubscriptionCache : Start updating TeamEventExternalSubscriptionCache.
2019-04-18 05:14:59.976 user:  INFO 6368 --- [scheduling-1] o.p.b.j.ExternalCalendarSubscriptionJob  : External calendar subscriptions job finished.
2019-04-18 05:29:59.973 user:  INFO 6368 --- [scheduling-1] o.p.b.j.ExternalCalendarSubscriptionJob  : External calendar subscriptions job started.
2019-04-18 05:29:59.975 user:  INFO 6368 --- [scheduling-1] b.t.e.TeamEventExternalSubscriptionCache : Start updating TeamEventExternalSubscriptionCache.
2019-04-18 05:29:59.980 user:  INFO 6368 --- [scheduling-1] o.p.b.j.ExternalCalendarSubscriptionJob  : External calendar subscriptions job finished.
2019-04-18 05:44:59.977 user:  INFO 6368 --- [scheduling-1] o.p.b.j.ExternalCalendarSubscriptionJob  : External calendar subscriptions job started.
2019-04-18 05:44:59.978 user:  INFO 6368 --- [scheduling-1] b.t.e.TeamEventExternalSubscriptionCache : Start updating TeamEventExternalSubscriptionCache.
2019-04-18 05:44:59.984 user:  INFO 6368 --- [scheduling-1] o.p.b.j.ExternalCalendarSubscriptionJob  : External calendar subscriptions job finished.
2019-04-18 05:59:59.874 user:  INFO 6368 --- [scheduling-1] o.p.business.jobs.CronHourlyJob          : Hourly job started.
2019-04-18 05:59:59.875 user:  INFO 6368 --- [scheduling-1] o.p.business.jobs.CronHourlyJob          : Starting (re-)indexing of history entries of the last 24 hours.
2019-04-18 05:59:59.881 user:  INFO 6368 --- [scheduling-1] o.p.f.persistence.database.DatabaseDao   : Starting re-indexing of 41 entries (total number) of type org.projectforge.framework.persistence.history.entities.PfHistoryMasterDO with scrollMode=false...
2019-04-18 05:59:59.914 user:  INFO 6368 --- [scheduling-1] o.p.f.persistence.database.DatabaseDao   : Re-indexing of 28 objects of type org.projectforge.framework.persistence.history.entities.PfHistoryMasterDO done.
2019-04-18 05:59:59.943 user:  INFO 6368 --- [scheduling-1] o.p.business.jobs.CronHourlyJob          : Hourly job job finished.
2019-04-18 05:59:59.969 user:  INFO 6368 --- [scheduling-1] o.p.b.j.ExternalCalendarSubscriptionJob  : External calendar subscriptions job started.
2019-04-18 05:59:59.969 user:  INFO 6368 --- [scheduling-1] b.t.e.TeamEventExternalSubscriptionCache : Start updating TeamEventExternalSubscriptionCache.
2019-04-18 05:59:59.971 user:  INFO 6368 --- [scheduling-1] o.p.b.j.ExternalCalendarSubscriptionJob  : External calendar subscriptions job finished.
2019-04-18 06:14:59.970 user:  INFO 6368 --- [scheduling-1] o.p.b.j.ExternalCalendarSubscriptionJob  : External calendar subscriptions job started.
2019-04-18 06:14:59.971 user:  INFO 6368 --- [scheduling-1] b.t.e.TeamEventExternalSubscriptionCache : Start updating TeamEventExternalSubscriptionCache.
2019-04-18 06:14:59.977 user:  INFO 6368 --- [scheduling-1] o.p.b.j.ExternalCalendarSubscriptionJob  : External calendar subscriptions job finished.
2019-04-18 06:29:59.977 user:  INFO 6368 --- [scheduling-1] o.p.b.j.ExternalCalendarSubscriptionJob  : External calendar subscriptions job started.
2019-04-18 06:29:59.979 user:  INFO 6368 --- [scheduling-1] b.t.e.TeamEventExternalSubscriptionCache : Start updating TeamEventExternalSubscriptionCache.
2019-04-18 06:29:59.983 user:  INFO 6368 --- [scheduling-1] o.p.b.j.ExternalCalendarSubscriptionJob  : External calendar subscriptions job finished.
2019-04-18 06:44:59.970 user:  INFO 6368 --- [scheduling-1] o.p.b.j.ExternalCalendarSubscriptionJob  : External calendar subscriptions job started.
2019-04-18 06:44:59.972 user:  INFO 6368 --- [scheduling-1] b.t.e.TeamEventExternalSubscriptionCache : Start updating TeamEventExternalSubscriptionCache.
2019-04-18 06:44:59.976 user:  INFO 6368 --- [scheduling-1] o.p.b.j.ExternalCalendarSubscriptionJob  : External calendar subscriptions job finished.
2019-04-18 06:59:59.881 user:  INFO 6368 --- [scheduling-1] o.p.business.jobs.CronHourlyJob          : Hourly job started.
2019-04-18 06:59:59.883 user:  INFO 6368 --- [scheduling-1] o.p.business.jobs.CronHourlyJob          : Starting (re-)indexing of history entries of the last 24 hours.
2019-04-18 06:59:59.889 user:  INFO 6368 --- [scheduling-1] o.p.f.persistence.database.DatabaseDao   : Starting re-indexing of 41 entries (total number) of type org.projectforge.framework.persistence.history.entities.PfHistoryMasterDO with scrollMode=false...
2019-04-18 06:59:59.907 user:  INFO 6368 --- [scheduling-1] o.p.f.persistence.database.DatabaseDao   : Re-indexing of 28 objects of type org.projectforge.framework.persistence.history.entities.PfHistoryMasterDO done.
2019-04-18 06:59:59.939 user:  INFO 6368 --- [scheduling-1] o.p.business.jobs.CronHourlyJob          : Hourly job job finished.
2019-04-18 06:59:59.969 user:  INFO 6368 --- [scheduling-1] o.p.b.j.ExternalCalendarSubscriptionJob  : External calendar subscriptions job started.
2019-04-18 06:59:59.969 user:  INFO 6368 --- [scheduling-1] b.t.e.TeamEventExternalSubscriptionCache : Start updating TeamEventExternalSubscriptionCache.
2019-04-18 06:59:59.971 user:  INFO 6368 --- [scheduling-1] o.p.b.j.ExternalCalendarSubscriptionJob  : External calendar subscriptions job finished.
2019-04-18 07:14:59.970 user:  INFO 6368 --- [scheduling-1] o.p.b.j.ExternalCalendarSubscriptionJob  : External calendar subscriptions job started.
2019-04-18 07:14:59.971 user:  INFO 6368 --- [scheduling-1] b.t.e.TeamEventExternalSubscriptionCache : Start updating TeamEventExternalSubscriptionCache.
2019-04-18 07:14:59.976 user:  INFO 6368 --- [scheduling-1] o.p.b.j.ExternalCalendarSubscriptionJob  : External calendar subscriptions job finished.
2019-04-18 07:29:59.971 user:  INFO 6368 --- [scheduling-1] o.p.b.j.ExternalCalendarSubscriptionJob  : External calendar subscriptions job started.
2019-04-18 07:29:59.973 user:  INFO 6368 --- [scheduling-1] b.t.e.TeamEventExternalSubscriptionCache : Start updating TeamEventExternalSubscriptionCache.
2019-04-18 07:29:59.976 user:  INFO 6368 --- [scheduling-1] o.p.b.j.ExternalCalendarSubscriptionJob  : External calendar subscriptions job finished.
2019-04-18 07:44:59.974 user:  INFO 6368 --- [scheduling-1] o.p.b.j.ExternalCalendarSubscriptionJob  : External calendar subscriptions job started.
2019-04-18 07:44:59.975 user:  INFO 6368 --- [scheduling-1] b.t.e.TeamEventExternalSubscriptionCache : Start updating TeamEventExternalSubscriptionCache.
2019-04-18 07:44:59.980 user:  INFO 6368 --- [scheduling-1] o.p.b.j.ExternalCalendarSubscriptionJob  : External calendar subscriptions job finished.
2019-04-18 07:59:59.883 user:  INFO 6368 --- [scheduling-1] o.p.business.jobs.CronHourlyJob          : Hourly job started.
2019-04-18 07:59:59.885 user:  INFO 6368 --- [scheduling-1] o.p.business.jobs.CronHourlyJob          : Starting (re-)indexing of history entries of the last 24 hours.
2019-04-18 07:59:59.891 user:  INFO 6368 --- [scheduling-1] o.p.f.persistence.database.DatabaseDao   : Starting re-indexing of 41 entries (total number) of type org.projectforge.framework.persistence.history.entities.PfHistoryMasterDO with scrollMode=false...
2019-04-18 07:59:59.907 user:  INFO 6368 --- [scheduling-1] o.p.f.persistence.database.DatabaseDao   : Re-indexing of 28 objects of type org.projectforge.framework.persistence.history.entities.PfHistoryMasterDO done.
2019-04-18 07:59:59.942 user:  INFO 6368 --- [scheduling-1] o.p.business.jobs.CronHourlyJob          : Hourly job job finished.
2019-04-18 07:59:59.969 user:  INFO 6368 --- [scheduling-1] o.p.b.j.ExternalCalendarSubscriptionJob  : External calendar subscriptions job started.
2019-04-18 07:59:59.969 user:  INFO 6368 --- [scheduling-1] b.t.e.TeamEventExternalSubscriptionCache : Start updating TeamEventExternalSubscriptionCache.
2019-04-18 07:59:59.970 user:  INFO 6368 --- [scheduling-1] o.p.b.j.ExternalCalendarSubscriptionJob  : External calendar subscriptions job finished.
2019-04-18 08:14:59.976 user:  INFO 6368 --- [scheduling-1] o.p.b.j.ExternalCalendarSubscriptionJob  : External calendar subscriptions job started.
2019-04-18 08:14:59.978 user:  INFO 6368 --- [scheduling-1] b.t.e.TeamEventExternalSubscriptionCache : Start updating TeamEventExternalSubscriptionCache.
2019-04-18 08:14:59.982 user:  INFO 6368 --- [scheduling-1] o.p.b.j.ExternalCalendarSubscriptionJob  : External calendar subscriptions job finished.
2019-04-18 08:29:59.979 user:  INFO 6368 --- [scheduling-1] o.p.b.j.ExternalCalendarSubscriptionJob  : External calendar subscriptions job started.
2019-04-18 08:29:59.980 user:  INFO 6368 --- [scheduling-1] b.t.e.TeamEventExternalSubscriptionCache : Start updating TeamEventExternalSubscriptionCache.
2019-04-18 08:29:59.983 user:  INFO 6368 --- [scheduling-1] o.p.b.j.ExternalCalendarSubscriptionJob  : External calendar subscriptions job finished.
2019-04-18 08:44:59.970 user:  INFO 6368 --- [scheduling-1] o.p.b.j.ExternalCalendarSubscriptionJob  : External calendar subscriptions job started.
2019-04-18 08:44:59.972 user:  INFO 6368 --- [scheduling-1] b.t.e.TeamEventExternalSubscriptionCache : Start updating TeamEventExternalSubscriptionCache.
2019-04-18 08:44:59.977 user:  INFO 6368 --- [scheduling-1] o.p.b.j.ExternalCalendarSubscriptionJob  : External calendar subscriptions job finished.
2019-04-18 08:59:59.881 user:  INFO 6368 --- [scheduling-1] o.p.business.jobs.CronHourlyJob          : Hourly job started.
2019-04-18 08:59:59.883 user:  INFO 6368 --- [scheduling-1] o.p.business.jobs.CronHourlyJob          : Starting (re-)indexing of history entries of the last 24 hours.
2019-04-18 08:59:59.889 user:  INFO 6368 --- [scheduling-1] o.p.f.persistence.database.DatabaseDao   : Starting re-indexing of 41 entries (total number) of type org.projectforge.framework.persistence.history.entities.PfHistoryMasterDO with scrollMode=false...
2019-04-18 08:59:59.926 user:  INFO 6368 --- [scheduling-1] o.p.f.persistence.database.DatabaseDao   : Re-indexing of 12 objects of type org.projectforge.framework.persistence.history.entities.PfHistoryMasterDO done.
2019-04-18 08:59:59.960 user:  INFO 6368 --- [scheduling-1] o.p.business.jobs.CronHourlyJob          : Hourly job job finished.
2019-04-18 08:59:59.968 user:  INFO 6368 --- [scheduling-1] o.p.b.j.ExternalCalendarSubscriptionJob  : External calendar subscriptions job started.
2019-04-18 08:59:59.968 user:  INFO 6368 --- [scheduling-1] b.t.e.TeamEventExternalSubscriptionCache : Start updating TeamEventExternalSubscriptionCache.
2019-04-18 08:59:59.970 user:  INFO 6368 --- [scheduling-1] o.p.b.j.ExternalCalendarSubscriptionJob  : External calendar subscriptions job finished.
2019-04-18 09:14:59.971 user:  INFO 6368 --- [scheduling-1] o.p.b.j.ExternalCalendarSubscriptionJob  : External calendar subscriptions job started.
2019-04-18 09:14:59.972 user:  INFO 6368 --- [scheduling-1] b.t.e.TeamEventExternalSubscriptionCache : Start updating TeamEventExternalSubscriptionCache.
2019-04-18 09:14:59.977 user:  INFO 6368 --- [scheduling-1] o.p.b.j.ExternalCalendarSubscriptionJob  : External calendar subscriptions job finished.
2019-04-18 09:29:59.975 user:  INFO 6368 --- [scheduling-1] o.p.b.j.ExternalCalendarSubscriptionJob  : External calendar subscriptions job started.
2019-04-18 09:29:59.976 user:  INFO 6368 --- [scheduling-1] b.t.e.TeamEventExternalSubscriptionCache : Start updating TeamEventExternalSubscriptionCache.
2019-04-18 09:29:59.979 user:  INFO 6368 --- [scheduling-1] o.p.b.j.ExternalCalendarSubscriptionJob  : External calendar subscriptions job finished.
2019-04-18 09:44:59.972 user:  INFO 6368 --- [scheduling-1] o.p.b.j.ExternalCalendarSubscriptionJob  : External calendar subscriptions job started.
2019-04-18 09:44:59.974 user:  INFO 6368 --- [scheduling-1] b.t.e.TeamEventExternalSubscriptionCache : Start updating TeamEventExternalSubscriptionCache.
2019-04-18 09:44:59.979 user:  INFO 6368 --- [scheduling-1] o.p.b.j.ExternalCalendarSubscriptionJob  : External calendar subscriptions job finished.
2019-04-18 09:59:59.873 user:  INFO 6368 --- [scheduling-1] o.p.business.jobs.CronHourlyJob          : Hourly job started.
2019-04-18 09:59:59.874 user:  INFO 6368 --- [scheduling-1] o.p.business.jobs.CronHourlyJob          : Starting (re-)indexing of history entries of the last 24 hours.
2019-04-18 09:59:59.881 user:  INFO 6368 --- [scheduling-1] o.p.f.persistence.database.DatabaseDao   : Starting re-indexing of 41 entries (total number) of type org.projectforge.framework.persistence.history.entities.PfHistoryMasterDO with scrollMode=false...
2019-04-18 09:59:59.995 user:  INFO 6368 --- [scheduling-1] o.p.f.persistence.database.DatabaseDao   : Re-indexing of 12 objects of type org.projectforge.framework.persistence.history.entities.PfHistoryMasterDO done.
2019-04-18 10:00:00.038 user:  INFO 6368 --- [scheduling-1] o.p.business.jobs.CronHourlyJob          : Hourly job job finished.
2019-04-18 10:00:00.038 user:  INFO 6368 --- [scheduling-1] o.p.b.j.ExternalCalendarSubscriptionJob  : External calendar subscriptions job started.
2019-04-18 10:00:00.038 user:  INFO 6368 --- [scheduling-1] b.t.e.TeamEventExternalSubscriptionCache : Start updating TeamEventExternalSubscriptionCache.
2019-04-18 10:00:00.040 user:  INFO 6368 --- [scheduling-1] o.p.b.j.ExternalCalendarSubscriptionJob  : External calendar subscriptions job finished.
2019-04-18 10:14:59.968 user:  INFO 6368 --- [scheduling-1] o.p.b.j.ExternalCalendarSubscriptionJob  : External calendar subscriptions job started.
2019-04-18 10:14:59.970 user:  INFO 6368 --- [scheduling-1] b.t.e.TeamEventExternalSubscriptionCache : Start updating TeamEventExternalSubscriptionCache.
2019-04-18 10:14:59.975 user:  INFO 6368 --- [scheduling-1] o.p.b.j.ExternalCalendarSubscriptionJob  : External calendar subscriptions job finished.
2019-04-18 10:29:59.973 user:  INFO 6368 --- [scheduling-1] o.p.b.j.ExternalCalendarSubscriptionJob  : External calendar subscriptions job started.
2019-04-18 10:29:59.975 user:  INFO 6368 --- [scheduling-1] b.t.e.TeamEventExternalSubscriptionCache : Start updating TeamEventExternalSubscriptionCache.
2019-04-18 10:29:59.980 user:  INFO 6368 --- [scheduling-1] o.p.b.j.ExternalCalendarSubscriptionJob  : External calendar subscriptions job finished.
2019-04-18 10:44:59.969 user:  INFO 6368 --- [scheduling-1] o.p.b.j.ExternalCalendarSubscriptionJob  : External calendar subscriptions job started.
2019-04-18 10:44:59.970 user:  INFO 6368 --- [scheduling-1] b.t.e.TeamEventExternalSubscriptionCache : Start updating TeamEventExternalSubscriptionCache.
2019-04-18 10:44:59.975 user:  INFO 6368 --- [scheduling-1] o.p.b.j.ExternalCalendarSubscriptionJob  : External calendar subscriptions job finished.
2019-04-18 10:59:59.878 user:  INFO 6368 --- [scheduling-1] o.p.business.jobs.CronHourlyJob          : Hourly job started.
2019-04-18 10:59:59.879 user:  INFO 6368 --- [scheduling-1] o.p.business.jobs.CronHourlyJob          : Starting (re-)indexing of history entries of the last 24 hours.
2019-04-18 10:59:59.885 user:  INFO 6368 --- [scheduling-1] o.p.f.persistence.database.DatabaseDao   : Starting re-indexing of 41 entries (total number) of type org.projectforge.framework.persistence.history.entities.PfHistoryMasterDO with scrollMode=false...
2019-04-18 10:59:59.905 user:  INFO 6368 --- [scheduling-1] o.p.f.persistence.database.DatabaseDao   : Re-indexing of 0 objects of type org.projectforge.framework.persistence.history.entities.PfHistoryMasterDO done.
2019-04-18 10:59:59.907 user:  INFO 6368 --- [scheduling-1] o.p.business.jobs.CronHourlyJob          : Hourly job job finished.
2019-04-18 10:59:59.977 user:  INFO 6368 --- [scheduling-1] o.p.b.j.ExternalCalendarSubscriptionJob  : External calendar subscriptions job started.
2019-04-18 10:59:59.977 user:  INFO 6368 --- [scheduling-1] b.t.e.TeamEventExternalSubscriptionCache : Start updating TeamEventExternalSubscriptionCache.
2019-04-18 10:59:59.979 user:  INFO 6368 --- [scheduling-1] o.p.b.j.ExternalCalendarSubscriptionJob  : External calendar subscriptions job finished.
2019-04-18 11:14:59.973 user:  INFO 6368 --- [scheduling-1] o.p.b.j.ExternalCalendarSubscriptionJob  : External calendar subscriptions job started.
2019-04-18 11:14:59.974 user:  INFO 6368 --- [scheduling-1] b.t.e.TeamEventExternalSubscriptionCache : Start updating TeamEventExternalSubscriptionCache.
2019-04-18 11:14:59.979 user:  INFO 6368 --- [scheduling-1] o.p.b.j.ExternalCalendarSubscriptionJob  : External calendar subscriptions job finished.
2019-04-18 11:29:59.969 user:  INFO 6368 --- [scheduling-1] o.p.b.j.ExternalCalendarSubscriptionJob  : External calendar subscriptions job started.
2019-04-18 11:29:59.970 user:  INFO 6368 --- [scheduling-1] b.t.e.TeamEventExternalSubscriptionCache : Start updating TeamEventExternalSubscriptionCache.
2019-04-18 11:29:59.974 user:  INFO 6368 --- [scheduling-1] o.p.b.j.ExternalCalendarSubscriptionJob  : External calendar subscriptions job finished.
2019-04-18 11:44:59.973 user:  INFO 6368 --- [scheduling-1] o.p.b.j.ExternalCalendarSubscriptionJob  : External calendar subscriptions job started.
2019-04-18 11:44:59.974 user:  INFO 6368 --- [scheduling-1] b.t.e.TeamEventExternalSubscriptionCache : Start updating TeamEventExternalSubscriptionCache.
2019-04-18 11:44:59.979 user:  INFO 6368 --- [scheduling-1] o.p.b.j.ExternalCalendarSubscriptionJob  : External calendar subscriptions job finished.
2019-04-18 11:59:59.873 user:  INFO 6368 --- [scheduling-1] o.p.business.jobs.CronHourlyJob          : Hourly job started.
2019-04-18 11:59:59.875 user:  INFO 6368 --- [scheduling-1] o.p.business.jobs.CronHourlyJob          : Starting (re-)indexing of history entries of the last 24 hours.
2019-04-18 11:59:59.882 user:  INFO 6368 --- [scheduling-1] o.p.f.persistence.database.DatabaseDao   : Starting re-indexing of 41 entries (total number) of type org.projectforge.framework.persistence.history.entities.PfHistoryMasterDO with scrollMode=false...
2019-04-18 11:59:59.907 user:  INFO 6368 --- [scheduling-1] o.p.f.persistence.database.DatabaseDao   : Re-indexing of 0 objects of type org.projectforge.framework.persistence.history.entities.PfHistoryMasterDO done.
2019-04-18 11:59:59.909 user:  INFO 6368 --- [scheduling-1] o.p.business.jobs.CronHourlyJob          : Hourly job job finished.
2019-04-18 11:59:59.970 user:  INFO 6368 --- [scheduling-1] o.p.b.j.ExternalCalendarSubscriptionJob  : External calendar subscriptions job started.
2019-04-18 11:59:59.970 user:  INFO 6368 --- [scheduling-1] b.t.e.TeamEventExternalSubscriptionCache : Start updating TeamEventExternalSubscriptionCache.
2019-04-18 11:59:59.973 user:  INFO 6368 --- [scheduling-1] o.p.b.j.ExternalCalendarSubscriptionJob  : External calendar subscriptions job finished.
2019-04-18 12:14:59.974 user:  INFO 6368 --- [scheduling-1] o.p.b.j.ExternalCalendarSubscriptionJob  : External calendar subscriptions job started.
2019-04-18 12:14:59.975 user:  INFO 6368 --- [scheduling-1] b.t.e.TeamEventExternalSubscriptionCache : Start updating TeamEventExternalSubscriptionCache.
2019-04-18 12:14:59.979 user:  INFO 6368 --- [scheduling-1] o.p.b.j.ExternalCalendarSubscriptionJob  : External calendar subscriptions job finished.
2019-04-18 12:29:59.972 user:  INFO 6368 --- [scheduling-1] o.p.b.j.ExternalCalendarSubscriptionJob  : External calendar subscriptions job started.
2019-04-18 12:29:59.973 user:  INFO 6368 --- [scheduling-1] b.t.e.TeamEventExternalSubscriptionCache : Start updating TeamEventExternalSubscriptionCache.
2019-04-18 12:29:59.978 user:  INFO 6368 --- [scheduling-1] o.p.b.j.ExternalCalendarSubscriptionJob  : External calendar subscriptions job finished.
2019-04-18 12:44:59.972 user:  INFO 6368 --- [scheduling-1] o.p.b.j.ExternalCalendarSubscriptionJob  : External calendar subscriptions job started.
2019-04-18 12:44:59.974 user:  INFO 6368 --- [scheduling-1] b.t.e.TeamEventExternalSubscriptionCache : Start updating TeamEventExternalSubscriptionCache.
2019-04-18 12:44:59.978 user:  INFO 6368 --- [scheduling-1] o.p.b.j.ExternalCalendarSubscriptionJob  : External calendar subscriptions job finished.
2019-04-18 12:59:59.876 user:  INFO 6368 --- [scheduling-1] o.p.business.jobs.CronHourlyJob          : Hourly job started.
2019-04-18 12:59:59.877 user:  INFO 6368 --- [scheduling-1] o.p.business.jobs.CronHourlyJob          : Starting (re-)indexing of history entries of the last 24 hours.
2019-04-18 12:59:59.884 user:  INFO 6368 --- [scheduling-1] o.p.f.persistence.database.DatabaseDao   : Starting re-indexing of 41 entries (total number) of type org.projectforge.framework.persistence.history.entities.PfHistoryMasterDO with scrollMode=false...
2019-04-18 12:59:59.887 user:  INFO 6368 --- [scheduling-1] o.p.f.persistence.database.DatabaseDao   : Re-indexing of 0 objects of type org.projectforge.framework.persistence.history.entities.PfHistoryMasterDO done.
2019-04-18 12:59:59.888 user:  INFO 6368 --- [scheduling-1] o.p.business.jobs.CronHourlyJob          : Hourly job job finished.
2019-04-18 12:59:59.971 user:  INFO 6368 --- [scheduling-1] o.p.b.j.ExternalCalendarSubscriptionJob  : External calendar subscriptions job started.
2019-04-18 12:59:59.971 user:  INFO 6368 --- [scheduling-1] b.t.e.TeamEventExternalSubscriptionCache : Start updating TeamEventExternalSubscriptionCache.
2019-04-18 12:59:59.974 user:  INFO 6368 --- [scheduling-1] o.p.b.j.ExternalCalendarSubscriptionJob  : External calendar subscriptions job finished.
2019-04-18 13:14:59.975 user:  INFO 6368 --- [scheduling-1] o.p.b.j.ExternalCalendarSubscriptionJob  : External calendar subscriptions job started.
2019-04-18 13:14:59.976 user:  INFO 6368 --- [scheduling-1] b.t.e.TeamEventExternalSubscriptionCache : Start updating TeamEventExternalSubscriptionCache.
2019-04-18 13:14:59.980 user:  INFO 6368 --- [scheduling-1] o.p.b.j.ExternalCalendarSubscriptionJob  : External calendar subscriptions job finished.
2019-04-18 13:29:59.969 user:  INFO 6368 --- [scheduling-1] o.p.b.j.ExternalCalendarSubscriptionJob  : External calendar subscriptions job started.
2019-04-18 13:29:59.971 user:  INFO 6368 --- [scheduling-1] b.t.e.TeamEventExternalSubscriptionCache : Start updating TeamEventExternalSubscriptionCache.
2019-04-18 13:29:59.975 user:  INFO 6368 --- [scheduling-1] o.p.b.j.ExternalCalendarSubscriptionJob  : External calendar subscriptions job finished.
2019-04-18 13:44:59.979 user:  INFO 6368 --- [scheduling-1] o.p.b.j.ExternalCalendarSubscriptionJob  : External calendar subscriptions job started.
2019-04-18 13:44:59.980 user:  INFO 6368 --- [scheduling-1] b.t.e.TeamEventExternalSubscriptionCache : Start updating TeamEventExternalSubscriptionCache.
2019-04-18 13:44:59.986 user:  INFO 6368 --- [scheduling-1] o.p.b.j.ExternalCalendarSubscriptionJob  : External calendar subscriptions job finished.
2019-04-18 13:59:59.880 user:  INFO 6368 --- [scheduling-1] o.p.business.jobs.CronHourlyJob          : Hourly job started.
2019-04-18 13:59:59.882 user:  INFO 6368 --- [scheduling-1] o.p.business.jobs.CronHourlyJob          : Starting (re-)indexing of history entries of the last 24 hours.
2019-04-18 13:59:59.889 user:  INFO 6368 --- [scheduling-1] o.p.f.persistence.database.DatabaseDao   : Starting re-indexing of 41 entries (total number) of type org.projectforge.framework.persistence.history.entities.PfHistoryMasterDO with scrollMode=false...
2019-04-18 13:59:59.891 user:  INFO 6368 --- [scheduling-1] o.p.f.persistence.database.DatabaseDao   : Re-indexing of 0 objects of type org.projectforge.framework.persistence.history.entities.PfHistoryMasterDO done.
2019-04-18 13:59:59.892 user:  INFO 6368 --- [scheduling-1] o.p.business.jobs.CronHourlyJob          : Hourly job job finished.
2019-04-18 13:59:59.968 user:  INFO 6368 --- [scheduling-1] o.p.b.j.ExternalCalendarSubscriptionJob  : External calendar subscriptions job started.
2019-04-18 13:59:59.968 user:  INFO 6368 --- [scheduling-1] b.t.e.TeamEventExternalSubscriptionCache : Start updating TeamEventExternalSubscriptionCache.
2019-04-18 13:59:59.972 user:  INFO 6368 --- [scheduling-1] o.p.b.j.ExternalCalendarSubscriptionJob  : External calendar subscriptions job finished.
2019-04-18 14:14:59.975 user:  INFO 6368 --- [scheduling-1] o.p.b.j.ExternalCalendarSubscriptionJob  : External calendar subscriptions job started.
2019-04-18 14:14:59.976 user:  INFO 6368 --- [scheduling-1] b.t.e.TeamEventExternalSubscriptionCache : Start updating TeamEventExternalSubscriptionCache.
2019-04-18 14:14:59.981 user:  INFO 6368 --- [scheduling-1] o.p.b.j.ExternalCalendarSubscriptionJob  : External calendar subscriptions job finished.
2019-04-18 14:29:59.974 user:  INFO 6368 --- [scheduling-1] o.p.b.j.ExternalCalendarSubscriptionJob  : External calendar subscriptions job started.
2019-04-18 14:29:59.975 user:  INFO 6368 --- [scheduling-1] b.t.e.TeamEventExternalSubscriptionCache : Start updating TeamEventExternalSubscriptionCache.
2019-04-18 14:29:59.980 user:  INFO 6368 --- [scheduling-1] o.p.b.j.ExternalCalendarSubscriptionJob  : External calendar subscriptions job finished.
2019-04-18 14:44:59.975 user:  INFO 6368 --- [scheduling-1] o.p.b.j.ExternalCalendarSubscriptionJob  : External calendar subscriptions job started.
2019-04-18 14:44:59.976 user:  INFO 6368 --- [scheduling-1] b.t.e.TeamEventExternalSubscriptionCache : Start updating TeamEventExternalSubscriptionCache.
2019-04-18 14:44:59.981 user:  INFO 6368 --- [scheduling-1] o.p.b.j.ExternalCalendarSubscriptionJob  : External calendar subscriptions job finished.
2019-04-18 14:59:59.883 user:  INFO 6368 --- [scheduling-1] o.p.business.jobs.CronHourlyJob          : Hourly job started.
2019-04-18 14:59:59.885 user:  INFO 6368 --- [scheduling-1] o.p.business.jobs.CronHourlyJob          : Starting (re-)indexing of history entries of the last 24 hours.
2019-04-18 14:59:59.891 user:  INFO 6368 --- [scheduling-1] o.p.f.persistence.database.DatabaseDao   : Starting re-indexing of 41 entries (total number) of type org.projectforge.framework.persistence.history.entities.PfHistoryMasterDO with scrollMode=false...
2019-04-18 14:59:59.894 user:  INFO 6368 --- [scheduling-1] o.p.f.persistence.database.DatabaseDao   : Re-indexing of 0 objects of type org.projectforge.framework.persistence.history.entities.PfHistoryMasterDO done.
2019-04-18 14:59:59.895 user:  INFO 6368 --- [scheduling-1] o.p.business.jobs.CronHourlyJob          : Hourly job job finished.
2019-04-18 14:59:59.970 user:  INFO 6368 --- [scheduling-1] o.p.b.j.ExternalCalendarSubscriptionJob  : External calendar subscriptions job started.
2019-04-18 14:59:59.970 user:  INFO 6368 --- [scheduling-1] b.t.e.TeamEventExternalSubscriptionCache : Start updating TeamEventExternalSubscriptionCache.
2019-04-18 14:59:59.974 user:  INFO 6368 --- [scheduling-1] o.p.b.j.ExternalCalendarSubscriptionJob  : External calendar subscriptions job finished.
2019-04-18 15:14:59.969 user:  INFO 6368 --- [scheduling-1] o.p.b.j.ExternalCalendarSubscriptionJob  : External calendar subscriptions job started.
2019-04-18 15:14:59.970 user:  INFO 6368 --- [scheduling-1] b.t.e.TeamEventExternalSubscriptionCache : Start updating TeamEventExternalSubscriptionCache.
2019-04-18 15:14:59.974 user:  INFO 6368 --- [scheduling-1] o.p.b.j.ExternalCalendarSubscriptionJob  : External calendar subscriptions job finished.
2019-04-18 15:29:59.977 user:  INFO 6368 --- [scheduling-1] o.p.b.j.ExternalCalendarSubscriptionJob  : External calendar subscriptions job started.
2019-04-18 15:29:59.978 user:  INFO 6368 --- [scheduling-1] b.t.e.TeamEventExternalSubscriptionCache : Start updating TeamEventExternalSubscriptionCache.
2019-04-18 15:29:59.982 user:  INFO 6368 --- [scheduling-1] o.p.b.j.ExternalCalendarSubscriptionJob  : External calendar subscriptions job finished.
2019-04-18 15:44:59.971 user:  INFO 6368 --- [scheduling-1] o.p.b.j.ExternalCalendarSubscriptionJob  : External calendar subscriptions job started.
2019-04-18 15:44:59.972 user:  INFO 6368 --- [scheduling-1] b.t.e.TeamEventExternalSubscriptionCache : Start updating TeamEventExternalSubscriptionCache.
2019-04-18 15:44:59.977 user:  INFO 6368 --- [scheduling-1] o.p.b.j.ExternalCalendarSubscriptionJob  : External calendar subscriptions job finished.
2019-04-18 15:59:59.876 user:  INFO 6368 --- [scheduling-1] o.p.business.jobs.CronHourlyJob          : Hourly job started.
2019-04-18 15:59:59.877 user:  INFO 6368 --- [scheduling-1] o.p.business.jobs.CronHourlyJob          : Starting (re-)indexing of history entries of the last 24 hours.
2019-04-18 15:59:59.885 user:  INFO 6368 --- [scheduling-1] o.p.f.persistence.database.DatabaseDao   : Starting re-indexing of 41 entries (total number) of type org.projectforge.framework.persistence.history.entities.PfHistoryMasterDO with scrollMode=false...
2019-04-18 15:59:59.887 user:  INFO 6368 --- [scheduling-1] o.p.f.persistence.database.DatabaseDao   : Re-indexing of 0 objects of type org.projectforge.framework.persistence.history.entities.PfHistoryMasterDO done.
2019-04-18 15:59:59.888 user:  INFO 6368 --- [scheduling-1] o.p.business.jobs.CronHourlyJob          : Hourly job job finished.
2019-04-18 15:59:59.970 user:  INFO 6368 --- [scheduling-1] o.p.b.j.ExternalCalendarSubscriptionJob  : External calendar subscriptions job started.
2019-04-18 15:59:59.970 user:  INFO 6368 --- [scheduling-1] b.t.e.TeamEventExternalSubscriptionCache : Start updating TeamEventExternalSubscriptionCache.
2019-04-18 15:59:59.974 user:  INFO 6368 --- [scheduling-1] o.p.b.j.ExternalCalendarSubscriptionJob  : External calendar subscriptions job finished.
2019-04-18 16:14:59.970 user:  INFO 6368 --- [scheduling-1] o.p.b.j.ExternalCalendarSubscriptionJob  : External calendar subscriptions job started.
2019-04-18 16:14:59.972 user:  INFO 6368 --- [scheduling-1] b.t.e.TeamEventExternalSubscriptionCache : Start updating TeamEventExternalSubscriptionCache.
2019-04-18 16:14:59.976 user:  INFO 6368 --- [scheduling-1] o.p.b.j.ExternalCalendarSubscriptionJob  : External calendar subscriptions job finished.
2019-04-18 16:29:59.969 user:  INFO 6368 --- [scheduling-1] o.p.b.j.ExternalCalendarSubscriptionJob  : External calendar subscriptions job started.
2019-04-18 16:29:59.970 user:  INFO 6368 --- [scheduling-1] b.t.e.TeamEventExternalSubscriptionCache : Start updating TeamEventExternalSubscriptionCache.
2019-04-18 16:29:59.976 user:  INFO 6368 --- [scheduling-1] o.p.b.j.ExternalCalendarSubscriptionJob  : External calendar subscriptions job finished.
2019-04-18 16:44:59.970 user:  INFO 6368 --- [scheduling-1] o.p.b.j.ExternalCalendarSubscriptionJob  : External calendar subscriptions job started.
2019-04-18 16:44:59.971 user:  INFO 6368 --- [scheduling-1] b.t.e.TeamEventExternalSubscriptionCache : Start updating TeamEventExternalSubscriptionCache.
2019-04-18 16:44:59.977 user:  INFO 6368 --- [scheduling-1] o.p.b.j.ExternalCalendarSubscriptionJob  : External calendar subscriptions job finished.
2019-04-18 16:59:59.880 user:  INFO 6368 --- [scheduling-1] o.p.business.jobs.CronHourlyJob          : Hourly job started.
2019-04-18 16:59:59.882 user:  INFO 6368 --- [scheduling-1] o.p.business.jobs.CronHourlyJob          : Starting (re-)indexing of history entries of the last 24 hours.
2019-04-18 16:59:59.889 user:  INFO 6368 --- [scheduling-1] o.p.f.persistence.database.DatabaseDao   : Starting re-indexing of 41 entries (total number) of type org.projectforge.framework.persistence.history.entities.PfHistoryMasterDO with scrollMode=false...
2019-04-18 16:59:59.891 user:  INFO 6368 --- [scheduling-1] o.p.f.persistence.database.DatabaseDao   : Re-indexing of 0 objects of type org.projectforge.framework.persistence.history.entities.PfHistoryMasterDO done.
2019-04-18 16:59:59.892 user:  INFO 6368 --- [scheduling-1] o.p.business.jobs.CronHourlyJob          : Hourly job job finished.
2019-04-18 16:59:59.977 user:  INFO 6368 --- [scheduling-1] o.p.b.j.ExternalCalendarSubscriptionJob  : External calendar subscriptions job started.
2019-04-18 16:59:59.977 user:  INFO 6368 --- [scheduling-1] b.t.e.TeamEventExternalSubscriptionCache : Start updating TeamEventExternalSubscriptionCache.
2019-04-18 16:59:59.980 user:  INFO 6368 --- [scheduling-1] o.p.b.j.ExternalCalendarSubscriptionJob  : External calendar subscriptions job finished.
2019-04-18 17:14:59.976 user:  INFO 6368 --- [scheduling-1] o.p.b.j.ExternalCalendarSubscriptionJob  : External calendar subscriptions job started.
2019-04-18 17:14:59.977 user:  INFO 6368 --- [scheduling-1] b.t.e.TeamEventExternalSubscriptionCache : Start updating TeamEventExternalSubscriptionCache.
2019-04-18 17:14:59.982 user:  INFO 6368 --- [scheduling-1] o.p.b.j.ExternalCalendarSubscriptionJob  : External calendar subscriptions job finished.
2019-04-18 17:29:59.969 user:  INFO 6368 --- [scheduling-1] o.p.b.j.ExternalCalendarSubscriptionJob  : External calendar subscriptions job started.
2019-04-18 17:29:59.970 user:  INFO 6368 --- [scheduling-1] b.t.e.TeamEventExternalSubscriptionCache : Start updating TeamEventExternalSubscriptionCache.
2019-04-18 17:29:59.975 user:  INFO 6368 --- [scheduling-1] o.p.b.j.ExternalCalendarSubscriptionJob  : External calendar subscriptions job finished.
2019-04-18 17:44:59.971 user:  INFO 6368 --- [scheduling-1] o.p.b.j.ExternalCalendarSubscriptionJob  : External calendar subscriptions job started.
2019-04-18 17:44:59.973 user:  INFO 6368 --- [scheduling-1] b.t.e.TeamEventExternalSubscriptionCache : Start updating TeamEventExternalSubscriptionCache.
2019-04-18 17:44:59.978 user:  INFO 6368 --- [scheduling-1] o.p.b.j.ExternalCalendarSubscriptionJob  : External calendar subscriptions job finished.
2019-04-18 17:59:59.876 user:  INFO 6368 --- [scheduling-1] o.p.business.jobs.CronHourlyJob          : Hourly job started.
2019-04-18 17:59:59.876 user:  INFO 6368 --- [scheduling-1] o.p.business.jobs.CronHourlyJob          : Starting (re-)indexing of history entries of the last 24 hours.
2019-04-18 17:59:59.881 user:  INFO 6368 --- [scheduling-1] o.p.f.persistence.database.DatabaseDao   : Starting re-indexing of 41 entries (total number) of type org.projectforge.framework.persistence.history.entities.PfHistoryMasterDO with scrollMode=false...
2019-04-18 17:59:59.884 user:  INFO 6368 --- [scheduling-1] o.p.f.persistence.database.DatabaseDao   : Re-indexing of 0 objects of type org.projectforge.framework.persistence.history.entities.PfHistoryMasterDO done.
2019-04-18 17:59:59.885 user:  INFO 6368 --- [scheduling-1] o.p.business.jobs.CronHourlyJob          : Hourly job job finished.
2019-04-18 17:59:59.969 user:  INFO 6368 --- [scheduling-1] o.p.b.j.ExternalCalendarSubscriptionJob  : External calendar subscriptions job started.
2019-04-18 17:59:59.969 user:  INFO 6368 --- [scheduling-1] b.t.e.TeamEventExternalSubscriptionCache : Start updating TeamEventExternalSubscriptionCache.
2019-04-18 17:59:59.974 user:  INFO 6368 --- [scheduling-1] o.p.b.j.ExternalCalendarSubscriptionJob  : External calendar subscriptions job finished.
2019-04-18 18:14:59.971 user:  INFO 6368 --- [scheduling-1] o.p.b.j.ExternalCalendarSubscriptionJob  : External calendar subscriptions job started.
2019-04-18 18:14:59.972 user:  INFO 6368 --- [scheduling-1] b.t.e.TeamEventExternalSubscriptionCache : Start updating TeamEventExternalSubscriptionCache.
2019-04-18 18:14:59.977 user:  INFO 6368 --- [scheduling-1] o.p.b.j.ExternalCalendarSubscriptionJob  : External calendar subscriptions job finished.
2019-04-18 18:29:59.978 user:  INFO 6368 --- [scheduling-1] o.p.b.j.ExternalCalendarSubscriptionJob  : External calendar subscriptions job started.
2019-04-18 18:29:59.980 user:  INFO 6368 --- [scheduling-1] b.t.e.TeamEventExternalSubscriptionCache : Start updating TeamEventExternalSubscriptionCache.
2019-04-18 18:29:59.985 user:  INFO 6368 --- [scheduling-1] o.p.b.j.ExternalCalendarSubscriptionJob  : External calendar subscriptions job finished.
2019-04-18 18:44:59.978 user:  INFO 6368 --- [scheduling-1] o.p.b.j.ExternalCalendarSubscriptionJob  : External calendar subscriptions job started.
2019-04-18 18:44:59.980 user:  INFO 6368 --- [scheduling-1] b.t.e.TeamEventExternalSubscriptionCache : Start updating TeamEventExternalSubscriptionCache.
2019-04-18 18:44:59.986 user:  INFO 6368 --- [scheduling-1] o.p.b.j.ExternalCalendarSubscriptionJob  : External calendar subscriptions job finished.
2019-04-18 18:59:59.874 user:  INFO 6368 --- [scheduling-1] o.p.business.jobs.CronHourlyJob          : Hourly job started.
2019-04-18 18:59:59.875 user:  INFO 6368 --- [scheduling-1] o.p.business.jobs.CronHourlyJob          : Starting (re-)indexing of history entries of the last 24 hours.
2019-04-18 18:59:59.882 user:  INFO 6368 --- [scheduling-1] o.p.f.persistence.database.DatabaseDao   : Starting re-indexing of 41 entries (total number) of type org.projectforge.framework.persistence.history.entities.PfHistoryMasterDO with scrollMode=false...
2019-04-18 18:59:59.884 user:  INFO 6368 --- [scheduling-1] o.p.f.persistence.database.DatabaseDao   : Re-indexing of 0 objects of type org.projectforge.framework.persistence.history.entities.PfHistoryMasterDO done.
2019-04-18 18:59:59.885 user:  INFO 6368 --- [scheduling-1] o.p.business.jobs.CronHourlyJob          : Hourly job job finished.
2019-04-18 18:59:59.972 user:  INFO 6368 --- [scheduling-1] o.p.b.j.ExternalCalendarSubscriptionJob  : External calendar subscriptions job started.
2019-04-18 18:59:59.972 user:  INFO 6368 --- [scheduling-1] b.t.e.TeamEventExternalSubscriptionCache : Start updating TeamEventExternalSubscriptionCache.
2019-04-18 18:59:59.976 user:  INFO 6368 --- [scheduling-1] o.p.b.j.ExternalCalendarSubscriptionJob  : External calendar subscriptions job finished.
2019-04-18 19:14:59.970 user:  INFO 6368 --- [scheduling-1] o.p.b.j.ExternalCalendarSubscriptionJob  : External calendar subscriptions job started.
2019-04-18 19:14:59.972 user:  INFO 6368 --- [scheduling-1] b.t.e.TeamEventExternalSubscriptionCache : Start updating TeamEventExternalSubscriptionCache.
2019-04-18 19:14:59.975 user:  INFO 6368 --- [scheduling-1] o.p.b.j.ExternalCalendarSubscriptionJob  : External calendar subscriptions job finished.
2019-04-18 19:29:59.974 user:  INFO 6368 --- [scheduling-1] o.p.b.j.ExternalCalendarSubscriptionJob  : External calendar subscriptions job started.
2019-04-18 19:29:59.976 user:  INFO 6368 --- [scheduling-1] b.t.e.TeamEventExternalSubscriptionCache : Start updating TeamEventExternalSubscriptionCache.
2019-04-18 19:29:59.980 user:  INFO 6368 --- [scheduling-1] o.p.b.j.ExternalCalendarSubscriptionJob  : External calendar subscriptions job finished.
2019-04-18 19:44:59.971 user:  INFO 6368 --- [scheduling-1] o.p.b.j.ExternalCalendarSubscriptionJob  : External calendar subscriptions job started.
2019-04-18 19:44:59.972 user:  INFO 6368 --- [scheduling-1] b.t.e.TeamEventExternalSubscriptionCache : Start updating TeamEventExternalSubscriptionCache.
2019-04-18 19:44:59.974 user:  INFO 6368 --- [scheduling-1] o.p.b.j.ExternalCalendarSubscriptionJob  : External calendar subscriptions job finished.
2019-04-18 19:59:59.875 user:  INFO 6368 --- [scheduling-1] o.p.business.jobs.CronHourlyJob          : Hourly job started.
2019-04-18 19:59:59.876 user:  INFO 6368 --- [scheduling-1] o.p.business.jobs.CronHourlyJob          : Starting (re-)indexing of history entries of the last 24 hours.
2019-04-18 19:59:59.883 user:  INFO 6368 --- [scheduling-1] o.p.f.persistence.database.DatabaseDao   : Starting re-indexing of 41 entries (total number) of type org.projectforge.framework.persistence.history.entities.PfHistoryMasterDO with scrollMode=false...
2019-04-18 19:59:59.886 user:  INFO 6368 --- [scheduling-1] o.p.f.persistence.database.DatabaseDao   : Re-indexing of 0 objects of type org.projectforge.framework.persistence.history.entities.PfHistoryMasterDO done.
2019-04-18 19:59:59.887 user:  INFO 6368 --- [scheduling-1] o.p.business.jobs.CronHourlyJob          : Hourly job job finished.
2019-04-18 19:59:59.979 user:  INFO 6368 --- [scheduling-1] o.p.b.j.ExternalCalendarSubscriptionJob  : External calendar subscriptions job started.
2019-04-18 19:59:59.979 user:  INFO 6368 --- [scheduling-1] b.t.e.TeamEventExternalSubscriptionCache : Start updating TeamEventExternalSubscriptionCache.
2019-04-18 19:59:59.982 user:  INFO 6368 --- [scheduling-1] o.p.b.j.ExternalCalendarSubscriptionJob  : External calendar subscriptions job finished.
2019-04-18 20:14:59.969 user:  INFO 6368 --- [scheduling-1] o.p.b.j.ExternalCalendarSubscriptionJob  : External calendar subscriptions job started.
2019-04-18 20:14:59.970 user:  INFO 6368 --- [scheduling-1] b.t.e.TeamEventExternalSubscriptionCache : Start updating TeamEventExternalSubscriptionCache.
2019-04-18 20:14:59.973 user:  INFO 6368 --- [scheduling-1] o.p.b.j.ExternalCalendarSubscriptionJob  : External calendar subscriptions job finished.
2019-04-18 20:29:59.973 user:  INFO 6368 --- [scheduling-1] o.p.b.j.ExternalCalendarSubscriptionJob  : External calendar subscriptions job started.
2019-04-18 20:29:59.974 user:  INFO 6368 --- [scheduling-1] b.t.e.TeamEventExternalSubscriptionCache : Start updating TeamEventExternalSubscriptionCache.
2019-04-18 20:29:59.978 user:  INFO 6368 --- [scheduling-1] o.p.b.j.ExternalCalendarSubscriptionJob  : External calendar subscriptions job finished.
2019-04-18 20:44:59.970 user:  INFO 6368 --- [scheduling-1] o.p.b.j.ExternalCalendarSubscriptionJob  : External calendar subscriptions job started.
2019-04-18 20:44:59.971 user:  INFO 6368 --- [scheduling-1] b.t.e.TeamEventExternalSubscriptionCache : Start updating TeamEventExternalSubscriptionCache.
2019-04-18 20:44:59.974 user:  INFO 6368 --- [scheduling-1] o.p.b.j.ExternalCalendarSubscriptionJob  : External calendar subscriptions job finished.
2019-04-18 20:59:59.874 user:  INFO 6368 --- [scheduling-1] o.p.business.jobs.CronHourlyJob          : Hourly job started.
2019-04-18 20:59:59.875 user:  INFO 6368 --- [scheduling-1] o.p.business.jobs.CronHourlyJob          : Starting (re-)indexing of history entries of the last 24 hours.
2019-04-18 20:59:59.882 user:  INFO 6368 --- [scheduling-1] o.p.f.persistence.database.DatabaseDao   : Starting re-indexing of 41 entries (total number) of type org.projectforge.framework.persistence.history.entities.PfHistoryMasterDO with scrollMode=false...
2019-04-18 20:59:59.885 user:  INFO 6368 --- [scheduling-1] o.p.f.persistence.database.DatabaseDao   : Re-indexing of 0 objects of type org.projectforge.framework.persistence.history.entities.PfHistoryMasterDO done.
2019-04-18 20:59:59.887 user:  INFO 6368 --- [scheduling-1] o.p.business.jobs.CronHourlyJob          : Hourly job job finished.
2019-04-18 20:59:59.978 user:  INFO 6368 --- [scheduling-1] o.p.b.j.ExternalCalendarSubscriptionJob  : External calendar subscriptions job started.
2019-04-18 20:59:59.978 user:  INFO 6368 --- [scheduling-1] b.t.e.TeamEventExternalSubscriptionCache : Start updating TeamEventExternalSubscriptionCache.
2019-04-18 20:59:59.982 user:  INFO 6368 --- [scheduling-1] o.p.b.j.ExternalCalendarSubscriptionJob  : External calendar subscriptions job finished.
2019-04-18 21:14:59.972 user:  INFO 6368 --- [scheduling-1] o.p.b.j.ExternalCalendarSubscriptionJob  : External calendar subscriptions job started.
2019-04-18 21:14:59.975 user:  INFO 6368 --- [scheduling-1] b.t.e.TeamEventExternalSubscriptionCache : Start updating TeamEventExternalSubscriptionCache.
2019-04-18 21:14:59.981 user:  INFO 6368 --- [scheduling-1] o.p.b.j.ExternalCalendarSubscriptionJob  : External calendar subscriptions job finished.
2019-04-18 21:29:59.970 user:  INFO 6368 --- [scheduling-1] o.p.b.j.ExternalCalendarSubscriptionJob  : External calendar subscriptions job started.
2019-04-18 21:29:59.972 user:  INFO 6368 --- [scheduling-1] b.t.e.TeamEventExternalSubscriptionCache : Start updating TeamEventExternalSubscriptionCache.
2019-04-18 21:29:59.980 user:  INFO 6368 --- [scheduling-1] o.p.b.j.ExternalCalendarSubscriptionJob  : External calendar subscriptions job finished.
2019-04-18 21:44:59.980 user:  INFO 6368 --- [scheduling-1] o.p.b.j.ExternalCalendarSubscriptionJob  : External calendar subscriptions job started.
2019-04-18 21:44:59.980 user:  INFO 6368 --- [scheduling-1] b.t.e.TeamEventExternalSubscriptionCache : Start updating TeamEventExternalSubscriptionCache.
2019-04-18 21:44:59.985 user:  INFO 6368 --- [scheduling-1] o.p.b.j.ExternalCalendarSubscriptionJob  : External calendar subscriptions job finished.
2019-04-18 21:59:59.877 user:  INFO 6368 --- [scheduling-1] o.p.business.jobs.CronHourlyJob          : Hourly job started.
2019-04-18 21:59:59.879 user:  INFO 6368 --- [scheduling-1] o.p.business.jobs.CronHourlyJob          : Starting (re-)indexing of history entries of the last 24 hours.
2019-04-18 21:59:59.885 user:  INFO 6368 --- [scheduling-1] o.p.f.persistence.database.DatabaseDao   : Starting re-indexing of 41 entries (total number) of type org.projectforge.framework.persistence.history.entities.PfHistoryMasterDO with scrollMode=false...
2019-04-18 21:59:59.891 user:  INFO 6368 --- [scheduling-1] o.p.f.persistence.database.DatabaseDao   : Re-indexing of 0 objects of type org.projectforge.framework.persistence.history.entities.PfHistoryMasterDO done.
2019-04-18 21:59:59.892 user:  INFO 6368 --- [scheduling-1] o.p.business.jobs.CronHourlyJob          : Hourly job job finished.
2019-04-18 21:59:59.977 user:  INFO 6368 --- [scheduling-1] o.p.b.j.ExternalCalendarSubscriptionJob  : External calendar subscriptions job started.
2019-04-18 21:59:59.977 user:  INFO 6368 --- [scheduling-1] b.t.e.TeamEventExternalSubscriptionCache : Start updating TeamEventExternalSubscriptionCache.
2019-04-18 21:59:59.980 user:  INFO 6368 --- [scheduling-1] o.p.b.j.ExternalCalendarSubscriptionJob  : External calendar subscriptions job finished.
2019-04-18 22:14:59.976 user:  INFO 6368 --- [scheduling-1] o.p.b.j.ExternalCalendarSubscriptionJob  : External calendar subscriptions job started.
2019-04-18 22:14:59.977 user:  INFO 6368 --- [scheduling-1] b.t.e.TeamEventExternalSubscriptionCache : Start updating TeamEventExternalSubscriptionCache.
2019-04-18 22:14:59.981 user:  INFO 6368 --- [scheduling-1] o.p.b.j.ExternalCalendarSubscriptionJob  : External calendar subscriptions job finished.
2019-04-18 22:29:59.977 user:  INFO 6368 --- [scheduling-1] o.p.b.j.ExternalCalendarSubscriptionJob  : External calendar subscriptions job started.
2019-04-18 22:29:59.977 user:  INFO 6368 --- [scheduling-1] b.t.e.TeamEventExternalSubscriptionCache : Start updating TeamEventExternalSubscriptionCache.
2019-04-18 22:29:59.983 user:  INFO 6368 --- [scheduling-1] o.p.b.j.ExternalCalendarSubscriptionJob  : External calendar subscriptions job finished.
2019-04-18 22:44:59.974 user:  INFO 6368 --- [scheduling-1] o.p.b.j.ExternalCalendarSubscriptionJob  : External calendar subscriptions job started.
2019-04-18 22:44:59.976 user:  INFO 6368 --- [scheduling-1] b.t.e.TeamEventExternalSubscriptionCache : Start updating TeamEventExternalSubscriptionCache.
2019-04-18 22:44:59.979 user:  INFO 6368 --- [scheduling-1] o.p.b.j.ExternalCalendarSubscriptionJob  : External calendar subscriptions job finished.
2019-04-18 22:59:59.877 user:  INFO 6368 --- [scheduling-1] o.p.business.jobs.CronHourlyJob          : Hourly job started.
2019-04-18 22:59:59.879 user:  INFO 6368 --- [scheduling-1] o.p.business.jobs.CronHourlyJob          : Starting (re-)indexing of history entries of the last 24 hours.
2019-04-18 22:59:59.886 user:  INFO 6368 --- [scheduling-1] o.p.f.persistence.database.DatabaseDao   : Starting re-indexing of 41 entries (total number) of type org.projectforge.framework.persistence.history.entities.PfHistoryMasterDO with scrollMode=false...
2019-04-18 22:59:59.888 user:  INFO 6368 --- [scheduling-1] o.p.f.persistence.database.DatabaseDao   : Re-indexing of 0 objects of type org.projectforge.framework.persistence.history.entities.PfHistoryMasterDO done.
2019-04-18 22:59:59.889 user:  INFO 6368 --- [scheduling-1] o.p.business.jobs.CronHourlyJob          : Hourly job job finished.
2019-04-18 22:59:59.973 user:  INFO 6368 --- [scheduling-1] o.p.b.j.ExternalCalendarSubscriptionJob  : External calendar subscriptions job started.
2019-04-18 22:59:59.973 user:  INFO 6368 --- [scheduling-1] b.t.e.TeamEventExternalSubscriptionCache : Start updating TeamEventExternalSubscriptionCache.
2019-04-18 22:59:59.977 user:  INFO 6368 --- [scheduling-1] o.p.b.j.ExternalCalendarSubscriptionJob  : External calendar subscriptions job finished.
2019-04-18 23:14:59.975 user:  INFO 6368 --- [scheduling-1] o.p.b.j.ExternalCalendarSubscriptionJob  : External calendar subscriptions job started.
2019-04-18 23:14:59.977 user:  INFO 6368 --- [scheduling-1] b.t.e.TeamEventExternalSubscriptionCache : Start updating TeamEventExternalSubscriptionCache.
2019-04-18 23:14:59.980 user:  INFO 6368 --- [scheduling-1] o.p.b.j.ExternalCalendarSubscriptionJob  : External calendar subscriptions job finished.
2019-04-18 23:29:59.977 user:  INFO 6368 --- [scheduling-1] o.p.b.j.ExternalCalendarSubscriptionJob  : External calendar subscriptions job started.
2019-04-18 23:29:59.978 user:  INFO 6368 --- [scheduling-1] b.t.e.TeamEventExternalSubscriptionCache : Start updating TeamEventExternalSubscriptionCache.
2019-04-18 23:29:59.982 user:  INFO 6368 --- [scheduling-1] o.p.b.j.ExternalCalendarSubscriptionJob  : External calendar subscriptions job finished.
2019-04-18 23:44:59.969 user:  INFO 6368 --- [scheduling-1] o.p.b.j.ExternalCalendarSubscriptionJob  : External calendar subscriptions job started.
2019-04-18 23:44:59.971 user:  INFO 6368 --- [scheduling-1] b.t.e.TeamEventExternalSubscriptionCache : Start updating TeamEventExternalSubscriptionCache.
2019-04-18 23:44:59.974 user:  INFO 6368 --- [scheduling-1] o.p.b.j.ExternalCalendarSubscriptionJob  : External calendar subscriptions job finished.
2019-04-18 23:59:59.883 user:  INFO 6368 --- [scheduling-1] o.p.business.jobs.CronHourlyJob          : Hourly job started.
2019-04-18 23:59:59.884 user:  INFO 6368 --- [scheduling-1] o.p.business.jobs.CronHourlyJob          : Starting (re-)indexing of history entries of the last 24 hours.
2019-04-18 23:59:59.892 user:  INFO 6368 --- [scheduling-1] o.p.f.persistence.database.DatabaseDao   : Starting re-indexing of 41 entries (total number) of type org.projectforge.framework.persistence.history.entities.PfHistoryMasterDO with scrollMode=false...
2019-04-18 23:59:59.895 user:  INFO 6368 --- [scheduling-1] o.p.f.persistence.database.DatabaseDao   : Re-indexing of 0 objects of type org.projectforge.framework.persistence.history.entities.PfHistoryMasterDO done.
2019-04-18 23:59:59.896 user:  INFO 6368 --- [scheduling-1] o.p.business.jobs.CronHourlyJob          : Hourly job job finished.
2019-04-18 23:59:59.971 user:  INFO 6368 --- [scheduling-1] o.p.b.j.ExternalCalendarSubscriptionJob  : External calendar subscriptions job started.
2019-04-18 23:59:59.971 user:  INFO 6368 --- [scheduling-1] b.t.e.TeamEventExternalSubscriptionCache : Start updating TeamEventExternalSubscriptionCache.
2019-04-18 23:59:59.977 user:  INFO 6368 --- [scheduling-1] o.p.b.j.ExternalCalendarSubscriptionJob  : External calendar subscriptions job finished.
