2019-06-24 09:15:26.930 user:  INFO 2682 --- [main] o.p.start.ProjectForgeApplication        : Starting ProjectForgeApplication on cl-1-216.micromata.priv with PID 2682 (/Users/jbruemmer/projectforge-dev/projectforge-application/target/classes started by jbruemmer in /Users/jbruemmer/projectforge-dev)
2019-06-24 09:15:26.932 user:  INFO 2682 --- [main] o.p.start.ProjectForgeApplication        : No active profile set, falling back to default profiles: default
2019-06-24 09:15:33.316 user:  INFO 2682 --- [main] o.s.b.w.embedded.tomcat.TomcatWebServer  : Tomcat initialized with port(s): 8080 (http)
2019-06-24 09:15:33.340 user:  INFO 2682 --- [main] o.apache.catalina.core.StandardService   : Starting service [Tomcat]
2019-06-24 09:15:33.340 user:  INFO 2682 --- [main] org.apache.catalina.core.StandardEngine  : Starting Servlet engine: [Apache Tomcat/9.0.17]
2019-06-24 09:15:33.487 user:  INFO 2682 --- [main] o.a.c.c.C.[Tomcat].[localhost].[/]       : Initializing Spring embedded WebApplicationContext
2019-06-24 09:15:33.487 user:  INFO 2682 --- [main] o.s.web.context.ContextLoader            : Root WebApplicationContext: initialization completed in 6138 ms
2019-06-24 09:15:33.806 user:  INFO 2682 --- [main] o.hibernate.jpa.internal.util.LogHelper  : HHH000204: Processing PersistenceUnitInfo [
	name: org.projectforge.webapp
	...]
2019-06-24 09:15:33.922 user:  INFO 2682 --- [main] org.hibernate.Version                    : HHH000412: Hibernate Core {5.0.5.Final}
2019-06-24 09:15:33.925 user:  INFO 2682 --- [main] org.hibernate.cfg.Environment            : HHH000206: hibernate.properties not found
2019-06-24 09:15:33.927 user:  INFO 2682 --- [main] org.hibernate.cfg.Environment            : HHH000021: Bytecode provider name : javassist
2019-06-24 09:15:34.002 user:  INFO 2682 --- [main] o.hibernate.annotations.common.Version   : HCANN000001: Hibernate Commons Annotations {5.0.1.Final}
2019-06-24 09:15:34.781 user:  INFO 2682 --- [main] com.zaxxer.hikari.HikariDataSource       : HikariPool-1 - Starting...
2019-06-24 09:15:34.906 user:  INFO 2682 --- [main] com.zaxxer.hikari.HikariDataSource       : HikariPool-1 - Start completed.
2019-06-24 09:15:34.924 user:  INFO 2682 --- [main] org.hibernate.dialect.Dialect            : HHH000400: Using dialect: org.hibernate.dialect.PostgreSQL81Dialect
2019-06-24 09:15:35.292 user:  INFO 2682 --- [main] o.h.e.j.e.i.LobCreatorBuilderImpl        : HHH000421: Disabling contextual LOB creation as hibernate.jdbc.lob.non_contextual_creation is true
2019-06-24 09:15:36.415 user:  INFO 2682 --- [main] org.hibernate.search.engine.Version      : HSEARCH000034: Hibernate Search 5.5.2.Final
2019-06-24 09:15:37.549 user:  WARN 2682 --- [main] o.h.search.engine.impl.ConfigContext     : HSEARCH000075: Configuration setting hibernate.search.lucene_version was not specified: using LUCENE_CURRENT.
2019-06-24 09:15:39.983 user:  INFO 2682 --- [main] .f.p.a.i.AttrSchemaServiceSpringBeanImpl : AttrSchema config file loaded from 'file:/Users/jbruemmer/ProjectForge/attrschema.xml'
2019-06-24 09:15:40.103 user:  INFO 2682 --- [main] o.p.f.persistence.api.HibernateUtils     : Using dialect: org.hibernate.dialect.PostgreSQLDialect
2019-06-24 09:15:40.103 user:  INFO 2682 --- [main] o.p.continuousdb.DatabaseSupport         : Setting database dialect to: org.hibernate.dialect.PostgreSQLDialect
2019-06-24 09:15:40.235 user:  INFO 2682 --- [main] o.p.framework.configuration.ConfigXml    : Using application home dir: /Users/jbruemmer/ProjectForge
2019-06-24 09:15:40.237 user:  INFO 2682 --- [main] o.p.framework.configuration.ConfigXml    : Cannot read from config file: '/Users/jbruemmer/ProjectForge/config.xml'. OK, assuming default values.
2019-06-24 09:15:40.238 user:  WARN 2682 --- [main] o.p.b.c.ConfigurationServiceImpl         : Can't read keystore file: jssecacerts
2019-06-24 09:15:40.401 user:  INFO 2682 --- [main] o.f.c.internal.license.VersionPrinter    : Flyway Community Edition 5.2.4 by Boxfuse
2019-06-24 09:15:40.404 user:  INFO 2682 --- [main] o.f.c.internal.database.DatabaseFactory  : Database: jdbc:postgresql://localhost:15432/projectforge (PostgreSQL 11.2)
2019-06-24 09:15:40.415 user:  WARN 2682 --- [main] o.f.c.internal.database.base.Database    : Flyway upgrade recommended: PostgreSQL 11.2 is newer than this version of Flyway and support has not been tested.
2019-06-24 09:15:40.424 user:  WARN 2682 --- [main] o.f.c.i.s.classpath.ClassPathScanner     : Unable to resolve location classpath:dbmigration_plugin
2019-06-24 09:15:40.431 user:  WARN 2682 --- [main] o.f.c.i.s.classpath.ClassPathScanner     : Unable to resolve location classpath:flyway/migrate/postgresql
2019-06-24 09:15:40.431 user:  WARN 2682 --- [main] o.f.c.i.s.classpath.ClassPathScanner     : Unable to resolve location classpath:org/projectforge/flyway/dbmigration
2019-06-24 09:15:40.602 user:  INFO 2682 --- [main] o.f.core.internal.command.DbValidate     : Successfully validated 4 migrations (execution time 00:00.150s)
2019-06-24 09:15:40.615 user:  INFO 2682 --- [main] o.f.core.internal.command.DbMigrate      : Current version of schema "public": 6.19.0
2019-06-24 09:15:40.617 user:  INFO 2682 --- [main] o.f.core.internal.command.DbMigrate      : Schema "public" is up to date. No migration necessary.
2019-06-24 09:15:41.318 user:  WARN 2682 --- [main] o.projectforge.config.WebXMLInitializer  : *********************************
2019-06-24 09:15:41.318 user:  WARN 2682 --- [main] o.projectforge.config.WebXMLInitializer  : ***********            **********
2019-06-24 09:15:41.318 user:  WARN 2682 --- [main] o.projectforge.config.WebXMLInitializer  : *********** ATTENTION! **********
2019-06-24 09:15:41.319 user:  WARN 2682 --- [main] o.projectforge.config.WebXMLInitializer  : ***********            **********
2019-06-24 09:15:41.319 user:  WARN 2682 --- [main] o.projectforge.config.WebXMLInitializer  : *********** Running in **********
2019-06-24 09:15:41.319 user:  WARN 2682 --- [main] o.projectforge.config.WebXMLInitializer  : *********** dev mode!  **********
2019-06-24 09:15:41.319 user:  WARN 2682 --- [main] o.projectforge.config.WebXMLInitializer  : ***********            **********
2019-06-24 09:15:41.319 user:  WARN 2682 --- [main] o.projectforge.config.WebXMLInitializer  : *********************************
2019-06-24 09:15:41.319 user:  WARN 2682 --- [main] o.projectforge.config.WebXMLInitializer  : Don't deliver this app in dev mode due to security reasons (cross origin allowed)!
2019-06-24 09:15:41.324 user:  INFO 2682 --- [main] o.s.boot.web.servlet.RegistrationBean    : Filter restUserFilter was not registered (possibly already registered?)
2019-06-24 09:15:41.324 user:  INFO 2682 --- [main] o.s.boot.web.servlet.RegistrationBean    : Filter restUserFilter was not registered (possibly already registered?)
2019-06-24 09:15:41.489 user:  INFO 2682 --- [main] org.apache.wicket.Application            : [wicket.app] init: Wicket extensions initializer
2019-06-24 09:15:41.497 user:  INFO 2682 --- [main] org.apache.wicket.Application            : [wicket.app] init: Wicket core library initializer
2019-06-24 09:15:41.499 user:  INFO 2682 --- [main] o.a.wicket.RequestListenerInterface      : registered listener interface [RequestListenerInterface name=IBehaviorListener, method=public abstract void org.apache.wicket.behavior.IBehaviorListener.onRequest()]
2019-06-24 09:15:41.499 user:  INFO 2682 --- [main] o.a.wicket.RequestListenerInterface      : registered listener interface [RequestListenerInterface name=IFormSubmitListener, method=public abstract void org.apache.wicket.markup.html.form.IFormSubmitListener.onFormSubmitted()]
2019-06-24 09:15:41.499 user:  INFO 2682 --- [main] o.a.wicket.RequestListenerInterface      : registered listener interface [RequestListenerInterface name=ILinkListener, method=public abstract void org.apache.wicket.markup.html.link.ILinkListener.onLinkClicked()]
2019-06-24 09:15:41.500 user:  INFO 2682 --- [main] o.a.wicket.RequestListenerInterface      : registered listener interface [RequestListenerInterface name=IOnChangeListener, method=public abstract void org.apache.wicket.markup.html.form.IOnChangeListener.onSelectionChanged()]
2019-06-24 09:15:41.500 user:  INFO 2682 --- [main] o.a.wicket.RequestListenerInterface      : registered listener interface [RequestListenerInterface name=IResourceListener, method=public abstract void org.apache.wicket.IResourceListener.onResourceRequested()]
2019-06-24 09:15:41.510 user:  INFO 2682 --- [main] org.projectforge.ProjectForgeApp         : Initializing...
2019-06-24 09:15:42.379 user:  INFO 2682 --- [main] org.projectforge.ProjectForgeApp         : Default TimeZone is: sun.util.calendar.ZoneInfo[id="UTC",offset=0,dstSavings=0,useDaylight=false,transitions=0,lastRule=null]
2019-06-24 09:15:42.379 user:  INFO 2682 --- [main] org.projectforge.ProjectForgeApp         : user.timezone is: UTC
2019-06-24 09:15:42.426 user:  INFO 2682 --- [main] o.p.f.c.AbstractConfiguration            : Initializing GlobalConfiguration (ConfigurationDO parameters) ...
2019-06-24 09:15:42.461 user:  INFO 2682 --- [main] o.h.h.i.QueryTranslatorFactoryInitiator  : HHH000397: Using ASTQueryTranslatorFactory
2019-06-24 09:15:42.613 user:  INFO 2682 --- [main] o.p.f.c.AbstractConfiguration            : GlobalConfiguration: hr.emailaddress=hr@management.de
2019-06-24 09:15:42.614 user:  INFO 2682 --- [main] o.p.f.c.AbstractConfiguration            : GlobalConfiguration: systemAdministratorEMail=admin@dev-null.com
2019-06-24 09:15:42.614 user:  INFO 2682 --- [main] o.p.f.c.AbstractConfiguration            : GlobalConfiguration: messageOfTheDay=Please try user demo with password demo123. Have a lot of fun!
2019-06-24 09:15:42.614 user:  INFO 2682 --- [main] o.p.f.c.AbstractConfiguration            : GlobalConfiguration: pluginsActivated=extendemployeedata,ihkexport,licenseManagementPlugin,liquidplanning,marketing,memo,todo
2019-06-24 09:15:42.614 user:  INFO 2682 --- [main] o.p.f.c.AbstractConfiguration            : GlobalConfiguration: password.flag.checkChange=true
2019-06-24 09:15:42.614 user:  INFO 2682 --- [main] o.p.f.c.AbstractConfiguration            : GlobalConfiguration: snoweffect.enabled=false
2019-06-24 09:15:42.614 user:  INFO 2682 --- [main] o.p.f.c.AbstractConfiguration            : GlobalConfiguration: admin.multiTenancyEnabled=false
2019-06-24 09:15:42.614 user:  INFO 2682 --- [main] o.p.f.c.AbstractConfiguration            : GlobalConfiguration: minPasswordLength=10
2019-06-24 09:15:42.614 user:  INFO 2682 --- [main] o.p.f.c.AbstractConfiguration            : GlobalConfiguration: vacation.lastyear.enddate=31.03.
2019-06-24 09:15:42.723 user:  INFO 2682 --- [main] o.p.plugins.core.AbstractPlugin          : Initializing plugin: class org.projectforge.plugins.eed.ExtendEmployeeDataPlugin
2019-06-24 09:15:42.751 user:  INFO 2682 --- [main] o.p.f.c.AbstractConfiguration            : Initializing Configuration[tenant=1] (ConfigurationDO parameters) ...
2019-06-24 09:15:42.759 user:  WARN 2682 --- [main] o.h.hql.internal.ast.HqlSqlWalker        : [DEPRECATION] Encountered positional parameter near line 1, column 92 in HQL: [from org.projectforge.framework.configuration.entities.ConfigurationDO t where tenant_id = ? or tenant_id is null].  Positional parameter are considered deprecated; use named parameters or JPA-style positional parameters instead.
2019-06-24 09:15:42.770 user:  INFO 2682 --- [main] o.p.f.c.AbstractConfiguration            : Configuration[tenant=1]: timezone=sun.util.calendar.ZoneInfo[id="UTC",offset=0,dstSavings=0,useDaylight=false,transitions=0,lastRule=null]
2019-06-24 09:15:42.770 user:  INFO 2682 --- [main] o.p.f.c.AbstractConfiguration            : Configuration[tenant=1]: fibu.costConfigured=true
2019-06-24 09:15:42.770 user:  INFO 2682 --- [main] o.p.f.c.AbstractConfiguration            : Configuration[tenant=1]: excelDateFormats=DD/MM/YYYY;MM/DD/YYYY;DD.MM.YYYY
2019-06-24 09:15:42.771 user:  INFO 2682 --- [main] o.p.f.c.AbstractConfiguration            : Configuration[tenant=1]: fibu.defaultVAT=0.19000
2019-06-24 09:15:42.771 user:  INFO 2682 --- [main] o.p.f.c.AbstractConfiguration            : Configuration[tenant=1]: countryPhonePrefix=+49
2019-06-24 09:15:42.771 user:  INFO 2682 --- [main] o.p.f.c.AbstractConfiguration            : Configuration[tenant=1]: dateFormats=dd/MM/yyyy;MM/dd/yyyy;dd.MM.yyyy;yyyy-MM-dd
2019-06-24 09:15:42.771 user:  INFO 2682 --- [main] o.p.f.c.AbstractConfiguration            : Configuration[tenant=1]: feedbackEMail=admin@dev-null.com
2019-06-24 09:15:42.771 user:  INFO 2682 --- [main] o.p.f.c.AbstractConfiguration            : Configuration[tenant=1]: calendarDomain=projectforge.test.com
2019-06-24 09:15:42.786 user:  INFO 2682 --- [main] o.p.p.core.impl.PluginAdminServiceImpl   : Plugin activated: extendemployeedata
2019-06-24 09:15:42.792 user:  INFO 2682 --- [main] o.p.plugins.core.AbstractPlugin          : Initializing plugin: class org.projectforge.plugins.ihkexport.IhkExportPlugin
2019-06-24 09:15:42.794 user:  INFO 2682 --- [main] o.p.p.core.impl.PluginAdminServiceImpl   : Plugin activated: ihkexport
2019-06-24 09:15:42.829 user:  INFO 2682 --- [main] o.p.plugins.core.AbstractPlugin          : Initializing plugin: class org.projectforge.plugins.licensemanagement.LicenseManagementPlugin
2019-06-24 09:15:42.840 user:  INFO 2682 --- [main] o.p.p.core.impl.PluginAdminServiceImpl   : Plugin activated: licenseManagementPlugin
2019-06-24 09:15:42.874 user:  INFO 2682 --- [main] o.p.plugins.core.AbstractPlugin          : Initializing plugin: class org.projectforge.plugins.liquidityplanning.LiquidityPlanningPlugin
2019-06-24 09:15:42.884 user:  INFO 2682 --- [main] o.p.p.core.impl.PluginAdminServiceImpl   : Plugin activated: liquidplanning
2019-06-24 09:15:42.946 user:  INFO 2682 --- [main] o.p.plugins.core.AbstractPlugin          : Initializing plugin: class org.projectforge.plugins.marketing.MarketingPlugin
2019-06-24 09:15:42.965 user:  INFO 2682 --- [main] o.p.p.core.impl.PluginAdminServiceImpl   : Plugin activated: marketing
2019-06-24 09:15:42.998 user:  INFO 2682 --- [main] o.p.plugins.core.AbstractPlugin          : Initializing plugin: class org.projectforge.plugins.memo.MemoPlugin
2019-06-24 09:15:43.006 user:  INFO 2682 --- [main] o.p.p.core.impl.PluginAdminServiceImpl   : Plugin activated: memo
2019-06-24 09:15:43.045 user:  INFO 2682 --- [main] o.p.plugins.core.AbstractPlugin          : Initializing plugin: class org.projectforge.plugins.todo.ToDoPlugin
2019-06-24 09:15:43.058 user:  INFO 2682 --- [main] o.p.p.core.impl.PluginAdminServiceImpl   : Plugin activated: todo
2019-06-24 09:15:43.074 user:  INFO 2682 --- [main] o.p.continuousdb.SystemUpdater           : Checking for database updates...
2019-06-24 09:15:43.075 user:  INFO 2682 --- [main] o.p.f.p.database.DatabaseCoreUpdates     : Running pre-check for ProjectForge version 6.16.0
2019-06-24 09:15:43.082 user:  INFO 2682 --- [main] o.p.f.p.database.DatabaseService         : select * from t_address LIMIT 1
2019-06-24 09:15:43.085 user:  INFO 2682 --- [main] o.p.f.p.database.DatabaseService         : select * from t_address where uid is not null LIMIT 1
2019-06-24 09:15:43.117 user:  INFO 2682 --- [main] o.p.continuousdb.SystemUpdater           : No database updates found (OK).
2019-06-24 09:15:43.145 user:  INFO 2682 --- [main] org.projectforge.ProjectForgeApp         : ProjectForge 6.26-SNAPSHOT (2019-06-21 13:12) initialized.
2019-06-24 09:15:43.148 user:  INFO 2682 --- [main] org.projectforge.ProjectForgeApp         : ProjectForge is now available (up and running).
2019-06-24 09:15:43.150 user:  INFO 2682 --- [main] o.a.wicket.protocol.http.WebApplication  : [wicket.app] Started Wicket version 7.10.0 in DEPLOYMENT mode
2019-06-24 09:15:43.189 user:  INFO 2682 --- [main] org.projectforge.business.login.Login    : LoginHandler org.projectforge.business.login.LoginDefaultHandler registered.
2019-06-24 09:15:43.853 user:  INFO 2682 --- [main] org.projectforge.storage.StorageClient   : No storageConfig given in config.xml. Storage not available.
2019-06-24 09:15:44.146 user:  INFO 2682 --- [main] o.s.s.concurrent.ThreadPoolTaskExecutor  : Initializing ExecutorService 'applicationTaskExecutor'
2019-06-24 09:15:44.195 user:  WARN 2682 --- [main] aWebConfiguration$JpaWebMvcConfiguration : spring.jpa.open-in-view is enabled by default. Therefore, database queries may be performed during view rendering. Explicitly configure spring.jpa.open-in-view to disable this warning
2019-06-24 09:15:44.401 user:  INFO 2682 --- [main] o.s.b.a.w.s.WelcomePageHandlerMapping    : Adding welcome page: class path resource [static/index.html]
2019-06-24 09:15:44.753 user:  INFO 2682 --- [main] o.s.s.c.ThreadPoolTaskScheduler          : Initializing ExecutorService 'taskScheduler'
2019-06-24 09:15:45.554 user:  INFO 2682 --- [main] o.s.b.w.embedded.tomcat.TomcatWebServer  : Tomcat started on port(s): 8080 (http) with context path ''
2019-06-24 09:15:45.557 user:  INFO 2682 --- [main] o.p.start.ProjectForgeApplication        : Started ProjectForgeApplication in 19.241 seconds (JVM running for 22.069)
2019-06-24 09:20:30.286 user:  INFO 2682 --- [http-nio-127.0.0.1-8080-exec-1] o.a.c.c.C.[Tomcat].[localhost].[/]       : Initializing Spring DispatcherServlet 'dispatcherServlet'
2019-06-24 09:20:30.286 user:  INFO 2682 --- [http-nio-127.0.0.1-8080-exec-1] o.s.web.servlet.DispatcherServlet        : Initializing Servlet 'dispatcherServlet'
2019-06-24 09:20:30.296 user:  INFO 2682 --- [http-nio-127.0.0.1-8080-exec-1] o.s.web.servlet.DispatcherServlet        : Completed initialization in 9 ms
2019-06-24 09:20:30.343 user:  INFO 2682 --- [http-nio-127.0.0.1-8080-exec-1] o.p.business.user.filter.CookieService   : User successfully logged in using stay-logged-in method: Admin ProjectForge Administrator (jan)
2019-06-24 09:20:30.425 user:  INFO 2682 --- [http-nio-127.0.0.1-8080-exec-2] o.p.business.user.UserGroupCache         : Initializing UserGroupCache  for tenant #1 'Default tenant'...
2019-06-24 09:20:30.425 user:  INFO 2682 --- [http-nio-127.0.0.1-8080-exec-2] o.p.business.user.UserGroupCache         : Loading all users ...
2019-06-24 09:20:30.450 user:  INFO 2682 --- [http-nio-127.0.0.1-8080-exec-2] o.p.business.user.UserGroupCache         : Loading all groups ...
2019-06-24 09:20:30.521 user:  INFO 2682 --- [http-nio-127.0.0.1-8080-exec-2] o.p.business.user.UserGroupCache         : Initializing of UserGroupCache done for tenant #1 'Default tenant'.
2019-06-24 09:20:30.521 user:  INFO 2682 --- [http-nio-127.0.0.1-8080-exec-2] o.p.business.user.UserGroupCache         : UserGroupCache.refresh took: 98 ms.
2019-06-24 09:20:32.103 user:jan  INFO 2682 --- [http-nio-127.0.0.1-8080-exec-2] org.projectforge.plugins.todo.ToDoCache  : Clearing cache with open to-do entries.
2019-06-24 09:20:32.256 user:jan  INFO 2682 --- [http-nio-127.0.0.1-8080-exec-2] o.p.b.user.UserXmlPreferencesCache       : Flushing all user preferences to data-base....
2019-06-24 09:20:32.924 user:jan  INFO 2682 --- [http-nio-127.0.0.1-8080-exec-2] o.p.b.user.UserXmlPreferencesCache       : Flushing of user preferences to data-base done.
2019-06-24 09:20:33.498 user:jan  INFO 2682 --- [http-nio-127.0.0.1-8080-exec-2] o.p.b.multitenancy.TenantRegistryMap     : Refreshing org.projectforge.business.multitenancy.TenantRegistry...
2019-06-24 09:20:33.498 user:jan  INFO 2682 --- [http-nio-127.0.0.1-8080-exec-2] o.p.b.multitenancy.TenantRegistryMap     : Refreshing of org.projectforge.business.multitenancy.TenantRegistry done.
2019-06-24 09:20:33.499 user:jan  INFO 2682 --- [http-nio-127.0.0.1-8080-exec-2] org.projectforge.business.task.TaskTree  : Initializing task tree ...
2019-06-24 09:20:33.503 user:jan  WARN 2682 --- [http-nio-127.0.0.1-8080-exec-2] o.h.hql.internal.ast.HqlSqlWalker        : [DEPRECATION] Encountered positional parameter near line 1, column 64 in HQL: [from org.projectforge.business.task.TaskDO t where tenant_id = ? or tenant_id is null].  Positional parameter are considered deprecated; use named parameters or JPA-style positional parameters instead.
2019-06-24 09:20:33.621 user:jan  INFO 2682 --- [http-nio-127.0.0.1-8080-exec-2] org.projectforge.business.task.TaskTree  : Initializing task tree done.
2019-06-24 09:21:21.730 user:jan  INFO 2682 --- [http-nio-127.0.0.1-8080-exec-10] o.projectforge.web.rest.RestUserFilter   : User: jan calls RestURL: /rs/userStatus with ip: 127.0.0.1
2019-06-24 09:21:21.947 user:jan  INFO 2682 --- [http-nio-127.0.0.1-8080-exec-7] o.projectforge.web.rest.RestUserFilter   : User: jan calls RestURL: /rs/menu with ip: 127.0.0.1
2019-06-24 09:21:21.947 user:jan  INFO 2682 --- [http-nio-127.0.0.1-8080-exec-1] o.projectforge.web.rest.RestUserFilter   : User: jan calls RestURL: /rs/index with ip: 127.0.0.1
2019-06-24 09:21:25.993 user:jan  INFO 2682 --- [http-nio-127.0.0.1-8080-exec-2] o.p.framework.calendar.Holidays          : Compute holidays for year: 2018
2019-06-24 09:21:26.074 user:jan  WARN 2682 --- [http-nio-127.0.0.1-8080-exec-5] o.h.hql.internal.ast.HqlSqlWalker        : [DEPRECATION] Encountered positional parameter near line 1, column 91 in HQL: [select address.id from org.projectforge.business.address.PersonalAddressDO where owner.id=?].  Positional parameter are considered deprecated; use named parameters or JPA-style positional parameters instead.
2019-06-24 09:29:59.972 user:  INFO 2682 --- [scheduling-1] o.p.b.j.ExternalCalendarSubscriptionJob  : External calendar subscriptions job started.
2019-06-24 09:29:59.975 user:  INFO 2682 --- [scheduling-1] b.t.e.TeamEventExternalSubscriptionCache : Start updating TeamEventExternalSubscriptionCache.
2019-06-24 09:29:59.986 user:  INFO 2682 --- [scheduling-1] o.p.b.j.ExternalCalendarSubscriptionJob  : External calendar subscriptions job finished.
2019-06-24 09:44:59.970 user:  INFO 2682 --- [scheduling-1] o.p.b.j.ExternalCalendarSubscriptionJob  : External calendar subscriptions job started.
2019-06-24 09:44:59.971 user:  INFO 2682 --- [scheduling-1] b.t.e.TeamEventExternalSubscriptionCache : Start updating TeamEventExternalSubscriptionCache.
2019-06-24 09:44:59.977 user:  INFO 2682 --- [scheduling-1] o.p.b.j.ExternalCalendarSubscriptionJob  : External calendar subscriptions job finished.
2019-06-24 09:59:59.911 user:  INFO 2682 --- [scheduling-1] o.p.business.jobs.CronHourlyJob          : Hourly job started.
2019-06-24 09:59:59.911 user:  INFO 2682 --- [scheduling-1] o.p.business.jobs.CronHourlyJob          : Starting (re-)indexing of history entries of the last 24 hours.
2019-06-24 09:59:59.949 user:  INFO 2682 --- [scheduling-1] o.p.f.persistence.database.DatabaseDao   : Starting re-indexing of 56 entries (total number) of type org.projectforge.framework.persistence.history.entities.PfHistoryMasterDO with scrollMode=false...
2019-06-24 10:00:00.022 user:  INFO 2682 --- [scheduling-1] o.p.f.persistence.database.DatabaseDao   : Re-indexing of 0 objects of type org.projectforge.framework.persistence.history.entities.PfHistoryMasterDO done.
2019-06-24 10:00:00.024 user:  INFO 2682 --- [scheduling-1] o.p.business.jobs.CronHourlyJob          : Hourly job job finished.
2019-06-24 10:00:00.025 user:  INFO 2682 --- [scheduling-1] o.p.b.j.ExternalCalendarSubscriptionJob  : External calendar subscriptions job started.
2019-06-24 10:00:00.025 user:  INFO 2682 --- [scheduling-1] b.t.e.TeamEventExternalSubscriptionCache : Start updating TeamEventExternalSubscriptionCache.
2019-06-24 10:00:00.027 user:  INFO 2682 --- [scheduling-1] o.p.b.j.ExternalCalendarSubscriptionJob  : External calendar subscriptions job finished.
2019-06-24 10:14:59.973 user:  INFO 2682 --- [scheduling-1] o.p.b.j.ExternalCalendarSubscriptionJob  : External calendar subscriptions job started.
2019-06-24 10:14:59.973 user:  INFO 2682 --- [scheduling-1] b.t.e.TeamEventExternalSubscriptionCache : Start updating TeamEventExternalSubscriptionCache.
2019-06-24 10:14:59.977 user:  INFO 2682 --- [scheduling-1] o.p.b.j.ExternalCalendarSubscriptionJob  : External calendar subscriptions job finished.
2019-06-24 10:29:59.973 user:  INFO 2682 --- [scheduling-1] o.p.b.j.ExternalCalendarSubscriptionJob  : External calendar subscriptions job started.
2019-06-24 10:29:59.974 user:  INFO 2682 --- [scheduling-1] b.t.e.TeamEventExternalSubscriptionCache : Start updating TeamEventExternalSubscriptionCache.
2019-06-24 10:29:59.980 user:  INFO 2682 --- [scheduling-1] o.p.b.j.ExternalCalendarSubscriptionJob  : External calendar subscriptions job finished.
2019-06-24 10:44:59.971 user:  INFO 2682 --- [scheduling-1] o.p.b.j.ExternalCalendarSubscriptionJob  : External calendar subscriptions job started.
2019-06-24 10:44:59.972 user:  INFO 2682 --- [scheduling-1] b.t.e.TeamEventExternalSubscriptionCache : Start updating TeamEventExternalSubscriptionCache.
2019-06-24 10:44:59.978 user:  INFO 2682 --- [scheduling-1] o.p.b.j.ExternalCalendarSubscriptionJob  : External calendar subscriptions job finished.
2019-06-24 10:58:04.662 user:  WARN 2682 --- [HikariPool-1 housekeeper] com.zaxxer.hikari.pool.HikariPool        : HikariPool-1 - Thread starvation or clock leap detected (housekeeper delta=59s215ms).
2019-06-24 11:00:29.086 user:  INFO 2682 --- [scheduling-1] o.p.business.jobs.CronHourlyJob          : Hourly job started.
2019-06-24 11:00:29.087 user:  INFO 2682 --- [scheduling-1] o.p.business.jobs.CronHourlyJob          : Starting (re-)indexing of history entries of the last 24 hours.
2019-06-24 11:00:29.097 user:  INFO 2682 --- [scheduling-1] o.p.f.persistence.database.DatabaseDao   : Starting re-indexing of 56 entries (total number) of type org.projectforge.framework.persistence.history.entities.PfHistoryMasterDO with scrollMode=false...
2019-06-24 11:00:29.100 user:  INFO 2682 --- [scheduling-1] o.p.f.persistence.database.DatabaseDao   : Re-indexing of 0 objects of type org.projectforge.framework.persistence.history.entities.PfHistoryMasterDO done.
2019-06-24 11:00:29.102 user:  INFO 2682 --- [scheduling-1] o.p.business.jobs.CronHourlyJob          : Hourly job job finished.
2019-06-24 11:00:29.177 user:  INFO 2682 --- [scheduling-1] o.p.b.j.ExternalCalendarSubscriptionJob  : External calendar subscriptions job started.
2019-06-24 11:00:29.177 user:  INFO 2682 --- [scheduling-1] b.t.e.TeamEventExternalSubscriptionCache : Start updating TeamEventExternalSubscriptionCache.
2019-06-24 11:00:29.181 user:  INFO 2682 --- [scheduling-1] o.p.b.j.ExternalCalendarSubscriptionJob  : External calendar subscriptions job finished.
2019-06-24 11:14:59.970 user:  INFO 2682 --- [scheduling-1] o.p.b.j.ExternalCalendarSubscriptionJob  : External calendar subscriptions job started.
2019-06-24 11:14:59.971 user:  INFO 2682 --- [scheduling-1] b.t.e.TeamEventExternalSubscriptionCache : Start updating TeamEventExternalSubscriptionCache.
2019-06-24 11:14:59.976 user:  INFO 2682 --- [scheduling-1] o.p.b.j.ExternalCalendarSubscriptionJob  : External calendar subscriptions job finished.
2019-06-24 11:30:00.009 user:  INFO 2682 --- [scheduling-1] o.p.b.j.ExternalCalendarSubscriptionJob  : External calendar subscriptions job started.
2019-06-24 11:30:00.010 user:  INFO 2682 --- [scheduling-1] b.t.e.TeamEventExternalSubscriptionCache : Start updating TeamEventExternalSubscriptionCache.
2019-06-24 11:30:00.016 user:  INFO 2682 --- [scheduling-1] o.p.b.j.ExternalCalendarSubscriptionJob  : External calendar subscriptions job finished.
2019-06-24 11:44:59.973 user:  INFO 2682 --- [scheduling-1] o.p.b.j.ExternalCalendarSubscriptionJob  : External calendar subscriptions job started.
2019-06-24 11:44:59.973 user:  INFO 2682 --- [scheduling-1] b.t.e.TeamEventExternalSubscriptionCache : Start updating TeamEventExternalSubscriptionCache.
2019-06-24 11:44:59.980 user:  INFO 2682 --- [scheduling-1] o.p.b.j.ExternalCalendarSubscriptionJob  : External calendar subscriptions job finished.
2019-06-24 11:59:59.917 user:  INFO 2682 --- [scheduling-1] o.p.business.jobs.CronHourlyJob          : Hourly job started.
2019-06-24 11:59:59.918 user:  INFO 2682 --- [scheduling-1] o.p.business.jobs.CronHourlyJob          : Starting (re-)indexing of history entries of the last 24 hours.
2019-06-24 11:59:59.926 user:  INFO 2682 --- [scheduling-1] o.p.f.persistence.database.DatabaseDao   : Starting re-indexing of 56 entries (total number) of type org.projectforge.framework.persistence.history.entities.PfHistoryMasterDO with scrollMode=false...
2019-06-24 11:59:59.929 user:  INFO 2682 --- [scheduling-1] o.p.f.persistence.database.DatabaseDao   : Re-indexing of 0 objects of type org.projectforge.framework.persistence.history.entities.PfHistoryMasterDO done.
2019-06-24 11:59:59.930 user:  INFO 2682 --- [scheduling-1] o.p.business.jobs.CronHourlyJob          : Hourly job job finished.
2019-06-24 11:59:59.973 user:  INFO 2682 --- [scheduling-1] o.p.b.j.ExternalCalendarSubscriptionJob  : External calendar subscriptions job started.
2019-06-24 11:59:59.973 user:  INFO 2682 --- [scheduling-1] b.t.e.TeamEventExternalSubscriptionCache : Start updating TeamEventExternalSubscriptionCache.
2019-06-24 11:59:59.976 user:  INFO 2682 --- [scheduling-1] o.p.b.j.ExternalCalendarSubscriptionJob  : External calendar subscriptions job finished.
2019-06-24 12:14:59.973 user:  INFO 2682 --- [scheduling-1] o.p.b.j.ExternalCalendarSubscriptionJob  : External calendar subscriptions job started.
2019-06-24 12:14:59.973 user:  INFO 2682 --- [scheduling-1] b.t.e.TeamEventExternalSubscriptionCache : Start updating TeamEventExternalSubscriptionCache.
2019-06-24 12:14:59.978 user:  INFO 2682 --- [scheduling-1] o.p.b.j.ExternalCalendarSubscriptionJob  : External calendar subscriptions job finished.
2019-06-24 12:29:59.968 user:  INFO 2682 --- [scheduling-1] o.p.b.j.ExternalCalendarSubscriptionJob  : External calendar subscriptions job started.
2019-06-24 12:29:59.969 user:  INFO 2682 --- [scheduling-1] b.t.e.TeamEventExternalSubscriptionCache : Start updating TeamEventExternalSubscriptionCache.
2019-06-24 12:29:59.972 user:  INFO 2682 --- [scheduling-1] o.p.b.j.ExternalCalendarSubscriptionJob  : External calendar subscriptions job finished.
2019-06-24 12:44:59.970 user:  INFO 2682 --- [scheduling-1] o.p.b.j.ExternalCalendarSubscriptionJob  : External calendar subscriptions job started.
2019-06-24 12:44:59.971 user:  INFO 2682 --- [scheduling-1] b.t.e.TeamEventExternalSubscriptionCache : Start updating TeamEventExternalSubscriptionCache.
2019-06-24 12:44:59.977 user:  INFO 2682 --- [scheduling-1] o.p.b.j.ExternalCalendarSubscriptionJob  : External calendar subscriptions job finished.
2019-06-24 12:59:59.880 user:  INFO 2682 --- [scheduling-1] o.p.business.jobs.CronHourlyJob          : Hourly job started.
2019-06-24 12:59:59.881 user:  INFO 2682 --- [scheduling-1] o.p.business.jobs.CronHourlyJob          : Starting (re-)indexing of history entries of the last 24 hours.
2019-06-24 12:59:59.888 user:  INFO 2682 --- [scheduling-1] o.p.f.persistence.database.DatabaseDao   : Starting re-indexing of 56 entries (total number) of type org.projectforge.framework.persistence.history.entities.PfHistoryMasterDO with scrollMode=false...
2019-06-24 12:59:59.891 user:  INFO 2682 --- [scheduling-1] o.p.f.persistence.database.DatabaseDao   : Re-indexing of 0 objects of type org.projectforge.framework.persistence.history.entities.PfHistoryMasterDO done.
2019-06-24 12:59:59.893 user:  INFO 2682 --- [scheduling-1] o.p.business.jobs.CronHourlyJob          : Hourly job job finished.
2019-06-24 12:59:59.973 user:  INFO 2682 --- [scheduling-1] o.p.b.j.ExternalCalendarSubscriptionJob  : External calendar subscriptions job started.
2019-06-24 12:59:59.974 user:  INFO 2682 --- [scheduling-1] b.t.e.TeamEventExternalSubscriptionCache : Start updating TeamEventExternalSubscriptionCache.
2019-06-24 12:59:59.977 user:  INFO 2682 --- [scheduling-1] o.p.b.j.ExternalCalendarSubscriptionJob  : External calendar subscriptions job finished.
2019-06-24 13:14:59.970 user:  INFO 2682 --- [scheduling-1] o.p.b.j.ExternalCalendarSubscriptionJob  : External calendar subscriptions job started.
2019-06-24 13:14:59.971 user:  INFO 2682 --- [scheduling-1] b.t.e.TeamEventExternalSubscriptionCache : Start updating TeamEventExternalSubscriptionCache.
2019-06-24 13:14:59.975 user:  INFO 2682 --- [scheduling-1] o.p.b.j.ExternalCalendarSubscriptionJob  : External calendar subscriptions job finished.
2019-06-24 13:29:59.971 user:  INFO 2682 --- [scheduling-1] o.p.b.j.ExternalCalendarSubscriptionJob  : External calendar subscriptions job started.
2019-06-24 13:29:59.972 user:  INFO 2682 --- [scheduling-1] b.t.e.TeamEventExternalSubscriptionCache : Start updating TeamEventExternalSubscriptionCache.
2019-06-24 13:29:59.975 user:  INFO 2682 --- [scheduling-1] o.p.b.j.ExternalCalendarSubscriptionJob  : External calendar subscriptions job finished.
2019-06-24 13:44:59.968 user:  INFO 2682 --- [scheduling-1] o.p.b.j.ExternalCalendarSubscriptionJob  : External calendar subscriptions job started.
2019-06-24 13:44:59.970 user:  INFO 2682 --- [scheduling-1] b.t.e.TeamEventExternalSubscriptionCache : Start updating TeamEventExternalSubscriptionCache.
2019-06-24 13:44:59.978 user:  INFO 2682 --- [scheduling-1] o.p.b.j.ExternalCalendarSubscriptionJob  : External calendar subscriptions job finished.
2019-06-24 13:59:59.876 user:  INFO 2682 --- [scheduling-1] o.p.business.jobs.CronHourlyJob          : Hourly job started.
2019-06-24 13:59:59.878 user:  INFO 2682 --- [scheduling-1] o.p.business.jobs.CronHourlyJob          : Starting (re-)indexing of history entries of the last 24 hours.
2019-06-24 13:59:59.888 user:  INFO 2682 --- [scheduling-1] o.p.f.persistence.database.DatabaseDao   : Starting re-indexing of 56 entries (total number) of type org.projectforge.framework.persistence.history.entities.PfHistoryMasterDO with scrollMode=false...
2019-06-24 13:59:59.891 user:  INFO 2682 --- [scheduling-1] o.p.f.persistence.database.DatabaseDao   : Re-indexing of 0 objects of type org.projectforge.framework.persistence.history.entities.PfHistoryMasterDO done.
2019-06-24 13:59:59.893 user:  INFO 2682 --- [scheduling-1] o.p.business.jobs.CronHourlyJob          : Hourly job job finished.
2019-06-24 13:59:59.972 user:  INFO 2682 --- [scheduling-1] o.p.b.j.ExternalCalendarSubscriptionJob  : External calendar subscriptions job started.
2019-06-24 13:59:59.972 user:  INFO 2682 --- [scheduling-1] b.t.e.TeamEventExternalSubscriptionCache : Start updating TeamEventExternalSubscriptionCache.
2019-06-24 13:59:59.975 user:  INFO 2682 --- [scheduling-1] o.p.b.j.ExternalCalendarSubscriptionJob  : External calendar subscriptions job finished.
2019-06-24 14:11:47.117 user:  INFO 2682 --- [Thread-42] o.s.s.c.ThreadPoolTaskScheduler          : Shutting down ExecutorService 'taskScheduler'
2019-06-24 14:11:47.120 user:  INFO 2682 --- [Thread-42] o.s.s.concurrent.ThreadPoolTaskExecutor  : Shutting down ExecutorService 'applicationTaskExecutor'
2019-06-24 14:11:47.123 user:  INFO 2682 --- [Thread-42] o.p.b.user.UserXmlPreferencesCache       : Syncing all user preferences to database.
2019-06-24 14:11:47.123 user:  INFO 2682 --- [Thread-42] o.p.b.user.UserXmlPreferencesCache       : Flushing all user preferences to data-base....
2019-06-24 14:11:47.143 user:  INFO 2682 --- [Thread-42] o.p.business.user.UserGroupCache         : Initializing UserGroupCache  for tenant #1 'Default tenant'...
2019-06-24 14:11:47.143 user:  INFO 2682 --- [Thread-42] o.p.business.user.UserGroupCache         : Loading all users ...
2019-06-24 14:11:47.162 user:  INFO 2682 --- [Thread-42] o.p.business.user.UserGroupCache         : Loading all groups ...
2019-06-24 14:11:47.186 user:  INFO 2682 --- [Thread-42] o.p.business.user.UserGroupCache         : Initializing of UserGroupCache done for tenant #1 'Default tenant'.
2019-06-24 14:11:47.186 user:  INFO 2682 --- [Thread-42] o.p.business.user.UserGroupCache         : UserGroupCache.refresh took: 45 ms.
2019-06-24 14:11:47.232 user:  INFO 2682 --- [Thread-42] o.p.b.user.UserXmlPreferencesCache       : Flushing of user preferences to data-base done.
2019-06-24 14:11:47.256 user:  INFO 2682 --- [Thread-42] o.s.b.f.support.DisposableBeanAdapter    : Destroy method 'close' on bean with name 'entityManagerFactory' threw an exception: java.lang.IllegalStateException: EntityManagerFactory is closed
2019-06-24 14:11:47.256 user:  INFO 2682 --- [Thread-42] com.zaxxer.hikari.HikariDataSource       : HikariPool-1 - Shutdown initiated...
2019-06-24 14:11:47.262 user:  INFO 2682 --- [Thread-42] com.zaxxer.hikari.HikariDataSource       : HikariPool-1 - Shutdown completed.
2019-06-24 14:11:47.293 user:  INFO 2682 --- [Thread-42] org.projectforge.ProjectForgeApp         : Shutdown...
2019-06-24 14:11:47.294 user:  INFO 2682 --- [Thread-42] o.p.continuousdb.DatabaseSupport         : Setting database dialect to: org.hibernate.dialect.PostgreSQLDialect
2019-06-24 14:11:47.294 user:  INFO 2682 --- [Thread-42] org.projectforge.ProjectForgeApp         : Shutdown completed.
2019-06-24 14:11:47.294 user:  INFO 2682 --- [Thread-42] org.apache.wicket.Application            : [wicket.app] destroy: Wicket extensions initializer
2019-06-24 14:11:47.294 user:  INFO 2682 --- [Thread-42] org.apache.wicket.Application            : [wicket.app] destroy: Wicket core library initializer
