2019-04-21 00:14:59.975 user:  INFO 6368 --- [scheduling-1] o.p.b.j.ExternalCalendarSubscriptionJob  : External calendar subscriptions job started.
2019-04-21 00:14:59.983 user:  INFO 6368 --- [scheduling-1] b.t.e.TeamEventExternalSubscriptionCache : Start updating TeamEventExternalSubscriptionCache.
2019-04-21 00:14:59.987 user:  INFO 6368 --- [scheduling-1] o.p.b.j.ExternalCalendarSubscriptionJob  : External calendar subscriptions job finished.
2019-04-21 00:29:59.971 user:  INFO 6368 --- [scheduling-1] o.p.b.j.ExternalCalendarSubscriptionJob  : External calendar subscriptions job started.
2019-04-21 00:29:59.972 user:  INFO 6368 --- [scheduling-1] b.t.e.TeamEventExternalSubscriptionCache : Start updating TeamEventExternalSubscriptionCache.
2019-04-21 00:29:59.976 user:  INFO 6368 --- [scheduling-1] o.p.b.j.ExternalCalendarSubscriptionJob  : External calendar subscriptions job finished.
2019-04-21 00:44:59.978 user:  INFO 6368 --- [scheduling-1] o.p.b.j.ExternalCalendarSubscriptionJob  : External calendar subscriptions job started.
2019-04-21 00:44:59.980 user:  INFO 6368 --- [scheduling-1] b.t.e.TeamEventExternalSubscriptionCache : Start updating TeamEventExternalSubscriptionCache.
2019-04-21 00:44:59.984 user:  INFO 6368 --- [scheduling-1] o.p.b.j.ExternalCalendarSubscriptionJob  : External calendar subscriptions job finished.
2019-04-21 00:59:59.883 user:  INFO 6368 --- [scheduling-1] o.p.business.jobs.CronHourlyJob          : Hourly job started.
2019-04-21 00:59:59.884 user:  INFO 6368 --- [scheduling-1] o.p.business.jobs.CronHourlyJob          : Starting (re-)indexing of history entries of the last 24 hours.
2019-04-21 00:59:59.890 user:  INFO 6368 --- [scheduling-1] o.p.f.persistence.database.DatabaseDao   : Starting re-indexing of 41 entries (total number) of type org.projectforge.framework.persistence.history.entities.PfHistoryMasterDO with scrollMode=false...
2019-04-21 00:59:59.893 user:  INFO 6368 --- [scheduling-1] o.p.f.persistence.database.DatabaseDao   : Re-indexing of 0 objects of type org.projectforge.framework.persistence.history.entities.PfHistoryMasterDO done.
2019-04-21 00:59:59.895 user:  INFO 6368 --- [scheduling-1] o.p.business.jobs.CronHourlyJob          : Hourly job job finished.
2019-04-21 00:59:59.976 user:  INFO 6368 --- [scheduling-1] o.p.b.j.ExternalCalendarSubscriptionJob  : External calendar subscriptions job started.
2019-04-21 00:59:59.976 user:  INFO 6368 --- [scheduling-1] b.t.e.TeamEventExternalSubscriptionCache : Start updating TeamEventExternalSubscriptionCache.
2019-04-21 00:59:59.981 user:  INFO 6368 --- [scheduling-1] o.p.b.j.ExternalCalendarSubscriptionJob  : External calendar subscriptions job finished.
2019-04-21 01:14:59.976 user:  INFO 6368 --- [scheduling-1] o.p.b.j.ExternalCalendarSubscriptionJob  : External calendar subscriptions job started.
2019-04-21 01:14:59.979 user:  INFO 6368 --- [scheduling-1] b.t.e.TeamEventExternalSubscriptionCache : Start updating TeamEventExternalSubscriptionCache.
2019-04-21 01:14:59.984 user:  INFO 6368 --- [scheduling-1] o.p.b.j.ExternalCalendarSubscriptionJob  : External calendar subscriptions job finished.
2019-04-21 01:29:59.974 user:  INFO 6368 --- [scheduling-1] o.p.b.j.ExternalCalendarSubscriptionJob  : External calendar subscriptions job started.
2019-04-21 01:29:59.976 user:  INFO 6368 --- [scheduling-1] b.t.e.TeamEventExternalSubscriptionCache : Start updating TeamEventExternalSubscriptionCache.
2019-04-21 01:29:59.981 user:  INFO 6368 --- [scheduling-1] o.p.b.j.ExternalCalendarSubscriptionJob  : External calendar subscriptions job finished.
2019-04-21 01:44:59.979 user:  INFO 6368 --- [scheduling-1] o.p.b.j.ExternalCalendarSubscriptionJob  : External calendar subscriptions job started.
2019-04-21 01:44:59.981 user:  INFO 6368 --- [scheduling-1] b.t.e.TeamEventExternalSubscriptionCache : Start updating TeamEventExternalSubscriptionCache.
2019-04-21 01:44:59.990 user:  INFO 6368 --- [scheduling-1] o.p.b.j.ExternalCalendarSubscriptionJob  : External calendar subscriptions job finished.
2019-04-21 01:59:59.875 user:  INFO 6368 --- [scheduling-1] o.p.business.jobs.CronHourlyJob          : Hourly job started.
2019-04-21 01:59:59.876 user:  INFO 6368 --- [scheduling-1] o.p.business.jobs.CronHourlyJob          : Starting (re-)indexing of history entries of the last 24 hours.
2019-04-21 01:59:59.886 user:  INFO 6368 --- [scheduling-1] o.p.f.persistence.database.DatabaseDao   : Starting re-indexing of 41 entries (total number) of type org.projectforge.framework.persistence.history.entities.PfHistoryMasterDO with scrollMode=false...
2019-04-21 01:59:59.894 user:  INFO 6368 --- [scheduling-1] o.p.f.persistence.database.DatabaseDao   : Re-indexing of 0 objects of type org.projectforge.framework.persistence.history.entities.PfHistoryMasterDO done.
2019-04-21 01:59:59.895 user:  INFO 6368 --- [scheduling-1] o.p.business.jobs.CronHourlyJob          : Hourly job job finished.
2019-04-21 01:59:59.969 user:  INFO 6368 --- [scheduling-1] o.p.b.j.ExternalCalendarSubscriptionJob  : External calendar subscriptions job started.
2019-04-21 01:59:59.969 user:  INFO 6368 --- [scheduling-1] b.t.e.TeamEventExternalSubscriptionCache : Start updating TeamEventExternalSubscriptionCache.
2019-04-21 01:59:59.974 user:  INFO 6368 --- [scheduling-1] o.p.b.j.ExternalCalendarSubscriptionJob  : External calendar subscriptions job finished.
2019-04-21 02:14:59.976 user:  INFO 6368 --- [scheduling-1] o.p.b.j.ExternalCalendarSubscriptionJob  : External calendar subscriptions job started.
2019-04-21 02:14:59.978 user:  INFO 6368 --- [scheduling-1] b.t.e.TeamEventExternalSubscriptionCache : Start updating TeamEventExternalSubscriptionCache.
2019-04-21 02:14:59.985 user:  INFO 6368 --- [scheduling-1] o.p.b.j.ExternalCalendarSubscriptionJob  : External calendar subscriptions job finished.
2019-04-21 02:29:56.960 user:  INFO 6368 --- [scheduling-1] o.p.business.jobs.CronNightlyJob         : Nightly job started.
2019-04-21 02:29:56.961 user:  INFO 6368 --- [scheduling-1] o.p.f.p.h.HibernateSearchReindexer       : Re-index job started.
2019-04-21 02:29:56.968 user:  INFO 6368 --- [scheduling-1] o.p.f.persistence.database.DatabaseDao   : Starting re-indexing of 0 entries (total number) of type org.projectforge.plugins.skillmatrix.TrainingAttendeeDO with scrollMode=false...
2019-04-21 02:29:56.969 user:  INFO 6368 --- [scheduling-1] o.p.f.persistence.database.DatabaseDao   : Re-indexing of 0 objects of type org.projectforge.plugins.skillmatrix.TrainingAttendeeDO done.
2019-04-21 02:29:56.972 user:  INFO 6368 --- [scheduling-1] o.p.f.persistence.database.DatabaseDao   : Starting (mass) re-indexing of 21 entries of type org.projectforge.business.timesheet.TimesheetDO...
2019-04-21 02:29:57.068 user:  INFO 6368 --- [Hibernate Search: identifierloader-1] o.h.s.b.i.SimpleIndexingProgressMonitor  : HSEARCH000027: Going to reindex 21 entities
2019-04-21 02:29:57.085 user:  INFO 6368 --- [Hibernate Search: entityloader-1] o.p.b.multitenancy.TenantRegistryMap     : Refreshing org.projectforge.business.multitenancy.TenantRegistry...
2019-04-21 02:29:57.085 user:  INFO 6368 --- [Hibernate Search: entityloader-1] o.p.b.multitenancy.TenantRegistryMap     : Refreshing of org.projectforge.business.multitenancy.TenantRegistry done.
2019-04-21 02:29:57.086 user:  INFO 6368 --- [Hibernate Search: entityloader-1] org.projectforge.business.task.TaskTree  : Initializing task tree ...
2019-04-21 02:29:57.152 user:  INFO 6368 --- [Hibernate Search: entityloader-1] org.projectforge.business.task.TaskTree  : Initializing task tree done.
2019-04-21 02:29:57.218 user:  INFO 6368 --- [scheduling-1] o.h.s.b.i.SimpleIndexingProgressMonitor  : HSEARCH000028: Reindexed 21 entities
2019-04-21 02:29:57.218 user:  INFO 6368 --- [scheduling-1] o.p.f.persistence.database.DatabaseDao   : Re-indexing of 21 objects of type org.projectforge.business.timesheet.TimesheetDO done.
2019-04-21 02:29:57.222 user:  INFO 6368 --- [scheduling-1] o.p.f.persistence.database.DatabaseDao   : Starting re-indexing of 5 entries (total number) of type org.projectforge.business.fibu.AuftragsPositionDO with scrollMode=false...
2019-04-21 02:29:57.295 user:  INFO 6368 --- [scheduling-1] o.p.f.persistence.database.DatabaseDao   : Re-indexing of 25 objects of type org.projectforge.business.fibu.AuftragsPositionDO done.
2019-04-21 02:29:57.381 user:  INFO 6368 --- [scheduling-1] o.p.f.persistence.database.DatabaseDao   : Starting re-indexing of 7 entries (total number) of type org.projectforge.business.teamcal.event.model.TeamEventDO with scrollMode=false...
2019-04-21 02:29:57.415 user:  INFO 6368 --- [scheduling-1] o.p.f.persistence.database.DatabaseDao   : Re-indexing of 7 objects of type org.projectforge.business.teamcal.event.model.TeamEventDO done.
2019-04-21 02:29:57.423 user:  WARN 6368 --- [scheduling-1] b.t.a.m.HibernateSearchUsersGroupsBridge : Group with id '1' not found in UserGroupCache. groupIds string was: 1,2
2019-04-21 02:29:57.424 user:  WARN 6368 --- [scheduling-1] b.t.a.m.HibernateSearchUsersGroupsBridge : Group with id '2' not found in UserGroupCache. groupIds string was: 1,2
2019-04-21 02:29:57.424 user:  WARN 6368 --- [scheduling-1] b.t.a.m.HibernateSearchUsersGroupsBridge : Group with id '1' not found in UserGroupCache. groupIds string was: 1,2
2019-04-21 02:29:57.425 user:  WARN 6368 --- [scheduling-1] b.t.a.m.HibernateSearchUsersGroupsBridge : Group with id '2' not found in UserGroupCache. groupIds string was: 1,2
2019-04-21 02:29:57.428 user:  WARN 6368 --- [scheduling-1] b.t.a.m.HibernateSearchUsersGroupsBridge : Group with id '2' not found in UserGroupCache. groupIds string was: 2
2019-04-21 02:29:57.428 user:  WARN 6368 --- [scheduling-1] b.t.a.m.HibernateSearchUsersGroupsBridge : Group with id '1' not found in UserGroupCache. groupIds string was: 1,2
2019-04-21 02:29:57.429 user:  WARN 6368 --- [scheduling-1] b.t.a.m.HibernateSearchUsersGroupsBridge : Group with id '2' not found in UserGroupCache. groupIds string was: 1,2
2019-04-21 02:29:57.429 user:  WARN 6368 --- [scheduling-1] b.t.a.m.HibernateSearchUsersGroupsBridge : Group with id '2' not found in UserGroupCache. groupIds string was: 2
2019-04-21 02:29:57.430 user:  WARN 6368 --- [scheduling-1] b.t.a.m.HibernateSearchUsersGroupsBridge : Group with id '2' not found in UserGroupCache. groupIds string was: 2,1
2019-04-21 02:29:57.431 user:  WARN 6368 --- [scheduling-1] b.t.a.m.HibernateSearchUsersGroupsBridge : Group with id '1' not found in UserGroupCache. groupIds string was: 2,1
2019-04-21 02:29:57.431 user:  WARN 6368 --- [scheduling-1] b.t.a.m.HibernateSearchUsersGroupsBridge : Group with id '2' not found in UserGroupCache. groupIds string was: 2
2019-04-21 02:29:57.468 user:  INFO 6368 --- [scheduling-1] o.p.f.persistence.database.DatabaseDao   : Starting re-indexing of 2 entries (total number) of type org.projectforge.business.fibu.EingangsrechnungsPositionDO with scrollMode=false...
2019-04-21 02:29:57.552 user:  INFO 6368 --- [scheduling-1] o.p.f.persistence.database.DatabaseDao   : Re-indexing of 2 objects of type org.projectforge.business.fibu.EingangsrechnungsPositionDO done.
2019-04-21 02:29:57.582 user:  INFO 6368 --- [scheduling-1] o.p.f.persistence.database.DatabaseDao   : Starting re-indexing of 0 entries (total number) of type org.projectforge.plugins.memo.MemoDO with scrollMode=false...
2019-04-21 02:29:57.583 user:  INFO 6368 --- [scheduling-1] o.p.f.persistence.database.DatabaseDao   : Re-indexing of 0 objects of type org.projectforge.plugins.memo.MemoDO done.
2019-04-21 02:29:57.585 user:  INFO 6368 --- [scheduling-1] o.p.f.persistence.database.DatabaseDao   : Starting re-indexing of 0 entries (total number) of type org.projectforge.business.fibu.EmployeeSalaryDO with scrollMode=false...
2019-04-21 02:29:57.586 user:  INFO 6368 --- [scheduling-1] o.p.f.persistence.database.DatabaseDao   : Re-indexing of 0 objects of type org.projectforge.business.fibu.EmployeeSalaryDO done.
2019-04-21 02:29:57.588 user:  INFO 6368 --- [scheduling-1] o.p.f.persistence.database.DatabaseDao   : Starting re-indexing of 20 entries (total number) of type org.projectforge.framework.configuration.entities.ConfigurationDO with scrollMode=false...
2019-04-21 02:29:57.599 user:  INFO 6368 --- [scheduling-1] o.p.f.persistence.database.DatabaseDao   : Re-indexing of 20 objects of type org.projectforge.framework.configuration.entities.ConfigurationDO done.
2019-04-21 02:29:57.631 user:  INFO 6368 --- [scheduling-1] o.p.f.persistence.database.DatabaseDao   : Starting re-indexing of 0 entries (total number) of type org.projectforge.plugins.skillmatrix.TrainingDO with scrollMode=false...
2019-04-21 02:29:57.632 user:  INFO 6368 --- [scheduling-1] o.p.f.persistence.database.DatabaseDao   : Re-indexing of 0 objects of type org.projectforge.plugins.skillmatrix.TrainingDO done.
2019-04-21 02:29:57.635 user:  INFO 6368 --- [scheduling-1] o.p.f.persistence.database.DatabaseDao   : Starting re-indexing of 60 entries (total number) of type org.projectforge.framework.access.AccessEntryDO with scrollMode=false...
2019-04-21 02:29:57.644 user:  INFO 6368 --- [scheduling-1] o.p.f.persistence.database.DatabaseDao   : Re-indexing of 60 objects of type org.projectforge.framework.access.AccessEntryDO done.
2019-04-21 02:29:57.700 user:  INFO 6368 --- [scheduling-1] o.p.f.persistence.database.DatabaseDao   : Starting re-indexing of 0 entries (total number) of type org.projectforge.business.humanresources.HRPlanningDO with scrollMode=false...
2019-04-21 02:29:57.703 user:  INFO 6368 --- [scheduling-1] o.p.f.persistence.database.DatabaseDao   : Re-indexing of 0 objects of type org.projectforge.business.humanresources.HRPlanningDO done.
2019-04-21 02:29:57.707 user:  INFO 6368 --- [scheduling-1] o.p.f.persistence.database.DatabaseDao   : Starting re-indexing of 10 entries (total number) of type org.projectforge.business.fibu.kost.Kost2DO with scrollMode=false...
2019-04-21 02:29:57.725 user:  INFO 6368 --- [scheduling-1] o.p.f.persistence.database.DatabaseDao   : Re-indexing of 10 objects of type org.projectforge.business.fibu.kost.Kost2DO done.
2019-04-21 02:29:57.773 user:  INFO 6368 --- [scheduling-1] o.p.f.persistence.database.DatabaseDao   : Starting re-indexing of 2 entries (total number) of type org.projectforge.business.fibu.ProjektDO with scrollMode=false...
2019-04-21 02:29:57.791 user:  INFO 6368 --- [scheduling-1] o.p.f.persistence.database.DatabaseDao   : Re-indexing of 2 objects of type org.projectforge.business.fibu.ProjektDO done.
2019-04-21 02:29:57.825 user:  INFO 6368 --- [scheduling-1] o.p.f.persistence.database.DatabaseDao   : Starting re-indexing of 9 entries (total number) of type org.projectforge.framework.persistence.user.entities.UserPrefDO with scrollMode=false...
2019-04-21 02:29:57.841 user:  INFO 6368 --- [scheduling-1] o.p.f.persistence.database.DatabaseDao   : Re-indexing of 17 objects of type org.projectforge.framework.persistence.user.entities.UserPrefDO done.
2019-04-21 02:29:57.886 user:  INFO 6368 --- [scheduling-1] o.p.f.persistence.database.DatabaseDao   : Starting re-indexing of 0 entries (total number) of type org.projectforge.business.orga.PostausgangDO with scrollMode=false...
2019-04-21 02:29:57.887 user:  INFO 6368 --- [scheduling-1] o.p.f.persistence.database.DatabaseDao   : Re-indexing of 0 objects of type org.projectforge.business.orga.PostausgangDO done.
2019-04-21 02:29:57.889 user:  INFO 6368 --- [scheduling-1] o.p.f.persistence.database.DatabaseDao   : Starting re-indexing of 1 entries (total number) of type org.projectforge.business.address.AddressbookDO with scrollMode=false...
2019-04-21 02:29:57.898 user:  INFO 6368 --- [scheduling-1] o.p.f.persistence.database.DatabaseDao   : Re-indexing of 1 objects of type org.projectforge.business.address.AddressbookDO done.
2019-04-21 02:29:57.933 user:  INFO 6368 --- [scheduling-1] o.p.f.persistence.database.DatabaseDao   : Starting re-indexing of 22 entries (total number) of type org.projectforge.business.task.TaskDO with scrollMode=false...
2019-04-21 02:29:57.949 user:  INFO 6368 --- [scheduling-1] o.p.f.persistence.database.DatabaseDao   : Re-indexing of 22 objects of type org.projectforge.business.task.TaskDO done.
2019-04-21 02:29:58.008 user:  INFO 6368 --- [scheduling-1] o.p.f.persistence.database.DatabaseDao   : Starting re-indexing of 0 entries (total number) of type org.projectforge.plugins.todo.ToDoDO with scrollMode=false...
2019-04-21 02:29:58.011 user:  INFO 6368 --- [scheduling-1] o.p.f.persistence.database.DatabaseDao   : Re-indexing of 0 objects of type org.projectforge.plugins.todo.ToDoDO done.
2019-04-21 02:29:58.013 user:  INFO 6368 --- [scheduling-1] o.p.f.persistence.database.DatabaseDao   : Starting re-indexing of 0 entries (total number) of type org.projectforge.business.meb.MebEntryDO with scrollMode=false...
2019-04-21 02:29:58.014 user:  INFO 6368 --- [scheduling-1] o.p.f.persistence.database.DatabaseDao   : Re-indexing of 0 objects of type org.projectforge.business.meb.MebEntryDO done.
2019-04-21 02:29:58.016 user:  INFO 6368 --- [scheduling-1] o.p.f.persistence.database.DatabaseDao   : Starting re-indexing of 0 entries (total number) of type org.projectforge.business.fibu.kost.BuchungssatzDO with scrollMode=false...
2019-04-21 02:29:58.021 user:  INFO 6368 --- [scheduling-1] o.p.f.persistence.database.DatabaseDao   : Re-indexing of 0 objects of type org.projectforge.business.fibu.kost.BuchungssatzDO done.
2019-04-21 02:29:58.023 user:  INFO 6368 --- [scheduling-1] o.p.f.persistence.database.DatabaseDao   : Starting re-indexing of 0 entries (total number) of type org.projectforge.plugins.liquidityplanning.LiquidityEntryDO with scrollMode=false...
2019-04-21 02:29:58.024 user:  INFO 6368 --- [scheduling-1] o.p.f.persistence.database.DatabaseDao   : Re-indexing of 0 objects of type org.projectforge.plugins.liquidityplanning.LiquidityEntryDO done.
2019-04-21 02:29:58.026 user:  INFO 6368 --- [scheduling-1] o.p.f.persistence.database.DatabaseDao   : Starting re-indexing of 3 entries (total number) of type org.projectforge.business.fibu.AuftragDO with scrollMode=false...
2019-04-21 02:29:58.049 user:  INFO 6368 --- [scheduling-1] o.p.f.persistence.database.DatabaseDao   : Re-indexing of 25 objects of type org.projectforge.business.fibu.AuftragDO done.
2019-04-21 02:29:58.092 user:  INFO 6368 --- [scheduling-1] o.p.f.persistence.database.DatabaseDao   : Starting re-indexing of 0 entries (total number) of type org.projectforge.business.address.PersonalAddressDO with scrollMode=false...
2019-04-21 02:29:58.093 user:  INFO 6368 --- [scheduling-1] o.p.f.persistence.database.DatabaseDao   : Re-indexing of 0 objects of type org.projectforge.business.address.PersonalAddressDO done.
2019-04-21 02:29:58.095 user:  INFO 6368 --- [scheduling-1] o.p.f.persistence.database.DatabaseDao   : Starting re-indexing of 0 entries (total number) of type org.projectforge.business.vacation.model.VacationDO with scrollMode=false...
2019-04-21 02:29:58.101 user:  INFO 6368 --- [scheduling-1] o.p.f.persistence.database.DatabaseDao   : Re-indexing of 0 objects of type org.projectforge.business.vacation.model.VacationDO done.
2019-04-21 02:29:58.104 user:  INFO 6368 --- [scheduling-1] o.p.f.persistence.database.DatabaseDao   : Starting (mass) re-indexing of 41 entries of type org.projectforge.framework.persistence.history.entities.PfHistoryMasterDO...
2019-04-21 02:29:58.117 user:  INFO 6368 --- [Hibernate Search: identifierloader-1] o.h.s.b.i.SimpleIndexingProgressMonitor  : HSEARCH000027: Going to reindex 41 entities
2019-04-21 02:29:58.181 user:  INFO 6368 --- [scheduling-1] o.h.s.b.i.SimpleIndexingProgressMonitor  : HSEARCH000028: Reindexed 41 entities
2019-04-21 02:29:58.182 user:  INFO 6368 --- [scheduling-1] o.p.f.persistence.database.DatabaseDao   : Re-indexing of 41 objects of type org.projectforge.framework.persistence.history.entities.PfHistoryMasterDO done.
2019-04-21 02:29:58.185 user:  INFO 6368 --- [scheduling-1] o.p.f.persistence.database.DatabaseDao   : Starting re-indexing of 0 entries (total number) of type org.projectforge.plugins.marketing.AddressCampaignValueDO with scrollMode=false...
2019-04-21 02:29:58.186 user:  INFO 6368 --- [scheduling-1] o.p.f.persistence.database.DatabaseDao   : Re-indexing of 0 objects of type org.projectforge.plugins.marketing.AddressCampaignValueDO done.
2019-04-21 02:29:58.188 user:  INFO 6368 --- [scheduling-1] o.p.f.persistence.database.DatabaseDao   : Starting re-indexing of 4 entries (total number) of type org.projectforge.business.teamcal.admin.model.TeamCalDO with scrollMode=false...
2019-04-21 02:29:58.200 user:  INFO 6368 --- [scheduling-1] o.p.f.persistence.database.DatabaseDao   : Re-indexing of 4 objects of type org.projectforge.business.teamcal.admin.model.TeamCalDO done.
2019-04-21 02:29:58.208 user:  WARN 6368 --- [scheduling-1] b.t.a.m.HibernateSearchUsersGroupsBridge : Group with id '2' not found in UserGroupCache. groupIds string was: 2
2019-04-21 02:29:58.209 user:  WARN 6368 --- [scheduling-1] b.t.a.m.HibernateSearchUsersGroupsBridge : Group with id '1' not found in UserGroupCache. groupIds string was: 1,2
2019-04-21 02:29:58.209 user:  WARN 6368 --- [scheduling-1] b.t.a.m.HibernateSearchUsersGroupsBridge : Group with id '2' not found in UserGroupCache. groupIds string was: 1,2
2019-04-21 02:29:58.211 user:  WARN 6368 --- [scheduling-1] b.t.a.m.HibernateSearchUsersGroupsBridge : Group with id '2' not found in UserGroupCache. groupIds string was: 2
2019-04-21 02:29:58.211 user:  WARN 6368 --- [scheduling-1] b.t.a.m.HibernateSearchUsersGroupsBridge : Group with id '2' not found in UserGroupCache. groupIds string was: 2,1
2019-04-21 02:29:58.212 user:  WARN 6368 --- [scheduling-1] b.t.a.m.HibernateSearchUsersGroupsBridge : Group with id '1' not found in UserGroupCache. groupIds string was: 2,1
2019-04-21 02:29:58.282 user:  INFO 6368 --- [scheduling-1] o.p.f.persistence.database.DatabaseDao   : Starting re-indexing of 1 entries (total number) of type org.projectforge.business.gantt.GanttChartDO with scrollMode=false...
2019-04-21 02:29:58.294 user:  INFO 6368 --- [scheduling-1] o.p.f.persistence.database.DatabaseDao   : Re-indexing of 1 objects of type org.projectforge.business.gantt.GanttChartDO done.
2019-04-21 02:29:58.341 user:  INFO 6368 --- [scheduling-1] o.p.f.persistence.database.DatabaseDao   : Starting re-indexing of 11 entries (total number) of type org.projectforge.framework.persistence.user.entities.PFUserDO with scrollMode=false...
2019-04-21 02:29:58.352 user:  INFO 6368 --- [scheduling-1] o.p.f.persistence.database.DatabaseDao   : Re-indexing of 37 objects of type org.projectforge.framework.persistence.user.entities.PFUserDO done.
2019-04-21 02:29:58.400 user:  INFO 6368 --- [scheduling-1] o.p.f.persistence.database.DatabaseDao   : Starting re-indexing of 29 entries (total number) of type org.projectforge.framework.persistence.user.entities.UserRightDO with scrollMode=false...
2019-04-21 02:29:58.476 user:  INFO 6368 --- [scheduling-1] o.p.f.persistence.database.DatabaseDao   : Re-indexing of 29 objects of type org.projectforge.framework.persistence.user.entities.UserRightDO done.
2019-04-21 02:29:58.512 user:  INFO 6368 --- [scheduling-1] o.p.f.persistence.database.DatabaseDao   : Starting re-indexing of 0 entries (total number) of type org.projectforge.plugins.skillmatrix.SkillRatingDO with scrollMode=false...
2019-04-21 02:29:58.513 user:  INFO 6368 --- [scheduling-1] o.p.f.persistence.database.DatabaseDao   : Re-indexing of 0 objects of type org.projectforge.plugins.skillmatrix.SkillRatingDO done.
2019-04-21 02:29:58.515 user:  INFO 6368 --- [scheduling-1] o.p.f.persistence.database.DatabaseDao   : Starting re-indexing of 2 entries (total number) of type org.projectforge.business.fibu.EingangsrechnungDO with scrollMode=false...
2019-04-21 02:29:58.516 user:  INFO 6368 --- [scheduling-1] o.p.f.c.AbstractConfiguration            : Initializing Configuration[tenant=1] (ConfigurationDO parameters) ...
2019-04-21 02:29:58.530 user:  INFO 6368 --- [scheduling-1] o.p.f.persistence.database.DatabaseDao   : Re-indexing of 2 objects of type org.projectforge.business.fibu.EingangsrechnungDO done.
2019-04-21 02:29:58.531 user: ERROR 6368 --- [scheduling-1] o.p.b.f.HibernateSearchPaymentTypeBridge : PaymentType object is null.
2019-04-21 02:29:58.532 user: ERROR 6368 --- [scheduling-1] o.p.b.f.HibernateSearchPaymentTypeBridge : PaymentType object is null.
2019-04-21 02:29:58.562 user:  INFO 6368 --- [scheduling-1] o.p.f.persistence.database.DatabaseDao   : Starting re-indexing of 15 entries (total number) of type org.projectforge.framework.access.GroupTaskAccessDO with scrollMode=false...
2019-04-21 02:29:58.596 user:  INFO 6368 --- [scheduling-1] o.p.f.persistence.database.DatabaseDao   : Re-indexing of 440 objects of type org.projectforge.framework.access.GroupTaskAccessDO done.
2019-04-21 02:29:58.640 user:  INFO 6368 --- [scheduling-1] o.p.f.persistence.database.DatabaseDao   : Starting re-indexing of 4 entries (total number) of type org.projectforge.business.book.BookDO with scrollMode=false...
2019-04-21 02:29:58.668 user:  INFO 6368 --- [scheduling-1] o.p.f.persistence.database.DatabaseDao   : Re-indexing of 4 objects of type org.projectforge.business.book.BookDO done.
2019-04-21 02:29:58.696 user:  INFO 6368 --- [scheduling-1] o.p.f.persistence.database.DatabaseDao   : Starting re-indexing of 2 entries (total number) of type org.projectforge.business.fibu.EmployeeTimedDO with scrollMode=false...
2019-04-21 02:29:58.706 user:  INFO 6368 --- [scheduling-1] o.p.f.persistence.database.DatabaseDao   : Re-indexing of 2 objects of type org.projectforge.business.fibu.EmployeeTimedDO done.
2019-04-21 02:29:58.750 user:  INFO 6368 --- [scheduling-1] o.p.f.persistence.database.DatabaseDao   : Starting re-indexing of 0 entries (total number) of type org.projectforge.plugins.licensemanagement.LicenseDO with scrollMode=false...
2019-04-21 02:29:58.751 user:  INFO 6368 --- [scheduling-1] o.p.f.persistence.database.DatabaseDao   : Re-indexing of 0 objects of type org.projectforge.plugins.licensemanagement.LicenseDO done.
2019-04-21 02:29:58.753 user:  INFO 6368 --- [scheduling-1] o.p.f.persistence.database.DatabaseDao   : Starting re-indexing of 6 entries (total number) of type org.projectforge.business.fibu.kost.KostZuweisungDO with scrollMode=false...
2019-04-21 02:29:58.782 user:  INFO 6368 --- [scheduling-1] o.p.f.persistence.database.DatabaseDao   : Re-indexing of 22 objects of type org.projectforge.business.fibu.kost.KostZuweisungDO done.
2019-04-21 02:29:58.810 user:  INFO 6368 --- [scheduling-1] o.p.f.persistence.database.DatabaseDao   : Starting re-indexing of 1 entries (total number) of type org.projectforge.framework.persistence.user.entities.TenantDO with scrollMode=false...
2019-04-21 02:29:58.818 user:  INFO 6368 --- [scheduling-1] o.p.f.persistence.database.DatabaseDao   : Re-indexing of 1 objects of type org.projectforge.framework.persistence.user.entities.TenantDO done.
2019-04-21 02:29:58.870 user:  INFO 6368 --- [scheduling-1] o.p.f.persistence.database.DatabaseDao   : Starting re-indexing of 0 entries (total number) of type org.projectforge.business.orga.VisitorbookTimedDO with scrollMode=false...
2019-04-21 02:29:58.872 user:  INFO 6368 --- [scheduling-1] o.p.f.persistence.database.DatabaseDao   : Re-indexing of 0 objects of type org.projectforge.business.orga.VisitorbookTimedDO done.
2019-04-21 02:29:58.874 user:  INFO 6368 --- [scheduling-1] o.p.f.persistence.database.DatabaseDao   : Starting re-indexing of 2 entries (total number) of type org.projectforge.business.fibu.RechnungDO with scrollMode=false...
2019-04-21 02:29:58.898 user:  INFO 6368 --- [scheduling-1] o.p.f.persistence.database.DatabaseDao   : Re-indexing of 10 objects of type org.projectforge.business.fibu.RechnungDO done.
2019-04-21 02:29:58.939 user:  INFO 6368 --- [scheduling-1] o.p.f.persistence.database.DatabaseDao   : Starting re-indexing of 0 entries (total number) of type org.projectforge.plugins.marketing.AddressCampaignDO with scrollMode=false...
2019-04-21 02:29:58.940 user:  INFO 6368 --- [scheduling-1] o.p.f.persistence.database.DatabaseDao   : Re-indexing of 0 objects of type org.projectforge.plugins.marketing.AddressCampaignDO done.
2019-04-21 02:29:58.942 user:  INFO 6368 --- [scheduling-1] o.p.f.persistence.database.DatabaseDao   : Starting re-indexing of 3 entries (total number) of type org.projectforge.business.scripting.ScriptDO with scrollMode=false...
2019-04-21 02:29:58.950 user:  INFO 6368 --- [scheduling-1] o.p.f.persistence.database.DatabaseDao   : Re-indexing of 3 objects of type org.projectforge.business.scripting.ScriptDO done.
2019-04-21 02:29:58.983 user:  INFO 6368 --- [scheduling-1] o.p.f.persistence.database.DatabaseDao   : Starting re-indexing of 6 entries (total number) of type org.projectforge.business.fibu.kost.Kost2ArtDO with scrollMode=false...
2019-04-21 02:29:58.990 user:  INFO 6368 --- [scheduling-1] o.p.f.persistence.database.DatabaseDao   : Re-indexing of 6 objects of type org.projectforge.business.fibu.kost.Kost2ArtDO done.
2019-04-21 02:29:59.017 user:  INFO 6368 --- [scheduling-1] o.p.f.persistence.database.DatabaseDao   : Starting re-indexing of 2 entries (total number) of type org.projectforge.business.fibu.EmployeeDO with scrollMode=false...
2019-04-21 02:29:59.052 user:  INFO 6368 --- [scheduling-1] o.p.f.persistence.database.DatabaseDao   : Re-indexing of 17 objects of type org.projectforge.business.fibu.EmployeeDO done.
2019-04-21 02:29:59.086 user:  INFO 6368 --- [scheduling-1] o.p.f.persistence.database.DatabaseDao   : Starting re-indexing of 2 entries (total number) of type org.projectforge.business.fibu.RechnungsPositionDO with scrollMode=false...
2019-04-21 02:29:59.106 user:  INFO 6368 --- [scheduling-1] o.p.f.persistence.database.DatabaseDao   : Re-indexing of 10 objects of type org.projectforge.business.fibu.RechnungsPositionDO done.
2019-04-21 02:29:59.133 user:  INFO 6368 --- [scheduling-1] o.p.f.persistence.database.DatabaseDao   : Starting re-indexing of 0 entries (total number) of type org.projectforge.plugins.skillmatrix.SkillDO with scrollMode=false...
2019-04-21 02:29:59.134 user:  INFO 6368 --- [scheduling-1] o.p.f.persistence.database.DatabaseDao   : Re-indexing of 0 objects of type org.projectforge.plugins.skillmatrix.SkillDO done.
2019-04-21 02:29:59.136 user:  INFO 6368 --- [scheduling-1] o.p.f.persistence.database.DatabaseDao   : Starting re-indexing of 0 entries (total number) of type org.projectforge.business.orga.VisitorbookDO with scrollMode=false...
2019-04-21 02:29:59.140 user:  INFO 6368 --- [scheduling-1] o.p.f.persistence.database.DatabaseDao   : Re-indexing of 0 objects of type org.projectforge.business.orga.VisitorbookDO done.
2019-04-21 02:29:59.142 user:  INFO 6368 --- [scheduling-1] o.p.f.persistence.database.DatabaseDao   : Starting re-indexing of 0 entries (total number) of type org.projectforge.business.orga.ContractDO with scrollMode=false...
2019-04-21 02:29:59.143 user:  INFO 6368 --- [scheduling-1] o.p.f.persistence.database.DatabaseDao   : Re-indexing of 0 objects of type org.projectforge.business.orga.ContractDO done.
2019-04-21 02:29:59.144 user:  INFO 6368 --- [scheduling-1] o.p.f.persistence.database.DatabaseDao   : Starting re-indexing of 0 entries (total number) of type org.projectforge.business.teamcal.event.model.TeamEventAttachmentDO with scrollMode=false...
2019-04-21 02:29:59.145 user:  INFO 6368 --- [scheduling-1] o.p.f.persistence.database.DatabaseDao   : Re-indexing of 0 objects of type org.projectforge.business.teamcal.event.model.TeamEventAttachmentDO done.
2019-04-21 02:29:59.147 user:  INFO 6368 --- [scheduling-1] o.p.f.persistence.database.DatabaseDao   : Starting re-indexing of 0 entries (total number) of type org.projectforge.business.teamcal.event.model.TeamEventAttendeeDO with scrollMode=false...
2019-04-21 02:29:59.148 user:  INFO 6368 --- [scheduling-1] o.p.f.persistence.database.DatabaseDao   : Re-indexing of 0 objects of type org.projectforge.business.teamcal.event.model.TeamEventAttendeeDO done.
2019-04-21 02:29:59.150 user:  INFO 6368 --- [scheduling-1] o.p.f.persistence.database.DatabaseDao   : Starting re-indexing of 1 entries (total number) of type org.projectforge.business.fibu.KontoDO with scrollMode=false...
2019-04-21 02:29:59.158 user:  INFO 6368 --- [scheduling-1] o.p.f.persistence.database.DatabaseDao   : Re-indexing of 1 objects of type org.projectforge.business.fibu.KontoDO done.
2019-04-21 02:29:59.186 user:  INFO 6368 --- [scheduling-1] o.p.f.persistence.database.DatabaseDao   : Starting re-indexing of 2 entries (total number) of type org.projectforge.business.address.AddressDO with scrollMode=false...
2019-04-21 02:29:59.215 user:  INFO 6368 --- [scheduling-1] o.p.f.persistence.database.DatabaseDao   : Re-indexing of 2 objects of type org.projectforge.business.address.AddressDO done.
2019-04-21 02:29:59.246 user:  INFO 6368 --- [scheduling-1] o.p.f.persistence.database.DatabaseDao   : Starting re-indexing of 2 entries (total number) of type org.projectforge.business.fibu.KundeDO with scrollMode=false...
2019-04-21 02:29:59.257 user:  INFO 6368 --- [scheduling-1] o.p.f.persistence.database.DatabaseDao   : Re-indexing of 2 objects of type org.projectforge.business.fibu.KundeDO done.
2019-04-21 02:29:59.285 user:  INFO 6368 --- [scheduling-1] o.p.f.persistence.database.DatabaseDao   : Starting re-indexing of 3 entries (total number) of type org.projectforge.business.fibu.kost.Kost1DO with scrollMode=false...
2019-04-21 02:29:59.293 user:  INFO 6368 --- [scheduling-1] o.p.f.persistence.database.DatabaseDao   : Re-indexing of 3 objects of type org.projectforge.business.fibu.kost.Kost1DO done.
2019-04-21 02:29:59.321 user:  INFO 6368 --- [scheduling-1] o.p.f.persistence.database.DatabaseDao   : Starting re-indexing of 19 entries (total number) of type org.projectforge.framework.persistence.user.entities.GroupDO with scrollMode=false...
2019-04-21 02:29:59.335 user:  INFO 6368 --- [scheduling-1] o.p.f.persistence.database.DatabaseDao   : Re-indexing of 194 objects of type org.projectforge.framework.persistence.user.entities.GroupDO done.
2019-04-21 02:29:59.393 user:  INFO 6368 --- [scheduling-1] o.p.f.persistence.database.DatabaseDao   : Starting re-indexing of 0 entries (total number) of type org.projectforge.business.humanresources.HRPlanningEntryDO with scrollMode=false...
2019-04-21 02:29:59.395 user:  INFO 6368 --- [scheduling-1] o.p.f.persistence.database.DatabaseDao   : Re-indexing of 0 objects of type org.projectforge.business.humanresources.HRPlanningEntryDO done.
2019-04-21 02:29:59.397 user:  INFO 6368 --- [scheduling-1] o.p.f.persistence.database.DatabaseDao   : Starting re-indexing of 0 entries (total number) of type org.projectforge.business.orga.PosteingangDO with scrollMode=false...
2019-04-21 02:29:59.398 user:  INFO 6368 --- [scheduling-1] o.p.f.persistence.database.DatabaseDao   : Re-indexing of 0 objects of type org.projectforge.business.orga.PosteingangDO done.
2019-04-21 02:29:59.399 user:  INFO 6368 --- [scheduling-1] o.p.f.p.h.HibernateSearchReindexer       : Re-index job finished successfully.
2019-04-21 02:29:59.399 user:  INFO 6368 --- [scheduling-1] o.p.business.jobs.CronNightlyJob         : Nightly job job finished.
2019-04-21 02:29:59.969 user:  INFO 6368 --- [scheduling-1] o.p.b.j.ExternalCalendarSubscriptionJob  : External calendar subscriptions job started.
2019-04-21 02:29:59.969 user:  INFO 6368 --- [scheduling-1] b.t.e.TeamEventExternalSubscriptionCache : Start updating TeamEventExternalSubscriptionCache.
2019-04-21 02:29:59.972 user:  INFO 6368 --- [scheduling-1] o.p.b.j.ExternalCalendarSubscriptionJob  : External calendar subscriptions job finished.
2019-04-21 02:44:59.977 user:  INFO 6368 --- [scheduling-1] o.p.b.j.ExternalCalendarSubscriptionJob  : External calendar subscriptions job started.
2019-04-21 02:44:59.979 user:  INFO 6368 --- [scheduling-1] b.t.e.TeamEventExternalSubscriptionCache : Start updating TeamEventExternalSubscriptionCache.
2019-04-21 02:44:59.983 user:  INFO 6368 --- [scheduling-1] o.p.b.j.ExternalCalendarSubscriptionJob  : External calendar subscriptions job finished.
2019-04-21 02:59:59.878 user:  INFO 6368 --- [scheduling-1] o.p.business.jobs.CronHourlyJob          : Hourly job started.
2019-04-21 02:59:59.879 user:  INFO 6368 --- [scheduling-1] o.p.business.jobs.CronHourlyJob          : Starting (re-)indexing of history entries of the last 24 hours.
2019-04-21 02:59:59.886 user:  INFO 6368 --- [scheduling-1] o.p.f.persistence.database.DatabaseDao   : Starting re-indexing of 41 entries (total number) of type org.projectforge.framework.persistence.history.entities.PfHistoryMasterDO with scrollMode=false...
2019-04-21 02:59:59.889 user:  INFO 6368 --- [scheduling-1] o.p.f.persistence.database.DatabaseDao   : Re-indexing of 0 objects of type org.projectforge.framework.persistence.history.entities.PfHistoryMasterDO done.
2019-04-21 02:59:59.890 user:  INFO 6368 --- [scheduling-1] o.p.business.jobs.CronHourlyJob          : Hourly job job finished.
2019-04-21 02:59:59.978 user:  INFO 6368 --- [scheduling-1] o.p.b.j.ExternalCalendarSubscriptionJob  : External calendar subscriptions job started.
2019-04-21 02:59:59.978 user:  INFO 6368 --- [scheduling-1] b.t.e.TeamEventExternalSubscriptionCache : Start updating TeamEventExternalSubscriptionCache.
2019-04-21 02:59:59.982 user:  INFO 6368 --- [scheduling-1] o.p.b.j.ExternalCalendarSubscriptionJob  : External calendar subscriptions job finished.
2019-04-21 03:14:59.973 user:  INFO 6368 --- [scheduling-1] o.p.b.j.ExternalCalendarSubscriptionJob  : External calendar subscriptions job started.
2019-04-21 03:14:59.974 user:  INFO 6368 --- [scheduling-1] b.t.e.TeamEventExternalSubscriptionCache : Start updating TeamEventExternalSubscriptionCache.
2019-04-21 03:14:59.979 user:  INFO 6368 --- [scheduling-1] o.p.b.j.ExternalCalendarSubscriptionJob  : External calendar subscriptions job finished.
2019-04-21 03:29:59.972 user:  INFO 6368 --- [scheduling-1] o.p.b.j.ExternalCalendarSubscriptionJob  : External calendar subscriptions job started.
2019-04-21 03:29:59.974 user:  INFO 6368 --- [scheduling-1] b.t.e.TeamEventExternalSubscriptionCache : Start updating TeamEventExternalSubscriptionCache.
2019-04-21 03:29:59.978 user:  INFO 6368 --- [scheduling-1] o.p.b.j.ExternalCalendarSubscriptionJob  : External calendar subscriptions job finished.
2019-04-21 03:44:59.979 user:  INFO 6368 --- [scheduling-1] o.p.b.j.ExternalCalendarSubscriptionJob  : External calendar subscriptions job started.
2019-04-21 03:44:59.980 user:  INFO 6368 --- [scheduling-1] b.t.e.TeamEventExternalSubscriptionCache : Start updating TeamEventExternalSubscriptionCache.
2019-04-21 03:44:59.985 user:  INFO 6368 --- [scheduling-1] o.p.b.j.ExternalCalendarSubscriptionJob  : External calendar subscriptions job finished.
2019-04-21 03:59:59.874 user:  INFO 6368 --- [scheduling-1] o.p.business.jobs.CronHourlyJob          : Hourly job started.
2019-04-21 03:59:59.875 user:  INFO 6368 --- [scheduling-1] o.p.business.jobs.CronHourlyJob          : Starting (re-)indexing of history entries of the last 24 hours.
2019-04-21 03:59:59.882 user:  INFO 6368 --- [scheduling-1] o.p.f.persistence.database.DatabaseDao   : Starting re-indexing of 41 entries (total number) of type org.projectforge.framework.persistence.history.entities.PfHistoryMasterDO with scrollMode=false...
2019-04-21 03:59:59.885 user:  INFO 6368 --- [scheduling-1] o.p.f.persistence.database.DatabaseDao   : Re-indexing of 0 objects of type org.projectforge.framework.persistence.history.entities.PfHistoryMasterDO done.
2019-04-21 03:59:59.886 user:  INFO 6368 --- [scheduling-1] o.p.business.jobs.CronHourlyJob          : Hourly job job finished.
2019-04-21 03:59:59.978 user:  INFO 6368 --- [scheduling-1] o.p.b.j.ExternalCalendarSubscriptionJob  : External calendar subscriptions job started.
2019-04-21 03:59:59.978 user:  INFO 6368 --- [scheduling-1] b.t.e.TeamEventExternalSubscriptionCache : Start updating TeamEventExternalSubscriptionCache.
2019-04-21 03:59:59.982 user:  INFO 6368 --- [scheduling-1] o.p.b.j.ExternalCalendarSubscriptionJob  : External calendar subscriptions job finished.
2019-04-21 04:14:59.969 user:  INFO 6368 --- [scheduling-1] o.p.b.j.ExternalCalendarSubscriptionJob  : External calendar subscriptions job started.
2019-04-21 04:14:59.970 user:  INFO 6368 --- [scheduling-1] b.t.e.TeamEventExternalSubscriptionCache : Start updating TeamEventExternalSubscriptionCache.
2019-04-21 04:14:59.975 user:  INFO 6368 --- [scheduling-1] o.p.b.j.ExternalCalendarSubscriptionJob  : External calendar subscriptions job finished.
2019-04-21 04:29:59.975 user:  INFO 6368 --- [scheduling-1] o.p.b.j.ExternalCalendarSubscriptionJob  : External calendar subscriptions job started.
2019-04-21 04:29:59.977 user:  INFO 6368 --- [scheduling-1] b.t.e.TeamEventExternalSubscriptionCache : Start updating TeamEventExternalSubscriptionCache.
2019-04-21 04:29:59.982 user:  INFO 6368 --- [scheduling-1] o.p.b.j.ExternalCalendarSubscriptionJob  : External calendar subscriptions job finished.
2019-04-21 04:44:59.971 user:  INFO 6368 --- [scheduling-1] o.p.b.j.ExternalCalendarSubscriptionJob  : External calendar subscriptions job started.
2019-04-21 04:44:59.972 user:  INFO 6368 --- [scheduling-1] b.t.e.TeamEventExternalSubscriptionCache : Start updating TeamEventExternalSubscriptionCache.
2019-04-21 04:44:59.977 user:  INFO 6368 --- [scheduling-1] o.p.b.j.ExternalCalendarSubscriptionJob  : External calendar subscriptions job finished.
2019-04-21 04:59:59.883 user:  INFO 6368 --- [scheduling-1] o.p.business.jobs.CronHourlyJob          : Hourly job started.
2019-04-21 04:59:59.885 user:  INFO 6368 --- [scheduling-1] o.p.business.jobs.CronHourlyJob          : Starting (re-)indexing of history entries of the last 24 hours.
2019-04-21 04:59:59.891 user:  INFO 6368 --- [scheduling-1] o.p.f.persistence.database.DatabaseDao   : Starting re-indexing of 41 entries (total number) of type org.projectforge.framework.persistence.history.entities.PfHistoryMasterDO with scrollMode=false...
2019-04-21 04:59:59.893 user:  INFO 6368 --- [scheduling-1] o.p.f.persistence.database.DatabaseDao   : Re-indexing of 0 objects of type org.projectforge.framework.persistence.history.entities.PfHistoryMasterDO done.
2019-04-21 04:59:59.894 user:  INFO 6368 --- [scheduling-1] o.p.business.jobs.CronHourlyJob          : Hourly job job finished.
2019-04-21 04:59:59.973 user:  INFO 6368 --- [scheduling-1] o.p.b.j.ExternalCalendarSubscriptionJob  : External calendar subscriptions job started.
2019-04-21 04:59:59.974 user:  INFO 6368 --- [scheduling-1] b.t.e.TeamEventExternalSubscriptionCache : Start updating TeamEventExternalSubscriptionCache.
2019-04-21 04:59:59.977 user:  INFO 6368 --- [scheduling-1] o.p.b.j.ExternalCalendarSubscriptionJob  : External calendar subscriptions job finished.
2019-04-21 05:14:59.974 user:  INFO 6368 --- [scheduling-1] o.p.b.j.ExternalCalendarSubscriptionJob  : External calendar subscriptions job started.
2019-04-21 05:14:59.976 user:  INFO 6368 --- [scheduling-1] b.t.e.TeamEventExternalSubscriptionCache : Start updating TeamEventExternalSubscriptionCache.
2019-04-21 05:14:59.980 user:  INFO 6368 --- [scheduling-1] o.p.b.j.ExternalCalendarSubscriptionJob  : External calendar subscriptions job finished.
2019-04-21 05:29:59.972 user:  INFO 6368 --- [scheduling-1] o.p.b.j.ExternalCalendarSubscriptionJob  : External calendar subscriptions job started.
2019-04-21 05:29:59.973 user:  INFO 6368 --- [scheduling-1] b.t.e.TeamEventExternalSubscriptionCache : Start updating TeamEventExternalSubscriptionCache.
2019-04-21 05:29:59.978 user:  INFO 6368 --- [scheduling-1] o.p.b.j.ExternalCalendarSubscriptionJob  : External calendar subscriptions job finished.
2019-04-21 05:44:59.973 user:  INFO 6368 --- [scheduling-1] o.p.b.j.ExternalCalendarSubscriptionJob  : External calendar subscriptions job started.
2019-04-21 05:44:59.975 user:  INFO 6368 --- [scheduling-1] b.t.e.TeamEventExternalSubscriptionCache : Start updating TeamEventExternalSubscriptionCache.
2019-04-21 05:44:59.980 user:  INFO 6368 --- [scheduling-1] o.p.b.j.ExternalCalendarSubscriptionJob  : External calendar subscriptions job finished.
2019-04-21 05:59:59.874 user:  INFO 6368 --- [scheduling-1] o.p.business.jobs.CronHourlyJob          : Hourly job started.
2019-04-21 05:59:59.875 user:  INFO 6368 --- [scheduling-1] o.p.business.jobs.CronHourlyJob          : Starting (re-)indexing of history entries of the last 24 hours.
2019-04-21 05:59:59.884 user:  INFO 6368 --- [scheduling-1] o.p.f.persistence.database.DatabaseDao   : Starting re-indexing of 41 entries (total number) of type org.projectforge.framework.persistence.history.entities.PfHistoryMasterDO with scrollMode=false...
2019-04-21 05:59:59.889 user:  INFO 6368 --- [scheduling-1] o.p.f.persistence.database.DatabaseDao   : Re-indexing of 0 objects of type org.projectforge.framework.persistence.history.entities.PfHistoryMasterDO done.
2019-04-21 05:59:59.891 user:  INFO 6368 --- [scheduling-1] o.p.business.jobs.CronHourlyJob          : Hourly job job finished.
2019-04-21 05:59:59.971 user:  INFO 6368 --- [scheduling-1] o.p.b.j.ExternalCalendarSubscriptionJob  : External calendar subscriptions job started.
2019-04-21 05:59:59.971 user:  INFO 6368 --- [scheduling-1] b.t.e.TeamEventExternalSubscriptionCache : Start updating TeamEventExternalSubscriptionCache.
2019-04-21 05:59:59.973 user:  INFO 6368 --- [scheduling-1] o.p.b.j.ExternalCalendarSubscriptionJob  : External calendar subscriptions job finished.
2019-04-21 06:14:59.969 user:  INFO 6368 --- [scheduling-1] o.p.b.j.ExternalCalendarSubscriptionJob  : External calendar subscriptions job started.
2019-04-21 06:14:59.970 user:  INFO 6368 --- [scheduling-1] b.t.e.TeamEventExternalSubscriptionCache : Start updating TeamEventExternalSubscriptionCache.
2019-04-21 06:14:59.974 user:  INFO 6368 --- [scheduling-1] o.p.b.j.ExternalCalendarSubscriptionJob  : External calendar subscriptions job finished.
2019-04-21 06:29:59.971 user:  INFO 6368 --- [scheduling-1] o.p.b.j.ExternalCalendarSubscriptionJob  : External calendar subscriptions job started.
2019-04-21 06:29:59.972 user:  INFO 6368 --- [scheduling-1] b.t.e.TeamEventExternalSubscriptionCache : Start updating TeamEventExternalSubscriptionCache.
2019-04-21 06:29:59.976 user:  INFO 6368 --- [scheduling-1] o.p.b.j.ExternalCalendarSubscriptionJob  : External calendar subscriptions job finished.
2019-04-21 06:44:59.971 user:  INFO 6368 --- [scheduling-1] o.p.b.j.ExternalCalendarSubscriptionJob  : External calendar subscriptions job started.
2019-04-21 06:44:59.972 user:  INFO 6368 --- [scheduling-1] b.t.e.TeamEventExternalSubscriptionCache : Start updating TeamEventExternalSubscriptionCache.
2019-04-21 06:44:59.978 user:  INFO 6368 --- [scheduling-1] o.p.b.j.ExternalCalendarSubscriptionJob  : External calendar subscriptions job finished.
2019-04-21 06:59:59.881 user:  INFO 6368 --- [scheduling-1] o.p.business.jobs.CronHourlyJob          : Hourly job started.
2019-04-21 06:59:59.882 user:  INFO 6368 --- [scheduling-1] o.p.business.jobs.CronHourlyJob          : Starting (re-)indexing of history entries of the last 24 hours.
2019-04-21 06:59:59.888 user:  INFO 6368 --- [scheduling-1] o.p.f.persistence.database.DatabaseDao   : Starting re-indexing of 41 entries (total number) of type org.projectforge.framework.persistence.history.entities.PfHistoryMasterDO with scrollMode=false...
2019-04-21 06:59:59.894 user:  INFO 6368 --- [scheduling-1] o.p.f.persistence.database.DatabaseDao   : Re-indexing of 0 objects of type org.projectforge.framework.persistence.history.entities.PfHistoryMasterDO done.
2019-04-21 06:59:59.895 user:  INFO 6368 --- [scheduling-1] o.p.business.jobs.CronHourlyJob          : Hourly job job finished.
2019-04-21 06:59:59.971 user:  INFO 6368 --- [scheduling-1] o.p.b.j.ExternalCalendarSubscriptionJob  : External calendar subscriptions job started.
2019-04-21 06:59:59.971 user:  INFO 6368 --- [scheduling-1] b.t.e.TeamEventExternalSubscriptionCache : Start updating TeamEventExternalSubscriptionCache.
2019-04-21 06:59:59.974 user:  INFO 6368 --- [scheduling-1] o.p.b.j.ExternalCalendarSubscriptionJob  : External calendar subscriptions job finished.
2019-04-21 07:14:59.971 user:  INFO 6368 --- [scheduling-1] o.p.b.j.ExternalCalendarSubscriptionJob  : External calendar subscriptions job started.
2019-04-21 07:14:59.971 user:  INFO 6368 --- [scheduling-1] b.t.e.TeamEventExternalSubscriptionCache : Start updating TeamEventExternalSubscriptionCache.
2019-04-21 07:14:59.976 user:  INFO 6368 --- [scheduling-1] o.p.b.j.ExternalCalendarSubscriptionJob  : External calendar subscriptions job finished.
2019-04-21 07:29:59.970 user:  INFO 6368 --- [scheduling-1] o.p.b.j.ExternalCalendarSubscriptionJob  : External calendar subscriptions job started.
2019-04-21 07:29:59.970 user:  INFO 6368 --- [scheduling-1] b.t.e.TeamEventExternalSubscriptionCache : Start updating TeamEventExternalSubscriptionCache.
2019-04-21 07:29:59.972 user:  INFO 6368 --- [scheduling-1] o.p.b.j.ExternalCalendarSubscriptionJob  : External calendar subscriptions job finished.
2019-04-21 07:44:59.970 user:  INFO 6368 --- [scheduling-1] o.p.b.j.ExternalCalendarSubscriptionJob  : External calendar subscriptions job started.
2019-04-21 07:44:59.972 user:  INFO 6368 --- [scheduling-1] b.t.e.TeamEventExternalSubscriptionCache : Start updating TeamEventExternalSubscriptionCache.
2019-04-21 07:44:59.976 user:  INFO 6368 --- [scheduling-1] o.p.b.j.ExternalCalendarSubscriptionJob  : External calendar subscriptions job finished.
2019-04-21 07:59:59.883 user:  INFO 6368 --- [scheduling-1] o.p.business.jobs.CronHourlyJob          : Hourly job started.
2019-04-21 07:59:59.884 user:  INFO 6368 --- [scheduling-1] o.p.business.jobs.CronHourlyJob          : Starting (re-)indexing of history entries of the last 24 hours.
2019-04-21 07:59:59.890 user:  INFO 6368 --- [scheduling-1] o.p.f.persistence.database.DatabaseDao   : Starting re-indexing of 41 entries (total number) of type org.projectforge.framework.persistence.history.entities.PfHistoryMasterDO with scrollMode=false...
2019-04-21 07:59:59.893 user:  INFO 6368 --- [scheduling-1] o.p.f.persistence.database.DatabaseDao   : Re-indexing of 0 objects of type org.projectforge.framework.persistence.history.entities.PfHistoryMasterDO done.
2019-04-21 07:59:59.894 user:  INFO 6368 --- [scheduling-1] o.p.business.jobs.CronHourlyJob          : Hourly job job finished.
2019-04-21 07:59:59.972 user:  INFO 6368 --- [scheduling-1] o.p.b.j.ExternalCalendarSubscriptionJob  : External calendar subscriptions job started.
2019-04-21 07:59:59.973 user:  INFO 6368 --- [scheduling-1] b.t.e.TeamEventExternalSubscriptionCache : Start updating TeamEventExternalSubscriptionCache.
2019-04-21 07:59:59.975 user:  INFO 6368 --- [scheduling-1] o.p.b.j.ExternalCalendarSubscriptionJob  : External calendar subscriptions job finished.
2019-04-21 08:14:59.971 user:  INFO 6368 --- [scheduling-1] o.p.b.j.ExternalCalendarSubscriptionJob  : External calendar subscriptions job started.
2019-04-21 08:14:59.972 user:  INFO 6368 --- [scheduling-1] b.t.e.TeamEventExternalSubscriptionCache : Start updating TeamEventExternalSubscriptionCache.
2019-04-21 08:14:59.978 user:  INFO 6368 --- [scheduling-1] o.p.b.j.ExternalCalendarSubscriptionJob  : External calendar subscriptions job finished.
2019-04-21 08:29:59.971 user:  INFO 6368 --- [scheduling-1] o.p.b.j.ExternalCalendarSubscriptionJob  : External calendar subscriptions job started.
2019-04-21 08:29:59.971 user:  INFO 6368 --- [scheduling-1] b.t.e.TeamEventExternalSubscriptionCache : Start updating TeamEventExternalSubscriptionCache.
2019-04-21 08:29:59.974 user:  INFO 6368 --- [scheduling-1] o.p.b.j.ExternalCalendarSubscriptionJob  : External calendar subscriptions job finished.
2019-04-21 08:44:59.977 user:  INFO 6368 --- [scheduling-1] o.p.b.j.ExternalCalendarSubscriptionJob  : External calendar subscriptions job started.
2019-04-21 08:44:59.978 user:  INFO 6368 --- [scheduling-1] b.t.e.TeamEventExternalSubscriptionCache : Start updating TeamEventExternalSubscriptionCache.
2019-04-21 08:44:59.984 user:  INFO 6368 --- [scheduling-1] o.p.b.j.ExternalCalendarSubscriptionJob  : External calendar subscriptions job finished.
2019-04-21 08:59:59.882 user:  INFO 6368 --- [scheduling-1] o.p.business.jobs.CronHourlyJob          : Hourly job started.
2019-04-21 08:59:59.883 user:  INFO 6368 --- [scheduling-1] o.p.business.jobs.CronHourlyJob          : Starting (re-)indexing of history entries of the last 24 hours.
2019-04-21 08:59:59.890 user:  INFO 6368 --- [scheduling-1] o.p.f.persistence.database.DatabaseDao   : Starting re-indexing of 41 entries (total number) of type org.projectforge.framework.persistence.history.entities.PfHistoryMasterDO with scrollMode=false...
2019-04-21 08:59:59.893 user:  INFO 6368 --- [scheduling-1] o.p.f.persistence.database.DatabaseDao   : Re-indexing of 0 objects of type org.projectforge.framework.persistence.history.entities.PfHistoryMasterDO done.
2019-04-21 08:59:59.894 user:  INFO 6368 --- [scheduling-1] o.p.business.jobs.CronHourlyJob          : Hourly job job finished.
2019-04-21 08:59:59.973 user:  INFO 6368 --- [scheduling-1] o.p.b.j.ExternalCalendarSubscriptionJob  : External calendar subscriptions job started.
2019-04-21 08:59:59.973 user:  INFO 6368 --- [scheduling-1] b.t.e.TeamEventExternalSubscriptionCache : Start updating TeamEventExternalSubscriptionCache.
2019-04-21 08:59:59.976 user:  INFO 6368 --- [scheduling-1] o.p.b.j.ExternalCalendarSubscriptionJob  : External calendar subscriptions job finished.
2019-04-21 09:14:59.970 user:  INFO 6368 --- [scheduling-1] o.p.b.j.ExternalCalendarSubscriptionJob  : External calendar subscriptions job started.
2019-04-21 09:14:59.971 user:  INFO 6368 --- [scheduling-1] b.t.e.TeamEventExternalSubscriptionCache : Start updating TeamEventExternalSubscriptionCache.
2019-04-21 09:14:59.975 user:  INFO 6368 --- [scheduling-1] o.p.b.j.ExternalCalendarSubscriptionJob  : External calendar subscriptions job finished.
2019-04-21 09:29:59.974 user:  INFO 6368 --- [scheduling-1] o.p.b.j.ExternalCalendarSubscriptionJob  : External calendar subscriptions job started.
2019-04-21 09:29:59.975 user:  INFO 6368 --- [scheduling-1] b.t.e.TeamEventExternalSubscriptionCache : Start updating TeamEventExternalSubscriptionCache.
2019-04-21 09:29:59.978 user:  INFO 6368 --- [scheduling-1] o.p.b.j.ExternalCalendarSubscriptionJob  : External calendar subscriptions job finished.
2019-04-21 09:44:59.976 user:  INFO 6368 --- [scheduling-1] o.p.b.j.ExternalCalendarSubscriptionJob  : External calendar subscriptions job started.
2019-04-21 09:44:59.977 user:  INFO 6368 --- [scheduling-1] b.t.e.TeamEventExternalSubscriptionCache : Start updating TeamEventExternalSubscriptionCache.
2019-04-21 09:44:59.982 user:  INFO 6368 --- [scheduling-1] o.p.b.j.ExternalCalendarSubscriptionJob  : External calendar subscriptions job finished.
2019-04-21 09:59:59.883 user:  INFO 6368 --- [scheduling-1] o.p.business.jobs.CronHourlyJob          : Hourly job started.
2019-04-21 09:59:59.884 user:  INFO 6368 --- [scheduling-1] o.p.business.jobs.CronHourlyJob          : Starting (re-)indexing of history entries of the last 24 hours.
2019-04-21 09:59:59.890 user:  INFO 6368 --- [scheduling-1] o.p.f.persistence.database.DatabaseDao   : Starting re-indexing of 41 entries (total number) of type org.projectforge.framework.persistence.history.entities.PfHistoryMasterDO with scrollMode=false...
2019-04-21 09:59:59.893 user:  INFO 6368 --- [scheduling-1] o.p.f.persistence.database.DatabaseDao   : Re-indexing of 0 objects of type org.projectforge.framework.persistence.history.entities.PfHistoryMasterDO done.
2019-04-21 09:59:59.894 user:  INFO 6368 --- [scheduling-1] o.p.business.jobs.CronHourlyJob          : Hourly job job finished.
2019-04-21 09:59:59.969 user:  INFO 6368 --- [scheduling-1] o.p.b.j.ExternalCalendarSubscriptionJob  : External calendar subscriptions job started.
2019-04-21 09:59:59.969 user:  INFO 6368 --- [scheduling-1] b.t.e.TeamEventExternalSubscriptionCache : Start updating TeamEventExternalSubscriptionCache.
2019-04-21 09:59:59.971 user:  INFO 6368 --- [scheduling-1] o.p.b.j.ExternalCalendarSubscriptionJob  : External calendar subscriptions job finished.
2019-04-21 10:14:59.971 user:  INFO 6368 --- [scheduling-1] o.p.b.j.ExternalCalendarSubscriptionJob  : External calendar subscriptions job started.
2019-04-21 10:14:59.972 user:  INFO 6368 --- [scheduling-1] b.t.e.TeamEventExternalSubscriptionCache : Start updating TeamEventExternalSubscriptionCache.
2019-04-21 10:14:59.977 user:  INFO 6368 --- [scheduling-1] o.p.b.j.ExternalCalendarSubscriptionJob  : External calendar subscriptions job finished.
2019-04-21 10:29:59.978 user:  INFO 6368 --- [scheduling-1] o.p.b.j.ExternalCalendarSubscriptionJob  : External calendar subscriptions job started.
2019-04-21 10:29:59.980 user:  INFO 6368 --- [scheduling-1] b.t.e.TeamEventExternalSubscriptionCache : Start updating TeamEventExternalSubscriptionCache.
2019-04-21 10:29:59.983 user:  INFO 6368 --- [scheduling-1] o.p.b.j.ExternalCalendarSubscriptionJob  : External calendar subscriptions job finished.
2019-04-21 10:44:59.972 user:  INFO 6368 --- [scheduling-1] o.p.b.j.ExternalCalendarSubscriptionJob  : External calendar subscriptions job started.
2019-04-21 10:44:59.973 user:  INFO 6368 --- [scheduling-1] b.t.e.TeamEventExternalSubscriptionCache : Start updating TeamEventExternalSubscriptionCache.
2019-04-21 10:44:59.977 user:  INFO 6368 --- [scheduling-1] o.p.b.j.ExternalCalendarSubscriptionJob  : External calendar subscriptions job finished.
2019-04-21 10:59:59.883 user:  INFO 6368 --- [scheduling-1] o.p.business.jobs.CronHourlyJob          : Hourly job started.
2019-04-21 10:59:59.884 user:  INFO 6368 --- [scheduling-1] o.p.business.jobs.CronHourlyJob          : Starting (re-)indexing of history entries of the last 24 hours.
2019-04-21 10:59:59.892 user:  INFO 6368 --- [scheduling-1] o.p.f.persistence.database.DatabaseDao   : Starting re-indexing of 41 entries (total number) of type org.projectforge.framework.persistence.history.entities.PfHistoryMasterDO with scrollMode=false...
2019-04-21 10:59:59.900 user:  INFO 6368 --- [scheduling-1] o.p.f.persistence.database.DatabaseDao   : Re-indexing of 0 objects of type org.projectforge.framework.persistence.history.entities.PfHistoryMasterDO done.
2019-04-21 10:59:59.902 user:  INFO 6368 --- [scheduling-1] o.p.business.jobs.CronHourlyJob          : Hourly job job finished.
2019-04-21 10:59:59.971 user:  INFO 6368 --- [scheduling-1] o.p.b.j.ExternalCalendarSubscriptionJob  : External calendar subscriptions job started.
2019-04-21 10:59:59.972 user:  INFO 6368 --- [scheduling-1] b.t.e.TeamEventExternalSubscriptionCache : Start updating TeamEventExternalSubscriptionCache.
2019-04-21 10:59:59.974 user:  INFO 6368 --- [scheduling-1] o.p.b.j.ExternalCalendarSubscriptionJob  : External calendar subscriptions job finished.
2019-04-21 11:14:59.977 user:  INFO 6368 --- [scheduling-1] o.p.b.j.ExternalCalendarSubscriptionJob  : External calendar subscriptions job started.
2019-04-21 11:14:59.979 user:  INFO 6368 --- [scheduling-1] b.t.e.TeamEventExternalSubscriptionCache : Start updating TeamEventExternalSubscriptionCache.
2019-04-21 11:14:59.984 user:  INFO 6368 --- [scheduling-1] o.p.b.j.ExternalCalendarSubscriptionJob  : External calendar subscriptions job finished.
2019-04-21 11:29:59.970 user:  INFO 6368 --- [scheduling-1] o.p.b.j.ExternalCalendarSubscriptionJob  : External calendar subscriptions job started.
2019-04-21 11:29:59.971 user:  INFO 6368 --- [scheduling-1] b.t.e.TeamEventExternalSubscriptionCache : Start updating TeamEventExternalSubscriptionCache.
2019-04-21 11:29:59.977 user:  INFO 6368 --- [scheduling-1] o.p.b.j.ExternalCalendarSubscriptionJob  : External calendar subscriptions job finished.
2019-04-21 11:44:59.973 user:  INFO 6368 --- [scheduling-1] o.p.b.j.ExternalCalendarSubscriptionJob  : External calendar subscriptions job started.
2019-04-21 11:44:59.974 user:  INFO 6368 --- [scheduling-1] b.t.e.TeamEventExternalSubscriptionCache : Start updating TeamEventExternalSubscriptionCache.
2019-04-21 11:44:59.981 user:  INFO 6368 --- [scheduling-1] o.p.b.j.ExternalCalendarSubscriptionJob  : External calendar subscriptions job finished.
2019-04-21 11:59:59.881 user:  INFO 6368 --- [scheduling-1] o.p.business.jobs.CronHourlyJob          : Hourly job started.
2019-04-21 11:59:59.882 user:  INFO 6368 --- [scheduling-1] o.p.business.jobs.CronHourlyJob          : Starting (re-)indexing of history entries of the last 24 hours.
2019-04-21 11:59:59.889 user:  INFO 6368 --- [scheduling-1] o.p.f.persistence.database.DatabaseDao   : Starting re-indexing of 41 entries (total number) of type org.projectforge.framework.persistence.history.entities.PfHistoryMasterDO with scrollMode=false...
2019-04-21 11:59:59.893 user:  INFO 6368 --- [scheduling-1] o.p.f.persistence.database.DatabaseDao   : Re-indexing of 0 objects of type org.projectforge.framework.persistence.history.entities.PfHistoryMasterDO done.
2019-04-21 11:59:59.894 user:  INFO 6368 --- [scheduling-1] o.p.business.jobs.CronHourlyJob          : Hourly job job finished.
2019-04-21 11:59:59.974 user:  INFO 6368 --- [scheduling-1] o.p.b.j.ExternalCalendarSubscriptionJob  : External calendar subscriptions job started.
2019-04-21 11:59:59.974 user:  INFO 6368 --- [scheduling-1] b.t.e.TeamEventExternalSubscriptionCache : Start updating TeamEventExternalSubscriptionCache.
2019-04-21 11:59:59.976 user:  INFO 6368 --- [scheduling-1] o.p.b.j.ExternalCalendarSubscriptionJob  : External calendar subscriptions job finished.
2019-04-21 12:14:59.973 user:  INFO 6368 --- [scheduling-1] o.p.b.j.ExternalCalendarSubscriptionJob  : External calendar subscriptions job started.
2019-04-21 12:14:59.974 user:  INFO 6368 --- [scheduling-1] b.t.e.TeamEventExternalSubscriptionCache : Start updating TeamEventExternalSubscriptionCache.
2019-04-21 12:14:59.979 user:  INFO 6368 --- [scheduling-1] o.p.b.j.ExternalCalendarSubscriptionJob  : External calendar subscriptions job finished.
2019-04-21 12:29:59.971 user:  INFO 6368 --- [scheduling-1] o.p.b.j.ExternalCalendarSubscriptionJob  : External calendar subscriptions job started.
2019-04-21 12:29:59.972 user:  INFO 6368 --- [scheduling-1] b.t.e.TeamEventExternalSubscriptionCache : Start updating TeamEventExternalSubscriptionCache.
2019-04-21 12:29:59.975 user:  INFO 6368 --- [scheduling-1] o.p.b.j.ExternalCalendarSubscriptionJob  : External calendar subscriptions job finished.
2019-04-21 12:44:59.978 user:  INFO 6368 --- [scheduling-1] o.p.b.j.ExternalCalendarSubscriptionJob  : External calendar subscriptions job started.
2019-04-21 12:44:59.979 user:  INFO 6368 --- [scheduling-1] b.t.e.TeamEventExternalSubscriptionCache : Start updating TeamEventExternalSubscriptionCache.
2019-04-21 12:44:59.986 user:  INFO 6368 --- [scheduling-1] o.p.b.j.ExternalCalendarSubscriptionJob  : External calendar subscriptions job finished.
2019-04-21 12:59:59.881 user:  INFO 6368 --- [scheduling-1] o.p.business.jobs.CronHourlyJob          : Hourly job started.
2019-04-21 12:59:59.883 user:  INFO 6368 --- [scheduling-1] o.p.business.jobs.CronHourlyJob          : Starting (re-)indexing of history entries of the last 24 hours.
2019-04-21 12:59:59.890 user:  INFO 6368 --- [scheduling-1] o.p.f.persistence.database.DatabaseDao   : Starting re-indexing of 41 entries (total number) of type org.projectforge.framework.persistence.history.entities.PfHistoryMasterDO with scrollMode=false...
2019-04-21 12:59:59.897 user:  INFO 6368 --- [scheduling-1] o.p.f.persistence.database.DatabaseDao   : Re-indexing of 0 objects of type org.projectforge.framework.persistence.history.entities.PfHistoryMasterDO done.
2019-04-21 12:59:59.899 user:  INFO 6368 --- [scheduling-1] o.p.business.jobs.CronHourlyJob          : Hourly job job finished.
2019-04-21 12:59:59.971 user:  INFO 6368 --- [scheduling-1] o.p.b.j.ExternalCalendarSubscriptionJob  : External calendar subscriptions job started.
2019-04-21 12:59:59.971 user:  INFO 6368 --- [scheduling-1] b.t.e.TeamEventExternalSubscriptionCache : Start updating TeamEventExternalSubscriptionCache.
2019-04-21 12:59:59.974 user:  INFO 6368 --- [scheduling-1] o.p.b.j.ExternalCalendarSubscriptionJob  : External calendar subscriptions job finished.
2019-04-21 13:14:59.970 user:  INFO 6368 --- [scheduling-1] o.p.b.j.ExternalCalendarSubscriptionJob  : External calendar subscriptions job started.
2019-04-21 13:14:59.970 user:  INFO 6368 --- [scheduling-1] b.t.e.TeamEventExternalSubscriptionCache : Start updating TeamEventExternalSubscriptionCache.
2019-04-21 13:14:59.975 user:  INFO 6368 --- [scheduling-1] o.p.b.j.ExternalCalendarSubscriptionJob  : External calendar subscriptions job finished.
2019-04-21 13:29:59.974 user:  INFO 6368 --- [scheduling-1] o.p.b.j.ExternalCalendarSubscriptionJob  : External calendar subscriptions job started.
2019-04-21 13:29:59.975 user:  INFO 6368 --- [scheduling-1] b.t.e.TeamEventExternalSubscriptionCache : Start updating TeamEventExternalSubscriptionCache.
2019-04-21 13:29:59.979 user:  INFO 6368 --- [scheduling-1] o.p.b.j.ExternalCalendarSubscriptionJob  : External calendar subscriptions job finished.
2019-04-21 13:44:59.969 user:  INFO 6368 --- [scheduling-1] o.p.b.j.ExternalCalendarSubscriptionJob  : External calendar subscriptions job started.
2019-04-21 13:44:59.970 user:  INFO 6368 --- [scheduling-1] b.t.e.TeamEventExternalSubscriptionCache : Start updating TeamEventExternalSubscriptionCache.
2019-04-21 13:44:59.978 user:  INFO 6368 --- [scheduling-1] o.p.b.j.ExternalCalendarSubscriptionJob  : External calendar subscriptions job finished.
2019-04-21 13:59:59.873 user:  INFO 6368 --- [scheduling-1] o.p.business.jobs.CronHourlyJob          : Hourly job started.
2019-04-21 13:59:59.873 user:  INFO 6368 --- [scheduling-1] o.p.business.jobs.CronHourlyJob          : Starting (re-)indexing of history entries of the last 24 hours.
2019-04-21 13:59:59.880 user:  INFO 6368 --- [scheduling-1] o.p.f.persistence.database.DatabaseDao   : Starting re-indexing of 41 entries (total number) of type org.projectforge.framework.persistence.history.entities.PfHistoryMasterDO with scrollMode=false...
2019-04-21 13:59:59.887 user:  INFO 6368 --- [scheduling-1] o.p.f.persistence.database.DatabaseDao   : Re-indexing of 0 objects of type org.projectforge.framework.persistence.history.entities.PfHistoryMasterDO done.
2019-04-21 13:59:59.888 user:  INFO 6368 --- [scheduling-1] o.p.business.jobs.CronHourlyJob          : Hourly job job finished.
2019-04-21 13:59:59.973 user:  INFO 6368 --- [scheduling-1] o.p.b.j.ExternalCalendarSubscriptionJob  : External calendar subscriptions job started.
2019-04-21 13:59:59.973 user:  INFO 6368 --- [scheduling-1] b.t.e.TeamEventExternalSubscriptionCache : Start updating TeamEventExternalSubscriptionCache.
2019-04-21 13:59:59.975 user:  INFO 6368 --- [scheduling-1] o.p.b.j.ExternalCalendarSubscriptionJob  : External calendar subscriptions job finished.
2019-04-21 14:14:59.974 user:  INFO 6368 --- [scheduling-1] o.p.b.j.ExternalCalendarSubscriptionJob  : External calendar subscriptions job started.
2019-04-21 14:14:59.976 user:  INFO 6368 --- [scheduling-1] b.t.e.TeamEventExternalSubscriptionCache : Start updating TeamEventExternalSubscriptionCache.
2019-04-21 14:14:59.981 user:  INFO 6368 --- [scheduling-1] o.p.b.j.ExternalCalendarSubscriptionJob  : External calendar subscriptions job finished.
2019-04-21 14:29:59.970 user:  INFO 6368 --- [scheduling-1] o.p.b.j.ExternalCalendarSubscriptionJob  : External calendar subscriptions job started.
2019-04-21 14:29:59.971 user:  INFO 6368 --- [scheduling-1] b.t.e.TeamEventExternalSubscriptionCache : Start updating TeamEventExternalSubscriptionCache.
2019-04-21 14:29:59.974 user:  INFO 6368 --- [scheduling-1] o.p.b.j.ExternalCalendarSubscriptionJob  : External calendar subscriptions job finished.
2019-04-21 14:44:59.976 user:  INFO 6368 --- [scheduling-1] o.p.b.j.ExternalCalendarSubscriptionJob  : External calendar subscriptions job started.
2019-04-21 14:44:59.977 user:  INFO 6368 --- [scheduling-1] b.t.e.TeamEventExternalSubscriptionCache : Start updating TeamEventExternalSubscriptionCache.
2019-04-21 14:44:59.983 user:  INFO 6368 --- [scheduling-1] o.p.b.j.ExternalCalendarSubscriptionJob  : External calendar subscriptions job finished.
2019-04-21 14:59:59.879 user:  INFO 6368 --- [scheduling-1] o.p.business.jobs.CronHourlyJob          : Hourly job started.
2019-04-21 14:59:59.881 user:  INFO 6368 --- [scheduling-1] o.p.business.jobs.CronHourlyJob          : Starting (re-)indexing of history entries of the last 24 hours.
2019-04-21 14:59:59.888 user:  INFO 6368 --- [scheduling-1] o.p.f.persistence.database.DatabaseDao   : Starting re-indexing of 41 entries (total number) of type org.projectforge.framework.persistence.history.entities.PfHistoryMasterDO with scrollMode=false...
2019-04-21 14:59:59.891 user:  INFO 6368 --- [scheduling-1] o.p.f.persistence.database.DatabaseDao   : Re-indexing of 0 objects of type org.projectforge.framework.persistence.history.entities.PfHistoryMasterDO done.
2019-04-21 14:59:59.892 user:  INFO 6368 --- [scheduling-1] o.p.business.jobs.CronHourlyJob          : Hourly job job finished.
2019-04-21 14:59:59.978 user:  INFO 6368 --- [scheduling-1] o.p.b.j.ExternalCalendarSubscriptionJob  : External calendar subscriptions job started.
2019-04-21 14:59:59.979 user:  INFO 6368 --- [scheduling-1] b.t.e.TeamEventExternalSubscriptionCache : Start updating TeamEventExternalSubscriptionCache.
2019-04-21 14:59:59.982 user:  INFO 6368 --- [scheduling-1] o.p.b.j.ExternalCalendarSubscriptionJob  : External calendar subscriptions job finished.
2019-04-21 15:14:59.975 user:  INFO 6368 --- [scheduling-1] o.p.b.j.ExternalCalendarSubscriptionJob  : External calendar subscriptions job started.
2019-04-21 15:14:59.975 user:  INFO 6368 --- [scheduling-1] b.t.e.TeamEventExternalSubscriptionCache : Start updating TeamEventExternalSubscriptionCache.
2019-04-21 15:14:59.981 user:  INFO 6368 --- [scheduling-1] o.p.b.j.ExternalCalendarSubscriptionJob  : External calendar subscriptions job finished.
2019-04-21 15:29:59.969 user:  INFO 6368 --- [scheduling-1] o.p.b.j.ExternalCalendarSubscriptionJob  : External calendar subscriptions job started.
2019-04-21 15:29:59.969 user:  INFO 6368 --- [scheduling-1] b.t.e.TeamEventExternalSubscriptionCache : Start updating TeamEventExternalSubscriptionCache.
2019-04-21 15:29:59.973 user:  INFO 6368 --- [scheduling-1] o.p.b.j.ExternalCalendarSubscriptionJob  : External calendar subscriptions job finished.
2019-04-21 15:44:59.974 user:  INFO 6368 --- [scheduling-1] o.p.b.j.ExternalCalendarSubscriptionJob  : External calendar subscriptions job started.
2019-04-21 15:44:59.975 user:  INFO 6368 --- [scheduling-1] b.t.e.TeamEventExternalSubscriptionCache : Start updating TeamEventExternalSubscriptionCache.
2019-04-21 15:44:59.980 user:  INFO 6368 --- [scheduling-1] o.p.b.j.ExternalCalendarSubscriptionJob  : External calendar subscriptions job finished.
2019-04-21 15:59:59.880 user:  INFO 6368 --- [scheduling-1] o.p.business.jobs.CronHourlyJob          : Hourly job started.
2019-04-21 15:59:59.881 user:  INFO 6368 --- [scheduling-1] o.p.business.jobs.CronHourlyJob          : Starting (re-)indexing of history entries of the last 24 hours.
2019-04-21 15:59:59.887 user:  INFO 6368 --- [scheduling-1] o.p.f.persistence.database.DatabaseDao   : Starting re-indexing of 41 entries (total number) of type org.projectforge.framework.persistence.history.entities.PfHistoryMasterDO with scrollMode=false...
2019-04-21 15:59:59.891 user:  INFO 6368 --- [scheduling-1] o.p.f.persistence.database.DatabaseDao   : Re-indexing of 0 objects of type org.projectforge.framework.persistence.history.entities.PfHistoryMasterDO done.
2019-04-21 15:59:59.893 user:  INFO 6368 --- [scheduling-1] o.p.business.jobs.CronHourlyJob          : Hourly job job finished.
2019-04-21 15:59:59.972 user:  INFO 6368 --- [scheduling-1] o.p.b.j.ExternalCalendarSubscriptionJob  : External calendar subscriptions job started.
2019-04-21 15:59:59.974 user:  INFO 6368 --- [scheduling-1] b.t.e.TeamEventExternalSubscriptionCache : Start updating TeamEventExternalSubscriptionCache.
2019-04-21 15:59:59.979 user:  INFO 6368 --- [scheduling-1] o.p.b.j.ExternalCalendarSubscriptionJob  : External calendar subscriptions job finished.
2019-04-21 16:14:59.977 user:  INFO 6368 --- [scheduling-1] o.p.b.j.ExternalCalendarSubscriptionJob  : External calendar subscriptions job started.
2019-04-21 16:14:59.977 user:  INFO 6368 --- [scheduling-1] b.t.e.TeamEventExternalSubscriptionCache : Start updating TeamEventExternalSubscriptionCache.
2019-04-21 16:14:59.984 user:  INFO 6368 --- [scheduling-1] o.p.b.j.ExternalCalendarSubscriptionJob  : External calendar subscriptions job finished.
2019-04-21 16:29:59.975 user:  INFO 6368 --- [scheduling-1] o.p.b.j.ExternalCalendarSubscriptionJob  : External calendar subscriptions job started.
2019-04-21 16:29:59.975 user:  INFO 6368 --- [scheduling-1] b.t.e.TeamEventExternalSubscriptionCache : Start updating TeamEventExternalSubscriptionCache.
2019-04-21 16:29:59.979 user:  INFO 6368 --- [scheduling-1] o.p.b.j.ExternalCalendarSubscriptionJob  : External calendar subscriptions job finished.
2019-04-21 16:44:59.978 user:  INFO 6368 --- [scheduling-1] o.p.b.j.ExternalCalendarSubscriptionJob  : External calendar subscriptions job started.
2019-04-21 16:44:59.980 user:  INFO 6368 --- [scheduling-1] b.t.e.TeamEventExternalSubscriptionCache : Start updating TeamEventExternalSubscriptionCache.
2019-04-21 16:44:59.985 user:  INFO 6368 --- [scheduling-1] o.p.b.j.ExternalCalendarSubscriptionJob  : External calendar subscriptions job finished.
2019-04-21 16:59:59.881 user:  INFO 6368 --- [scheduling-1] o.p.business.jobs.CronHourlyJob          : Hourly job started.
2019-04-21 16:59:59.883 user:  INFO 6368 --- [scheduling-1] o.p.business.jobs.CronHourlyJob          : Starting (re-)indexing of history entries of the last 24 hours.
2019-04-21 16:59:59.888 user:  INFO 6368 --- [scheduling-1] o.p.f.persistence.database.DatabaseDao   : Starting re-indexing of 41 entries (total number) of type org.projectforge.framework.persistence.history.entities.PfHistoryMasterDO with scrollMode=false...
2019-04-21 16:59:59.890 user:  INFO 6368 --- [scheduling-1] o.p.f.persistence.database.DatabaseDao   : Re-indexing of 0 objects of type org.projectforge.framework.persistence.history.entities.PfHistoryMasterDO done.
2019-04-21 16:59:59.891 user:  INFO 6368 --- [scheduling-1] o.p.business.jobs.CronHourlyJob          : Hourly job job finished.
2019-04-21 16:59:59.969 user:  INFO 6368 --- [scheduling-1] o.p.b.j.ExternalCalendarSubscriptionJob  : External calendar subscriptions job started.
2019-04-21 16:59:59.970 user:  INFO 6368 --- [scheduling-1] b.t.e.TeamEventExternalSubscriptionCache : Start updating TeamEventExternalSubscriptionCache.
2019-04-21 16:59:59.973 user:  INFO 6368 --- [scheduling-1] o.p.b.j.ExternalCalendarSubscriptionJob  : External calendar subscriptions job finished.
2019-04-21 17:14:59.969 user:  INFO 6368 --- [scheduling-1] o.p.b.j.ExternalCalendarSubscriptionJob  : External calendar subscriptions job started.
2019-04-21 17:14:59.970 user:  INFO 6368 --- [scheduling-1] b.t.e.TeamEventExternalSubscriptionCache : Start updating TeamEventExternalSubscriptionCache.
2019-04-21 17:14:59.974 user:  INFO 6368 --- [scheduling-1] o.p.b.j.ExternalCalendarSubscriptionJob  : External calendar subscriptions job finished.
2019-04-21 17:29:59.971 user:  INFO 6368 --- [scheduling-1] o.p.b.j.ExternalCalendarSubscriptionJob  : External calendar subscriptions job started.
2019-04-21 17:29:59.971 user:  INFO 6368 --- [scheduling-1] b.t.e.TeamEventExternalSubscriptionCache : Start updating TeamEventExternalSubscriptionCache.
2019-04-21 17:29:59.975 user:  INFO 6368 --- [scheduling-1] o.p.b.j.ExternalCalendarSubscriptionJob  : External calendar subscriptions job finished.
2019-04-21 17:44:59.970 user:  INFO 6368 --- [scheduling-1] o.p.b.j.ExternalCalendarSubscriptionJob  : External calendar subscriptions job started.
2019-04-21 17:44:59.971 user:  INFO 6368 --- [scheduling-1] b.t.e.TeamEventExternalSubscriptionCache : Start updating TeamEventExternalSubscriptionCache.
2019-04-21 17:44:59.976 user:  INFO 6368 --- [scheduling-1] o.p.b.j.ExternalCalendarSubscriptionJob  : External calendar subscriptions job finished.
2019-04-21 17:59:59.883 user:  INFO 6368 --- [scheduling-1] o.p.business.jobs.CronHourlyJob          : Hourly job started.
2019-04-21 17:59:59.885 user:  INFO 6368 --- [scheduling-1] o.p.business.jobs.CronHourlyJob          : Starting (re-)indexing of history entries of the last 24 hours.
2019-04-21 17:59:59.891 user:  INFO 6368 --- [scheduling-1] o.p.f.persistence.database.DatabaseDao   : Starting re-indexing of 41 entries (total number) of type org.projectforge.framework.persistence.history.entities.PfHistoryMasterDO with scrollMode=false...
2019-04-21 17:59:59.894 user:  INFO 6368 --- [scheduling-1] o.p.f.persistence.database.DatabaseDao   : Re-indexing of 0 objects of type org.projectforge.framework.persistence.history.entities.PfHistoryMasterDO done.
2019-04-21 17:59:59.895 user:  INFO 6368 --- [scheduling-1] o.p.business.jobs.CronHourlyJob          : Hourly job job finished.
2019-04-21 17:59:59.972 user:  INFO 6368 --- [scheduling-1] o.p.b.j.ExternalCalendarSubscriptionJob  : External calendar subscriptions job started.
2019-04-21 17:59:59.972 user:  INFO 6368 --- [scheduling-1] b.t.e.TeamEventExternalSubscriptionCache : Start updating TeamEventExternalSubscriptionCache.
2019-04-21 17:59:59.975 user:  INFO 6368 --- [scheduling-1] o.p.b.j.ExternalCalendarSubscriptionJob  : External calendar subscriptions job finished.
2019-04-21 18:14:59.975 user:  INFO 6368 --- [scheduling-1] o.p.b.j.ExternalCalendarSubscriptionJob  : External calendar subscriptions job started.
2019-04-21 18:14:59.976 user:  INFO 6368 --- [scheduling-1] b.t.e.TeamEventExternalSubscriptionCache : Start updating TeamEventExternalSubscriptionCache.
2019-04-21 18:14:59.980 user:  INFO 6368 --- [scheduling-1] o.p.b.j.ExternalCalendarSubscriptionJob  : External calendar subscriptions job finished.
2019-04-21 18:29:59.971 user:  INFO 6368 --- [scheduling-1] o.p.b.j.ExternalCalendarSubscriptionJob  : External calendar subscriptions job started.
2019-04-21 18:29:59.973 user:  INFO 6368 --- [scheduling-1] b.t.e.TeamEventExternalSubscriptionCache : Start updating TeamEventExternalSubscriptionCache.
2019-04-21 18:29:59.985 user:  INFO 6368 --- [scheduling-1] o.p.b.j.ExternalCalendarSubscriptionJob  : External calendar subscriptions job finished.
2019-04-21 18:44:59.977 user:  INFO 6368 --- [scheduling-1] o.p.b.j.ExternalCalendarSubscriptionJob  : External calendar subscriptions job started.
2019-04-21 18:44:59.979 user:  INFO 6368 --- [scheduling-1] b.t.e.TeamEventExternalSubscriptionCache : Start updating TeamEventExternalSubscriptionCache.
2019-04-21 18:44:59.986 user:  INFO 6368 --- [scheduling-1] o.p.b.j.ExternalCalendarSubscriptionJob  : External calendar subscriptions job finished.
2019-04-21 18:59:59.883 user:  INFO 6368 --- [scheduling-1] o.p.business.jobs.CronHourlyJob          : Hourly job started.
2019-04-21 18:59:59.884 user:  INFO 6368 --- [scheduling-1] o.p.business.jobs.CronHourlyJob          : Starting (re-)indexing of history entries of the last 24 hours.
2019-04-21 18:59:59.891 user:  INFO 6368 --- [scheduling-1] o.p.f.persistence.database.DatabaseDao   : Starting re-indexing of 41 entries (total number) of type org.projectforge.framework.persistence.history.entities.PfHistoryMasterDO with scrollMode=false...
2019-04-21 18:59:59.894 user:  INFO 6368 --- [scheduling-1] o.p.f.persistence.database.DatabaseDao   : Re-indexing of 0 objects of type org.projectforge.framework.persistence.history.entities.PfHistoryMasterDO done.
2019-04-21 18:59:59.896 user:  INFO 6368 --- [scheduling-1] o.p.business.jobs.CronHourlyJob          : Hourly job job finished.
2019-04-21 18:59:59.975 user:  INFO 6368 --- [scheduling-1] o.p.b.j.ExternalCalendarSubscriptionJob  : External calendar subscriptions job started.
2019-04-21 18:59:59.975 user:  INFO 6368 --- [scheduling-1] b.t.e.TeamEventExternalSubscriptionCache : Start updating TeamEventExternalSubscriptionCache.
2019-04-21 18:59:59.981 user:  INFO 6368 --- [scheduling-1] o.p.b.j.ExternalCalendarSubscriptionJob  : External calendar subscriptions job finished.
2019-04-21 19:14:59.978 user:  INFO 6368 --- [scheduling-1] o.p.b.j.ExternalCalendarSubscriptionJob  : External calendar subscriptions job started.
2019-04-21 19:14:59.979 user:  INFO 6368 --- [scheduling-1] b.t.e.TeamEventExternalSubscriptionCache : Start updating TeamEventExternalSubscriptionCache.
2019-04-21 19:14:59.984 user:  INFO 6368 --- [scheduling-1] o.p.b.j.ExternalCalendarSubscriptionJob  : External calendar subscriptions job finished.
2019-04-21 19:29:59.974 user:  INFO 6368 --- [scheduling-1] o.p.b.j.ExternalCalendarSubscriptionJob  : External calendar subscriptions job started.
2019-04-21 19:29:59.976 user:  INFO 6368 --- [scheduling-1] b.t.e.TeamEventExternalSubscriptionCache : Start updating TeamEventExternalSubscriptionCache.
2019-04-21 19:29:59.980 user:  INFO 6368 --- [scheduling-1] o.p.b.j.ExternalCalendarSubscriptionJob  : External calendar subscriptions job finished.
2019-04-21 19:44:59.975 user:  INFO 6368 --- [scheduling-1] o.p.b.j.ExternalCalendarSubscriptionJob  : External calendar subscriptions job started.
2019-04-21 19:44:59.976 user:  INFO 6368 --- [scheduling-1] b.t.e.TeamEventExternalSubscriptionCache : Start updating TeamEventExternalSubscriptionCache.
2019-04-21 19:44:59.983 user:  INFO 6368 --- [scheduling-1] o.p.b.j.ExternalCalendarSubscriptionJob  : External calendar subscriptions job finished.
2019-04-21 19:59:59.884 user:  INFO 6368 --- [scheduling-1] o.p.business.jobs.CronHourlyJob          : Hourly job started.
2019-04-21 19:59:59.885 user:  INFO 6368 --- [scheduling-1] o.p.business.jobs.CronHourlyJob          : Starting (re-)indexing of history entries of the last 24 hours.
2019-04-21 19:59:59.892 user:  INFO 6368 --- [scheduling-1] o.p.f.persistence.database.DatabaseDao   : Starting re-indexing of 41 entries (total number) of type org.projectforge.framework.persistence.history.entities.PfHistoryMasterDO with scrollMode=false...
2019-04-21 19:59:59.895 user:  INFO 6368 --- [scheduling-1] o.p.f.persistence.database.DatabaseDao   : Re-indexing of 0 objects of type org.projectforge.framework.persistence.history.entities.PfHistoryMasterDO done.
2019-04-21 19:59:59.896 user:  INFO 6368 --- [scheduling-1] o.p.business.jobs.CronHourlyJob          : Hourly job job finished.
2019-04-21 19:59:59.979 user:  INFO 6368 --- [scheduling-1] o.p.b.j.ExternalCalendarSubscriptionJob  : External calendar subscriptions job started.
2019-04-21 19:59:59.979 user:  INFO 6368 --- [scheduling-1] b.t.e.TeamEventExternalSubscriptionCache : Start updating TeamEventExternalSubscriptionCache.
2019-04-21 19:59:59.982 user:  INFO 6368 --- [scheduling-1] o.p.b.j.ExternalCalendarSubscriptionJob  : External calendar subscriptions job finished.
2019-04-21 20:14:59.976 user:  INFO 6368 --- [scheduling-1] o.p.b.j.ExternalCalendarSubscriptionJob  : External calendar subscriptions job started.
2019-04-21 20:14:59.977 user:  INFO 6368 --- [scheduling-1] b.t.e.TeamEventExternalSubscriptionCache : Start updating TeamEventExternalSubscriptionCache.
2019-04-21 20:14:59.983 user:  INFO 6368 --- [scheduling-1] o.p.b.j.ExternalCalendarSubscriptionJob  : External calendar subscriptions job finished.
2019-04-21 20:29:59.978 user:  INFO 6368 --- [scheduling-1] o.p.b.j.ExternalCalendarSubscriptionJob  : External calendar subscriptions job started.
2019-04-21 20:29:59.979 user:  INFO 6368 --- [scheduling-1] b.t.e.TeamEventExternalSubscriptionCache : Start updating TeamEventExternalSubscriptionCache.
2019-04-21 20:29:59.985 user:  INFO 6368 --- [scheduling-1] o.p.b.j.ExternalCalendarSubscriptionJob  : External calendar subscriptions job finished.
2019-04-21 20:44:59.979 user:  INFO 6368 --- [scheduling-1] o.p.b.j.ExternalCalendarSubscriptionJob  : External calendar subscriptions job started.
2019-04-21 20:44:59.980 user:  INFO 6368 --- [scheduling-1] b.t.e.TeamEventExternalSubscriptionCache : Start updating TeamEventExternalSubscriptionCache.
2019-04-21 20:44:59.985 user:  INFO 6368 --- [scheduling-1] o.p.b.j.ExternalCalendarSubscriptionJob  : External calendar subscriptions job finished.
2019-04-21 20:59:59.877 user:  INFO 6368 --- [scheduling-1] o.p.business.jobs.CronHourlyJob          : Hourly job started.
2019-04-21 20:59:59.877 user:  INFO 6368 --- [scheduling-1] o.p.business.jobs.CronHourlyJob          : Starting (re-)indexing of history entries of the last 24 hours.
2019-04-21 20:59:59.883 user:  INFO 6368 --- [scheduling-1] o.p.f.persistence.database.DatabaseDao   : Starting re-indexing of 41 entries (total number) of type org.projectforge.framework.persistence.history.entities.PfHistoryMasterDO with scrollMode=false...
2019-04-21 20:59:59.888 user:  INFO 6368 --- [scheduling-1] o.p.f.persistence.database.DatabaseDao   : Re-indexing of 0 objects of type org.projectforge.framework.persistence.history.entities.PfHistoryMasterDO done.
2019-04-21 20:59:59.889 user:  INFO 6368 --- [scheduling-1] o.p.business.jobs.CronHourlyJob          : Hourly job job finished.
2019-04-21 20:59:59.977 user:  INFO 6368 --- [scheduling-1] o.p.b.j.ExternalCalendarSubscriptionJob  : External calendar subscriptions job started.
2019-04-21 20:59:59.977 user:  INFO 6368 --- [scheduling-1] b.t.e.TeamEventExternalSubscriptionCache : Start updating TeamEventExternalSubscriptionCache.
2019-04-21 20:59:59.980 user:  INFO 6368 --- [scheduling-1] o.p.b.j.ExternalCalendarSubscriptionJob  : External calendar subscriptions job finished.
2019-04-21 21:14:59.969 user:  INFO 6368 --- [scheduling-1] o.p.b.j.ExternalCalendarSubscriptionJob  : External calendar subscriptions job started.
2019-04-21 21:14:59.969 user:  INFO 6368 --- [scheduling-1] b.t.e.TeamEventExternalSubscriptionCache : Start updating TeamEventExternalSubscriptionCache.
2019-04-21 21:14:59.974 user:  INFO 6368 --- [scheduling-1] o.p.b.j.ExternalCalendarSubscriptionJob  : External calendar subscriptions job finished.
2019-04-21 21:29:59.977 user:  INFO 6368 --- [scheduling-1] o.p.b.j.ExternalCalendarSubscriptionJob  : External calendar subscriptions job started.
2019-04-21 21:29:59.978 user:  INFO 6368 --- [scheduling-1] b.t.e.TeamEventExternalSubscriptionCache : Start updating TeamEventExternalSubscriptionCache.
2019-04-21 21:29:59.982 user:  INFO 6368 --- [scheduling-1] o.p.b.j.ExternalCalendarSubscriptionJob  : External calendar subscriptions job finished.
2019-04-21 21:44:59.969 user:  INFO 6368 --- [scheduling-1] o.p.b.j.ExternalCalendarSubscriptionJob  : External calendar subscriptions job started.
2019-04-21 21:44:59.970 user:  INFO 6368 --- [scheduling-1] b.t.e.TeamEventExternalSubscriptionCache : Start updating TeamEventExternalSubscriptionCache.
2019-04-21 21:44:59.976 user:  INFO 6368 --- [scheduling-1] o.p.b.j.ExternalCalendarSubscriptionJob  : External calendar subscriptions job finished.
2019-04-21 21:59:59.882 user:  INFO 6368 --- [scheduling-1] o.p.business.jobs.CronHourlyJob          : Hourly job started.
2019-04-21 21:59:59.883 user:  INFO 6368 --- [scheduling-1] o.p.business.jobs.CronHourlyJob          : Starting (re-)indexing of history entries of the last 24 hours.
2019-04-21 21:59:59.889 user:  INFO 6368 --- [scheduling-1] o.p.f.persistence.database.DatabaseDao   : Starting re-indexing of 41 entries (total number) of type org.projectforge.framework.persistence.history.entities.PfHistoryMasterDO with scrollMode=false...
2019-04-21 21:59:59.892 user:  INFO 6368 --- [scheduling-1] o.p.f.persistence.database.DatabaseDao   : Re-indexing of 0 objects of type org.projectforge.framework.persistence.history.entities.PfHistoryMasterDO done.
2019-04-21 21:59:59.893 user:  INFO 6368 --- [scheduling-1] o.p.business.jobs.CronHourlyJob          : Hourly job job finished.
2019-04-21 21:59:59.975 user:  INFO 6368 --- [scheduling-1] o.p.b.j.ExternalCalendarSubscriptionJob  : External calendar subscriptions job started.
2019-04-21 21:59:59.975 user:  INFO 6368 --- [scheduling-1] b.t.e.TeamEventExternalSubscriptionCache : Start updating TeamEventExternalSubscriptionCache.
2019-04-21 21:59:59.978 user:  INFO 6368 --- [scheduling-1] o.p.b.j.ExternalCalendarSubscriptionJob  : External calendar subscriptions job finished.
2019-04-21 22:14:59.968 user:  INFO 6368 --- [scheduling-1] o.p.b.j.ExternalCalendarSubscriptionJob  : External calendar subscriptions job started.
2019-04-21 22:14:59.970 user:  INFO 6368 --- [scheduling-1] b.t.e.TeamEventExternalSubscriptionCache : Start updating TeamEventExternalSubscriptionCache.
2019-04-21 22:14:59.979 user:  INFO 6368 --- [scheduling-1] o.p.b.j.ExternalCalendarSubscriptionJob  : External calendar subscriptions job finished.
2019-04-21 22:29:59.973 user:  INFO 6368 --- [scheduling-1] o.p.b.j.ExternalCalendarSubscriptionJob  : External calendar subscriptions job started.
2019-04-21 22:29:59.974 user:  INFO 6368 --- [scheduling-1] b.t.e.TeamEventExternalSubscriptionCache : Start updating TeamEventExternalSubscriptionCache.
2019-04-21 22:29:59.979 user:  INFO 6368 --- [scheduling-1] o.p.b.j.ExternalCalendarSubscriptionJob  : External calendar subscriptions job finished.
2019-04-21 22:44:59.976 user:  INFO 6368 --- [scheduling-1] o.p.b.j.ExternalCalendarSubscriptionJob  : External calendar subscriptions job started.
2019-04-21 22:44:59.978 user:  INFO 6368 --- [scheduling-1] b.t.e.TeamEventExternalSubscriptionCache : Start updating TeamEventExternalSubscriptionCache.
2019-04-21 22:44:59.983 user:  INFO 6368 --- [scheduling-1] o.p.b.j.ExternalCalendarSubscriptionJob  : External calendar subscriptions job finished.
2019-04-21 22:59:59.874 user:  INFO 6368 --- [scheduling-1] o.p.business.jobs.CronHourlyJob          : Hourly job started.
2019-04-21 22:59:59.875 user:  INFO 6368 --- [scheduling-1] o.p.business.jobs.CronHourlyJob          : Starting (re-)indexing of history entries of the last 24 hours.
2019-04-21 22:59:59.882 user:  INFO 6368 --- [scheduling-1] o.p.f.persistence.database.DatabaseDao   : Starting re-indexing of 41 entries (total number) of type org.projectforge.framework.persistence.history.entities.PfHistoryMasterDO with scrollMode=false...
2019-04-21 22:59:59.885 user:  INFO 6368 --- [scheduling-1] o.p.f.persistence.database.DatabaseDao   : Re-indexing of 0 objects of type org.projectforge.framework.persistence.history.entities.PfHistoryMasterDO done.
2019-04-21 22:59:59.887 user:  INFO 6368 --- [scheduling-1] o.p.business.jobs.CronHourlyJob          : Hourly job job finished.
2019-04-21 22:59:59.978 user:  INFO 6368 --- [scheduling-1] o.p.b.j.ExternalCalendarSubscriptionJob  : External calendar subscriptions job started.
2019-04-21 22:59:59.979 user:  INFO 6368 --- [scheduling-1] b.t.e.TeamEventExternalSubscriptionCache : Start updating TeamEventExternalSubscriptionCache.
2019-04-21 22:59:59.982 user:  INFO 6368 --- [scheduling-1] o.p.b.j.ExternalCalendarSubscriptionJob  : External calendar subscriptions job finished.
2019-04-21 23:14:59.976 user:  INFO 6368 --- [scheduling-1] o.p.b.j.ExternalCalendarSubscriptionJob  : External calendar subscriptions job started.
2019-04-21 23:14:59.977 user:  INFO 6368 --- [scheduling-1] b.t.e.TeamEventExternalSubscriptionCache : Start updating TeamEventExternalSubscriptionCache.
2019-04-21 23:14:59.982 user:  INFO 6368 --- [scheduling-1] o.p.b.j.ExternalCalendarSubscriptionJob  : External calendar subscriptions job finished.
2019-04-21 23:29:59.978 user:  INFO 6368 --- [scheduling-1] o.p.b.j.ExternalCalendarSubscriptionJob  : External calendar subscriptions job started.
2019-04-21 23:29:59.980 user:  INFO 6368 --- [scheduling-1] b.t.e.TeamEventExternalSubscriptionCache : Start updating TeamEventExternalSubscriptionCache.
2019-04-21 23:29:59.984 user:  INFO 6368 --- [scheduling-1] o.p.b.j.ExternalCalendarSubscriptionJob  : External calendar subscriptions job finished.
2019-04-21 23:44:59.977 user:  INFO 6368 --- [scheduling-1] o.p.b.j.ExternalCalendarSubscriptionJob  : External calendar subscriptions job started.
2019-04-21 23:44:59.981 user:  INFO 6368 --- [scheduling-1] b.t.e.TeamEventExternalSubscriptionCache : Start updating TeamEventExternalSubscriptionCache.
2019-04-21 23:44:59.988 user:  INFO 6368 --- [scheduling-1] o.p.b.j.ExternalCalendarSubscriptionJob  : External calendar subscriptions job finished.
2019-04-21 23:59:59.874 user:  INFO 6368 --- [scheduling-1] o.p.business.jobs.CronHourlyJob          : Hourly job started.
2019-04-21 23:59:59.875 user:  INFO 6368 --- [scheduling-1] o.p.business.jobs.CronHourlyJob          : Starting (re-)indexing of history entries of the last 24 hours.
2019-04-21 23:59:59.883 user:  INFO 6368 --- [scheduling-1] o.p.f.persistence.database.DatabaseDao   : Starting re-indexing of 41 entries (total number) of type org.projectforge.framework.persistence.history.entities.PfHistoryMasterDO with scrollMode=false...
2019-04-21 23:59:59.887 user:  INFO 6368 --- [scheduling-1] o.p.f.persistence.database.DatabaseDao   : Re-indexing of 0 objects of type org.projectforge.framework.persistence.history.entities.PfHistoryMasterDO done.
2019-04-21 23:59:59.888 user:  INFO 6368 --- [scheduling-1] o.p.business.jobs.CronHourlyJob          : Hourly job job finished.
2019-04-21 23:59:59.970 user:  INFO 6368 --- [scheduling-1] o.p.b.j.ExternalCalendarSubscriptionJob  : External calendar subscriptions job started.
2019-04-21 23:59:59.970 user:  INFO 6368 --- [scheduling-1] b.t.e.TeamEventExternalSubscriptionCache : Start updating TeamEventExternalSubscriptionCache.
2019-04-21 23:59:59.975 user:  INFO 6368 --- [scheduling-1] o.p.b.j.ExternalCalendarSubscriptionJob  : External calendar subscriptions job finished.
